<?xml version="1.0" encoding="UTF-8"?>
<robot generator="Robot 7.4.2 (Python 3.13.5 on darwin)" generated="2026-04-17T00:01:14.071420" rpa="false" schemaversion="5">
<suite id="s1" name="02 Analytics" source="/Users/sri/Documents/tennetctl/tests/e2e/audit/02_analytics.robot">
<kw name="Launch Analytics Suite" type="SETUP">
<kw name="Get Time" owner="BuiltIn">
<var>${ts}</var>
<arg>epoch</arg>
<doc>Returns the given time in the requested format.</doc>
<status status="NOT RUN" start="2026-04-17T00:01:14.170281" elapsed="0.000087"/>
</kw>
<kw name="Set Suite Variable" owner="BuiltIn">
<arg>${TS}</arg>
<arg>${ts}</arg>
<doc>Makes a variable available everywhere within the scope of the current suite.</doc>
<status status="NOT RUN" start="2026-04-17T00:01:14.170438" elapsed="0.000067"/>
</kw>
<kw name="Set Suite Variable" owner="BuiltIn">
<arg>${PREFIX}</arg>
<arg>e2e-analytics-${ts}</arg>
<doc>Makes a variable available everywhere within the scope of the current suite.</doc>
<status status="NOT RUN" start="2026-04-17T00:01:14.170548" elapsed="0.000059"/>
</kw>
<kw name="Set Suite Variable" owner="BuiltIn">
<arg>${TEST_EMAIL}</arg>
<arg>e2e-analytics-${ts}@tennetctl.test</arg>
<doc>Makes a variable available everywhere within the scope of the current suite.</doc>
<status status="NOT RUN" start="2026-04-17T00:01:14.170643" elapsed="0.000054"/>
</kw>
<kw name="API Create Audit User" owner="audit">
<kw name="Create Dictionary" owner="BuiltIn">
<var>${body}</var>
<arg>email=${email}</arg>
<arg>password=${password}</arg>
<arg>display_name=${display_name}</arg>
<doc>Creates and returns a dictionary based on the given ``items``.</doc>
<status status="NOT RUN" start="2026-04-17T00:01:14.170931" elapsed="0.000061"/>
</kw>
<kw name="Create Session" owner="RequestsLibrary">
<var>${session}</var>
<arg>backend</arg>
<arg>${BACKEND_URL}</arg>
<doc>Create Session: create a HTTP session to a server</doc>
<status status="NOT RUN" start="2026-04-17T00:01:14.171035" elapsed="0.000030"/>
</kw>
<kw name="POST On Session" owner="RequestsLibrary">
<var>${resp}</var>
<arg>backend</arg>
<arg>/v1/auth/signup</arg>
<arg>json=${body}</arg>
<arg>expected_status=201</arg>
<doc>Sends a POST request on a previously created HTTP Session.</doc>
<status status="NOT RUN" start="2026-04-17T00:01:14.171098" elapsed="0.000040"/>
</kw>
<return>
<value>${resp.json()['data']}</value>
<status status="PASS" start="2026-04-17T00:01:14.171159" elapsed="0.000022"/>
</return>
<var>${signup}</var>
<arg>${TEST_EMAIL}</arg>
<arg>${TEST_PASS}</arg>
<arg>Analytics E2E</arg>
<status status="PASS" start="2026-04-17T00:01:14.170754" elapsed="0.000447"/>
</kw>
<kw name="API Fetch Me" owner="audit">
<kw name="Create Dictionary" owner="BuiltIn">
<var>${headers}</var>
<arg>Cookie=tennetctl_session=${token}</arg>
<doc>Creates and returns a dictionary based on the given ``items``.</doc>
<status status="NOT RUN" start="2026-04-17T00:01:14.171301" elapsed="0.000056"/>
</kw>
<kw name="Create Session" owner="RequestsLibrary">
<var>${session}</var>
<arg>backend</arg>
<arg>${BACKEND_URL}</arg>
<doc>Create Session: create a HTTP session to a server</doc>
<status status="NOT RUN" start="2026-04-17T00:01:14.171393" elapsed="0.000028"/>
</kw>
<kw name="GET On Session" owner="RequestsLibrary">
<var>${resp}</var>
<arg>backend</arg>
<arg>/v1/auth/me</arg>
<arg>headers=${headers}</arg>
<arg>expected_status=200</arg>
<doc>Sends a GET request on a previously created HTTP Session.</doc>
<status status="NOT RUN" start="2026-04-17T00:01:14.171452" elapsed="0.000032"/>
</kw>
<return>
<value>${resp.json()['data']}</value>
<status status="PASS" start="2026-04-17T00:01:14.171503" elapsed="0.000016"/>
</return>
<var>${me}</var>
<arg>${signup['token']}</arg>
<status status="PASS" start="2026-04-17T00:01:14.171251" elapsed="0.000285"/>
</kw>
<kw name="Set Suite Variable" owner="BuiltIn">
<arg>${USER_ID}</arg>
<arg>${me['user']['id']}</arg>
<doc>Makes a variable available everywhere within the scope of the current suite.</doc>
<status status="NOT RUN" start="2026-04-17T00:01:14.171568" elapsed="0.000058"/>
</kw>
<kw name="Set Suite Variable" owner="BuiltIn">
<arg>${SESSION_ID}</arg>
<arg>${me['session']['id']}</arg>
<doc>Makes a variable available everywhere within the scope of the current suite.</doc>
<status status="NOT RUN" start="2026-04-17T00:01:14.171659" elapsed="0.000055"/>
</kw>
<kw name="Set Suite Variable" owner="BuiltIn">
<arg>${ORG_ID}</arg>
<arg>${me['session']['org_id']}</arg>
<doc>Makes a variable available everywhere within the scope of the current suite.</doc>
<status status="NOT RUN" start="2026-04-17T00:01:14.171748" elapsed="0.000055"/>
</kw>
<kw name="Evaluate" owner="BuiltIn">
<var>${ws_id}</var>
<arg>$me['session']['workspace_id'] or $me['session']['org_id']</arg>
<doc>Evaluates the given expression in Python and returns the result.</doc>
<status status="NOT RUN" start="2026-04-17T00:01:14.171835" elapsed="0.000067"/>
</kw>
<kw name="Set Suite Variable" owner="BuiltIn">
<arg>${WORKSPACE_ID}</arg>
<arg>${ws_id}</arg>
<doc>Makes a variable available everywhere within the scope of the current suite.</doc>
<status status="NOT RUN" start="2026-04-17T00:01:14.171936" elapsed="0.000055"/>
</kw>
<kw name="Seed Audit Events Into Org" owner="audit">
<kw name="Connect To Database" owner="DatabaseLibrary">
<arg>psycopg2</arg>
<arg>${DB_NAME}</arg>
<arg>${DB_USER}</arg>
<arg>${DB_PASS}</arg>
<arg>${DB_HOST}</arg>
<arg>${DB_PORT}</arg>
<doc>Creates a database connection using the DB API 2.0 ``db_module`` and the parameters provided.
Along with listed commonly used arguments (`db_name`, `db_host` etc.)
you can set any other DB module specific parameters as key/value pairs.</doc>
<status status="NOT RUN" start="2026-04-17T00:01:14.172089" elapsed="0.000045"/>
</kw>
<kw name="Catenate" owner="BuiltIn">
<var>${sql}</var>
<arg>SEPARATOR=\n</arg>
<arg>INSERT INTO "04_audit"."60_evt_audit"</arg>
<arg>(id, event_key, actor_user_id, actor_session_id, org_id, workspace_id, trace_id, span_id, audit_category, outcome, metadata)</arg>
<arg>SELECT</arg>
<arg>gen_random_uuid()::text,</arg>
<arg>CASE i % 3 WHEN 0 THEN '${prefix}.evt.alpha' WHEN 1 THEN '${prefix}.evt.beta' ELSE '${prefix}.evt.gamma' END,</arg>
<arg>'${user_id}', '${session_id}', '${org_id}',</arg>
<arg>COALESCE('${workspace_id}'::text, '${org_id}'),</arg>
<arg>gen_random_uuid()::text,</arg>
<arg>gen_random_uuid()::text,</arg>
<arg>'setup', CASE i % 4 WHEN 3 THEN 'failure' ELSE 'success' END,</arg>
<arg>jsonb_build_object('i', i, 'tag', '${prefix}')</arg>
<arg>FROM generate_series(0, 11) i;</arg>
<doc>Catenates the given items together and returns the resulted string.</doc>
<status status="NOT RUN" start="2026-04-17T00:01:14.172171" elapsed="0.000086"/>
</kw>
<kw name="Execute Sql String" owner="DatabaseLibrary">
<arg>${sql}</arg>
<doc>Executes the ``sql_string`` - as a single SQL command (default) or as separate statements.</doc>
<status status="NOT RUN" start="2026-04-17T00:01:14.172298" elapsed="0.000026"/>
</kw>
<kw name="Disconnect From Database" owner="DatabaseLibrary">
<doc>Disconnects from the database.</doc>
<status status="NOT RUN" start="2026-04-17T00:01:14.172353" elapsed="0.000020"/>
</kw>
<arg>${USER_ID}</arg>
<arg>${SESSION_ID}</arg>
<arg>${ORG_ID}</arg>
<arg>${WORKSPACE_ID}</arg>
<arg>${PREFIX}</arg>
<doc>Insert 12 demo audit events for the given user/org via raw SQL.
Uses category='setup' to bypass scope CHECK when workspace_id missing.
Generates 36-char UUID v7 ids via gen_random_uuid().</doc>
<status status="PASS" start="2026-04-17T00:01:14.172036" elapsed="0.000355"/>
</kw>
<kw name="New Browser" owner="Browser">
<arg>chromium</arg>
<arg>headless=True</arg>
<tag>BrowserControl</tag>
<tag>Setter</tag>
<doc>Create a new playwright Browser with specified options.</doc>
<status status="NOT RUN" start="2026-04-17T00:01:14.172428" elapsed="0.000116"/>
</kw>
<kw name="New Context" owner="Browser">
<tag>BrowserControl</tag>
<tag>Setter</tag>
<doc>Create a new BrowserContext with specified options.</doc>
<status status="NOT RUN" start="2026-04-17T00:01:14.172590" elapsed="0.000075"/>
</kw>
<kw name="New Page" owner="Browser">
<arg>about:blank</arg>
<tag>BrowserControl</tag>
<tag>Setter</tag>
<doc>Open a new Page.</doc>
<status status="NOT RUN" start="2026-04-17T00:01:14.172698" elapsed="0.000077"/>
</kw>
<kw name="Go To" owner="Browser">
<arg>${FRONTEND_URL}/auth/signin</arg>
<tag>BrowserControl</tag>
<tag>Setter</tag>
<doc>Navigates to the given ``url``.</doc>
<status status="NOT RUN" start="2026-04-17T00:01:14.172856" elapsed="0.000081"/>
</kw>
<kw name="Wait For Elements State" owner="Browser">
<arg>[data-testid="signin-form"]</arg>
<arg>visible</arg>
<arg>timeout=10s</arg>
<tag>PageContent</tag>
<tag>Wait</tag>
<doc>Waits for the element found by ``selector`` to satisfy state option.</doc>
<status status="NOT RUN" start="2026-04-17T00:01:14.172974" elapsed="0.000108"/>
</kw>
<kw name="Fill Text" owner="Browser">
<arg>[data-testid="signin-email"]</arg>
<arg>${TEST_EMAIL}</arg>
<tag>PageContent</tag>
<tag>Setter</tag>
<doc>Clears and fills the given ``txt`` into the text field found by ``selector``.</doc>
<status status="NOT RUN" start="2026-04-17T00:01:14.173120" elapsed="0.000098"/>
</kw>
<kw name="Fill Text" owner="Browser">
<arg>[data-testid="signin-password"]</arg>
<arg>${TEST_PASS}</arg>
<tag>PageContent</tag>
<tag>Setter</tag>
<doc>Clears and fills the given ``txt`` into the text field found by ``selector``.</doc>
<status status="NOT RUN" start="2026-04-17T00:01:14.173268" elapsed="0.000079"/>
</kw>
<kw name="Click" owner="Browser">
<arg>[data-testid="signin-submit"]</arg>
<tag>PageContent</tag>
<tag>Setter</tag>
<doc>Simulates mouse click on the element found by ``selector``.</doc>
<status status="NOT RUN" start="2026-04-17T00:01:14.173383" elapsed="0.000074"/>
</kw>
<kw name="Wait For Load State" owner="Browser">
<arg>networkidle</arg>
<tag>PageContent</tag>
<tag>Wait</tag>
<doc>Waits that the page reaches the required load state.</doc>
<status status="NOT RUN" start="2026-04-17T00:01:14.173492" elapsed="0.000072"/>
</kw>
<status status="PASS" start="2026-04-17T00:01:14.170001" elapsed="0.003581"/>
</kw>
<test id="s1-t1" name="Analytics Tab Renders All Panels" line="63">
<kw name="Open Analytics Tab" owner="audit">
<kw name="Go To" owner="Browser">
<arg>${FRONTEND_URL}/audit</arg>
<tag>BrowserControl</tag>
<tag>Setter</tag>
<doc>Navigates to the given ``url``.</doc>
<status status="NOT RUN" start="2026-04-17T00:01:14.173855" elapsed="0.000074"/>
</kw>
<kw name="Wait For Load State" owner="Browser">
<arg>networkidle</arg>
<arg>timeout=20s</arg>
<tag>PageContent</tag>
<tag>Wait</tag>
<doc>Waits that the page reaches the required load state.</doc>
<status status="NOT RUN" start="2026-04-17T00:01:14.173965" elapsed="0.000094"/>
</kw>
<kw name="Click" owner="Browser">
<arg>[data-testid="audit-tab-analytics"]</arg>
<tag>PageContent</tag>
<tag>Setter</tag>
<doc>Simulates mouse click on the element found by ``selector``.</doc>
<status status="NOT RUN" start="2026-04-17T00:01:14.174094" elapsed="0.000075"/>
</kw>
<kw name="Wait For Elements State" owner="Browser">
<arg>[data-testid="audit-funnel-builder"]</arg>
<arg>visible</arg>
<arg>timeout=10s</arg>
<tag>PageContent</tag>
<tag>Wait</tag>
<doc>Waits for the element found by ``selector`` to satisfy state option.</doc>
<status status="NOT RUN" start="2026-04-17T00:01:14.174205" elapsed="0.000089"/>
</kw>
<status status="PASS" start="2026-04-17T00:01:14.173776" elapsed="0.000538"/>
</kw>
<kw name="Wait For Elements State" owner="Browser">
<arg>[data-testid="audit-funnel-builder"]</arg>
<arg>visible</arg>
<arg>timeout=10s</arg>
<tag>PageContent</tag>
<tag>Wait</tag>
<doc>Waits for the element found by ``selector`` to satisfy state option.</doc>
<status status="NOT RUN" start="2026-04-17T00:01:14.174348" elapsed="0.000092"/>
</kw>
<kw name="Wait For Elements State" owner="Browser">
<arg>[data-testid="audit-retention-grid"]</arg>
<arg>visible</arg>
<arg>timeout=10s</arg>
<tag>PageContent</tag>
<tag>Wait</tag>
<doc>Waits for the element found by ``selector`` to satisfy state option.</doc>
<status status="NOT RUN" start="2026-04-17T00:01:14.174477" elapsed="0.000092"/>
</kw>
<kw name="Wait For Elements State" owner="Browser">
<arg>[data-testid="audit-saved-views-panel"]</arg>
<arg>visible</arg>
<arg>timeout=10s</arg>
<tag>PageContent</tag>
<tag>Wait</tag>
<doc>Waits for the element found by ``selector`` to satisfy state option.</doc>
<status status="NOT RUN" start="2026-04-17T00:01:14.174606" elapsed="0.000090"/>
</kw>
<msg time="2026-04-17T00:01:14.186401" level="INFO">Starting Browser process /Users/sri/Documents/tennetctl/.venv/lib/python3.13/site-packages/Browser/wrapper/index.js using at 127.0.0.1:51950</msg>
<doc>Navigate to the Analytics tab; verify funnel builder,
retention grid, and saved views panel all render.</doc>
<status status="PASS" start="2026-04-17T00:01:14.173604" elapsed="0.001131"/>
</test>
<test id="s1-t2" name="Funnel Returns Steps For Seeded Events" line="71">
<kw name="Run Funnel" owner="audit">
<kw name="Fill Text" owner="Browser">
<arg>[data-testid="audit-funnel-step-0"]</arg>
<arg>${step1}</arg>
<tag>PageContent</tag>
<tag>Setter</tag>
<doc>Clears and fills the given ``txt`` into the text field found by ``selector``.</doc>
<status status="NOT RUN" start="2026-04-17T00:01:15.423323" elapsed="0.000462"/>
</kw>
<kw name="Fill Text" owner="Browser">
<arg>[data-testid="audit-funnel-step-1"]</arg>
<arg>${step2}</arg>
<tag>PageContent</tag>
<tag>Setter</tag>
<doc>Clears and fills the given ``txt`` into the text field found by ``selector``.</doc>
<status status="NOT RUN" start="2026-04-17T00:01:15.423901" elapsed="0.000192"/>
</kw>
<kw name="Click" owner="Browser">
<arg>[data-testid="audit-funnel-run"]</arg>
<tag>PageContent</tag>
<tag>Setter</tag>
<doc>Simulates mouse click on the element found by ``selector``.</doc>
<status status="NOT RUN" start="2026-04-17T00:01:15.424182" elapsed="0.000167"/>
</kw>
<kw name="Wait For Elements State" owner="Browser">
<arg>[data-testid="audit-funnel-result"]</arg>
<arg>visible</arg>
<arg>timeout=15s</arg>
<tag>PageContent</tag>
<tag>Wait</tag>
<doc>Waits for the element found by ``selector`` to satisfy state option.</doc>
<status status="NOT RUN" start="2026-04-17T00:01:15.424441" elapsed="0.000269"/>
</kw>
<arg>${PREFIX}.evt.alpha</arg>
<arg>${PREFIX}.evt.beta</arg>
<status status="PASS" start="2026-04-17T00:01:15.422857" elapsed="0.001901"/>
</kw>
<kw name="Get Element Count" owner="Browser">
<var>${items}</var>
<arg>css=[data-testid="audit-funnel-result"] &gt; *</arg>
<tag>Assertion</tag>
<tag>Getter</tag>
<tag>PageContent</tag>
<doc>Returns the count of elements found with ``selector``.</doc>
<status status="NOT RUN" start="2026-04-17T00:01:15.424846" elapsed="0.000175"/>
</kw>
<kw name="Should Be True" owner="BuiltIn">
<arg>${items} &gt;= 2</arg>
<arg>Expected at least 2 funnel step rows; got ${items}</arg>
<doc>Fails if the given condition is not true.</doc>
<status status="NOT RUN" start="2026-04-17T00:01:15.425114" elapsed="0.000152"/>
</kw>
<doc>Run a 2-step funnel with the seeded event keys; verify
the result panel appears and both steps are listed.</doc>
<status status="PASS" start="2026-04-17T00:01:15.420493" elapsed="0.004858"/>
</test>
<test id="s1-t3" name="Saved View Create And Delete" line="78">
<kw name="Create Saved View" owner="audit">
<kw name="Click" owner="Browser">
<arg>[data-testid="audit-saved-views-new"]</arg>
<tag>PageContent</tag>
<tag>Setter</tag>
<doc>Simulates mouse click on the element found by ``selector``.</doc>
<status status="NOT RUN" start="2026-04-17T00:01:15.432947" elapsed="0.000220"/>
</kw>
<kw name="Wait For Elements State" owner="Browser">
<arg>[data-testid="audit-saved-views-name-input"]</arg>
<arg>visible</arg>
<arg>timeout=5s</arg>
<tag>PageContent</tag>
<tag>Wait</tag>
<doc>Waits for the element found by ``selector`` to satisfy state option.</doc>
<status status="NOT RUN" start="2026-04-17T00:01:15.433248" elapsed="0.000196"/>
</kw>
<kw name="Fill Text" owner="Browser">
<arg>[data-testid="audit-saved-views-name-input"]</arg>
<arg>${name}</arg>
<tag>PageContent</tag>
<tag>Setter</tag>
<doc>Clears and fills the given ``txt`` into the text field found by ``selector``.</doc>
<status status="NOT RUN" start="2026-04-17T00:01:15.433513" elapsed="0.000148"/>
</kw>
<kw name="Click" owner="Browser">
<arg>[data-testid="audit-saved-views-save"]</arg>
<tag>PageContent</tag>
<tag>Setter</tag>
<doc>Simulates mouse click on the element found by ``selector``.</doc>
<status status="NOT RUN" start="2026-04-17T00:01:15.433766" elapsed="0.000132"/>
</kw>
<kw name="Wait For Elements State" owner="Browser">
<arg>[data-testid="audit-saved-views-list"]</arg>
<arg>visible</arg>
<arg>timeout=10s</arg>
<tag>PageContent</tag>
<tag>Wait</tag>
<doc>Waits for the element found by ``selector`` to satisfy state option.</doc>
<status status="NOT RUN" start="2026-04-17T00:01:15.433966" elapsed="0.000177"/>
</kw>
<arg>My E2E Test View</arg>
<status status="PASS" start="2026-04-17T00:01:15.432765" elapsed="0.001420"/>
</kw>
<kw name="Get Element Count" owner="Browser">
<var>${count}</var>
<arg>css=[data-testid="audit-saved-views-list"] &gt; li</arg>
<tag>Assertion</tag>
<tag>Getter</tag>
<tag>PageContent</tag>
<doc>Returns the count of elements found with ``selector``.</doc>
<status status="NOT RUN" start="2026-04-17T00:01:15.434244" elapsed="0.000145"/>
</kw>
<kw name="Should Be True" owner="BuiltIn">
<arg>${count} &gt;= 1</arg>
<arg>Expected at least 1 saved view in list; got ${count}</arg>
<doc>Fails if the given condition is not true.</doc>
<status status="NOT RUN" start="2026-04-17T00:01:15.434454" elapsed="0.000112"/>
</kw>
<kw name="Get Elements" owner="Browser">
<var>${items}</var>
<arg>css=[data-testid^="audit-saved-views-delete-"]</arg>
<tag>Getter</tag>
<tag>PageContent</tag>
<doc>Returns a reference to Playwright [https://playwright.dev/docs/api/class-locator|Locator]
for all matched elements by ``selector``.</doc>
<status status="NOT RUN" start="2026-04-17T00:01:15.434629" elapsed="0.000131"/>
</kw>
<kw name="Click" owner="Browser">
<arg>${items}[0]</arg>
<tag>PageContent</tag>
<tag>Setter</tag>
<doc>Simulates mouse click on the element found by ``selector``.</doc>
<status status="NOT RUN" start="2026-04-17T00:01:15.434821" elapsed="0.000126"/>
</kw>
<kw name="Wait Until Keyword Succeeds" owner="BuiltIn">
<kw name="_Assert No Saved Views">
<kw name="Run Keyword And Return Status" owner="BuiltIn">
<kw name="Get Element" owner="Browser">
<arg>[data-testid="audit-saved-views-list"]</arg>
<tag>Getter</tag>
<tag>PageContent</tag>
<doc>Returns a reference to a Playwright [https://playwright.dev/docs/api/class-locator|Locator].</doc>
<status status="NOT RUN" start="2026-04-17T00:01:15.435560" elapsed="0.000145"/>
</kw>
<var>${vis}</var>
<arg>Get Element</arg>
<arg>[data-testid="audit-saved-views-list"]</arg>
<doc>Runs the specified keyword and returns the status as a Boolean value.</doc>
<status status="PASS" start="2026-04-17T00:01:15.435411" elapsed="0.000322"/>
</kw>
<if>
<branch type="IF" condition="${vis}">
<kw name="Get Element Count" owner="Browser">
<var>${count}</var>
<arg>css=[data-testid="audit-saved-views-list"] &gt; li</arg>
<tag>Assertion</tag>
<tag>Getter</tag>
<tag>PageContent</tag>
<doc>Returns the count of elements found with ``selector``.</doc>
<status status="NOT RUN" start="2026-04-17T00:01:15.435881" elapsed="0.000132"/>
</kw>
<kw name="Should Be Equal As Integers" owner="BuiltIn">
<arg>${count}</arg>
<arg>0</arg>
<doc>Fails if objects are unequal after converting them to integers.</doc>
<status status="NOT RUN" start="2026-04-17T00:01:15.436074" elapsed="0.000101"/>
</kw>
<status status="PASS" start="2026-04-17T00:01:15.435802" elapsed="0.000400"/>
</branch>
<status status="PASS" start="2026-04-17T00:01:15.435784" elapsed="0.000446"/>
</if>
<status status="PASS" start="2026-04-17T00:01:15.435261" elapsed="0.000989"/>
</kw>
<arg>10s</arg>
<arg>500ms</arg>
<arg>_Assert No Saved Views</arg>
<doc>Runs the specified keyword and retries if it fails.</doc>
<status status="PASS" start="2026-04-17T00:01:15.435014" elapsed="0.001253"/>
</kw>
<doc>Save current filter as a named view, verify it appears
in the list, then delete it and verify list is empty again.</doc>
<status status="PASS" start="2026-04-17T00:01:15.430786" elapsed="0.005536"/>
</test>
<test id="s1-t4" name="CSV Export Link Present" line="91">
<kw name="Go To" owner="Browser">
<arg>${FRONTEND_URL}/audit</arg>
<tag>BrowserControl</tag>
<tag>Setter</tag>
<doc>Navigates to the given ``url``.</doc>
<status status="NOT RUN" start="2026-04-17T00:01:15.440271" elapsed="0.000202"/>
</kw>
<kw name="Wait For Load State" owner="Browser">
<arg>networkidle</arg>
<arg>timeout=15s</arg>
<tag>PageContent</tag>
<tag>Wait</tag>
<doc>Waits that the page reaches the required load state.</doc>
<status status="NOT RUN" start="2026-04-17T00:01:15.440548" elapsed="0.000182"/>
</kw>
<kw name="Wait For Elements State" owner="Browser">
<arg>[data-testid="audit-export-csv"]</arg>
<arg>visible</arg>
<arg>timeout=10s</arg>
<tag>PageContent</tag>
<tag>Wait</tag>
<doc>Waits for the element found by ``selector`` to satisfy state option.</doc>
<status status="NOT RUN" start="2026-04-17T00:01:15.440794" elapsed="0.000164"/>
</kw>
<kw name="Get Attribute" owner="Browser">
<var>${href}</var>
<arg>[data-testid="audit-export-csv"]</arg>
<arg>href</arg>
<tag>Assertion</tag>
<tag>Getter</tag>
<tag>PageContent</tag>
<doc>Returns the HTML ``attribute`` of the element found by ``selector``.</doc>
<status status="NOT RUN" start="2026-04-17T00:01:15.441022" elapsed="0.000128"/>
</kw>
<kw name="Should Contain" owner="BuiltIn">
<arg>${href}</arg>
<arg>format=csv</arg>
<doc>Fails if ``container`` does not contain ``item`` one or more times.</doc>
<status status="NOT RUN" start="2026-04-17T00:01:15.441209" elapsed="0.000099"/>
</kw>
<doc>Verify the Export CSV link is rendered in the page header
and points to the backend CSV endpoint.</doc>
<status status="PASS" start="2026-04-17T00:01:15.439232" elapsed="0.002130"/>
</test>
<kw name="Teardown Analytics Suite" type="TEARDOWN">
<kw name="Cleanup Seeded Audit" owner="audit">
<kw name="Connect To Database" owner="DatabaseLibrary">
<arg>psycopg2</arg>
<arg>${DB_NAME}</arg>
<arg>${DB_USER}</arg>
<arg>${DB_PASS}</arg>
<arg>${DB_HOST}</arg>
<arg>${DB_PORT}</arg>
<doc>Creates a database connection using the DB API 2.0 ``db_module`` and the parameters provided.
Along with listed commonly used arguments (`db_name`, `db_host` etc.)
you can set any other DB module specific parameters as key/value pairs.</doc>
<status status="NOT RUN" start="2026-04-17T00:01:15.443678" elapsed="0.000078"/>
</kw>
<kw name="Execute Sql String" owner="DatabaseLibrary">
<arg>DELETE FROM "04_audit"."60_evt_audit" WHERE event_key LIKE '${prefix}.%' OR metadata-&gt;&gt;'tag' = '${prefix}';</arg>
<doc>Executes the ``sql_string`` - as a single SQL command (default) or as separate statements.</doc>
<status status="NOT RUN" start="2026-04-17T00:01:15.443823" elapsed="0.000058"/>
</kw>
<kw name="Disconnect From Database" owner="DatabaseLibrary">
<doc>Disconnects from the database.</doc>
<status status="NOT RUN" start="2026-04-17T00:01:15.443928" elapsed="0.000033"/>
</kw>
<arg>${PREFIX}</arg>
<status status="PASS" start="2026-04-17T00:01:15.443577" elapsed="0.000406"/>
</kw>
<kw name="Cleanup Seeded Audit" owner="audit">
<kw name="Connect To Database" owner="DatabaseLibrary">
<arg>psycopg2</arg>
<arg>${DB_NAME}</arg>
<arg>${DB_USER}</arg>
<arg>${DB_PASS}</arg>
<arg>${DB_HOST}</arg>
<arg>${DB_PORT}</arg>
<doc>Creates a database connection using the DB API 2.0 ``db_module`` and the parameters provided.
Along with listed commonly used arguments (`db_name`, `db_host` etc.)
you can set any other DB module specific parameters as key/value pairs.</doc>
<status status="NOT RUN" start="2026-04-17T00:01:15.444119" elapsed="0.000065"/>
</kw>
<kw name="Execute Sql String" owner="DatabaseLibrary">
<arg>DELETE FROM "04_audit"."60_evt_audit" WHERE event_key LIKE '${prefix}.%' OR metadata-&gt;&gt;'tag' = '${prefix}';</arg>
<doc>Executes the ``sql_string`` - as a single SQL command (default) or as separate statements.</doc>
<status status="NOT RUN" start="2026-04-17T00:01:15.444241" elapsed="0.000051"/>
</kw>
<kw name="Disconnect From Database" owner="DatabaseLibrary">
<doc>Disconnects from the database.</doc>
<status status="NOT RUN" start="2026-04-17T00:01:15.444338" elapsed="0.000031"/>
</kw>
<arg>e2e-analytics-${TS}</arg>
<status status="PASS" start="2026-04-17T00:01:15.444045" elapsed="0.000371"/>
</kw>
<kw name="Connect To Database" owner="DatabaseLibrary">
<arg>psycopg2</arg>
<arg>${DB_NAME}</arg>
<arg>${DB_USER}</arg>
<arg>${DB_PASS}</arg>
<arg>${DB_HOST}</arg>
<arg>${DB_PORT}</arg>
<doc>Creates a database connection using the DB API 2.0 ``db_module`` and the parameters provided.
Along with listed commonly used arguments (`db_name`, `db_host` etc.)
you can set any other DB module specific parameters as key/value pairs.</doc>
<status status="NOT RUN" start="2026-04-17T00:01:15.444465" elapsed="0.000061"/>
</kw>
<kw name="Execute Sql String" owner="DatabaseLibrary">
<arg>DELETE FROM "04_audit"."10_fct_audit_saved_views" WHERE org_id = '${ORG_ID}';</arg>
<doc>Executes the ``sql_string`` - as a single SQL command (default) or as separate statements.</doc>
<status status="NOT RUN" start="2026-04-17T00:01:15.444579" elapsed="0.000051"/>
</kw>
<kw name="Disconnect From Database" owner="DatabaseLibrary">
<doc>Disconnects from the database.</doc>
<status status="NOT RUN" start="2026-04-17T00:01:15.444673" elapsed="0.000030"/>
</kw>
<kw name="Close Browser" owner="Browser">
<arg>ALL</arg>
<tag>BrowserControl</tag>
<tag>Setter</tag>
<doc>Closes the current browser.</doc>
<status status="NOT RUN" start="2026-04-17T00:01:15.444748" elapsed="0.000191"/>
</kw>
<status status="PASS" start="2026-04-17T00:01:15.443439" elapsed="0.001533"/>
</kw>
<doc>Audit Analytics — funnel, retention, saved views, CSV export.
Shares the same seed pattern as 01_explorer.robot (12 events per
prefix, 3 event types: .evt.alpha / .evt.beta / .evt.gamma).
Each test case builds on the one before within the suite.</doc>
<status status="PASS" start="2026-04-17T00:01:14.071988" elapsed="1.373004"/>
</suite>
<statistics>
<total>
<stat pass="4" fail="0" skip="0">All Tests</stat>
</total>
<tag>
</tag>
<suite>
<stat name="02 Analytics" id="s1" pass="4" fail="0" skip="0">02 Analytics</stat>
</suite>
</statistics>
<errors>
</errors>
</robot>
