{"/Users/sri/Documents/Kreesalis/k-bio-main/packages/sdk-web/src/config/defaults.ts": {"path":"/Users/sri/Documents/Kreesalis/k-bio-main/packages/sdk-web/src/config/defaults.ts","all":false,"statementMap":{"0":{"start":{"line":1,"column":0},"end":{"line":1,"column":3}},"1":{"start":{"line":2,"column":0},"end":{"line":2,"column":63}},"2":{"start":{"line":3,"column":0},"end":{"line":3,"column":2}},"3":{"start":{"line":4,"column":0},"end":{"line":4,"column":35}},"4":{"start":{"line":5,"column":0},"end":{"line":5,"column":54}},"5":{"start":{"line":6,"column":0},"end":{"line":6,"column":60}},"6":{"start":{"line":7,"column":0},"end":{"line":7,"column":38}},"7":{"start":{"line":8,"column":0},"end":{"line":8,"column":3}},"8":{"start":{"line":9,"column":0},"end":{"line":9,"column":0}},"9":{"start":{"line":10,"column":0},"end":{"line":10,"column":84}},"10":{"start":{"line":11,"column":0},"end":{"line":11,"column":0}},"11":{"start":{"line":12,"column":0},"end":{"line":12,"column":78}},"12":{"start":{"line":13,"column":0},"end":{"line":13,"column":0}},"13":{"start":{"line":14,"column":0},"end":{"line":14,"column":84}},"14":{"start":{"line":15,"column":0},"end":{"line":15,"column":47}},"15":{"start":{"line":16,"column":0},"end":{"line":16,"column":0}},"16":{"start":{"line":17,"column":0},"end":{"line":17,"column":66}},"17":{"start":{"line":18,"column":0},"end":{"line":18,"column":52}},"18":{"start":{"line":19,"column":0},"end":{"line":19,"column":0}},"19":{"start":{"line":20,"column":0},"end":{"line":20,"column":75}},"20":{"start":{"line":21,"column":0},"end":{"line":21,"column":55}},"21":{"start":{"line":22,"column":0},"end":{"line":22,"column":0}},"22":{"start":{"line":23,"column":0},"end":{"line":23,"column":78}},"23":{"start":{"line":24,"column":0},"end":{"line":24,"column":0}},"24":{"start":{"line":25,"column":0},"end":{"line":25,"column":3}},"25":{"start":{"line":26,"column":0},"end":{"line":26,"column":74}},"26":{"start":{"line":27,"column":0},"end":{"line":27,"column":51}},"27":{"start":{"line":28,"column":0},"end":{"line":28,"column":68}},"28":{"start":{"line":29,"column":0},"end":{"line":29,"column":3}},"29":{"start":{"line":30,"column":0},"end":{"line":30,"column":42}},"30":{"start":{"line":31,"column":0},"end":{"line":31,"column":0}},"31":{"start":{"line":32,"column":0},"end":{"line":32,"column":74}},"32":{"start":{"line":33,"column":0},"end":{"line":33,"column":44}},"33":{"start":{"line":34,"column":0},"end":{"line":34,"column":0}},"34":{"start":{"line":35,"column":0},"end":{"line":35,"column":75}},"35":{"start":{"line":36,"column":0},"end":{"line":36,"column":40}},"36":{"start":{"line":37,"column":0},"end":{"line":37,"column":0}},"37":{"start":{"line":38,"column":0},"end":{"line":38,"column":78}},"38":{"start":{"line":39,"column":0},"end":{"line":39,"column":0}},"39":{"start":{"line":40,"column":0},"end":{"line":40,"column":86}},"40":{"start":{"line":41,"column":0},"end":{"line":41,"column":39}},"41":{"start":{"line":42,"column":0},"end":{"line":42,"column":0}},"42":{"start":{"line":43,"column":0},"end":{"line":43,"column":3}},"43":{"start":{"line":44,"column":0},"end":{"line":44,"column":55}},"44":{"start":{"line":45,"column":0},"end":{"line":45,"column":37}},"45":{"start":{"line":46,"column":0},"end":{"line":46,"column":3}},"46":{"start":{"line":47,"column":0},"end":{"line":47,"column":37}},"47":{"start":{"line":48,"column":0},"end":{"line":48,"column":0}},"48":{"start":{"line":49,"column":0},"end":{"line":49,"column":3}},"49":{"start":{"line":50,"column":0},"end":{"line":50,"column":61}},"50":{"start":{"line":51,"column":0},"end":{"line":51,"column":37}},"51":{"start":{"line":52,"column":0},"end":{"line":52,"column":3}},"52":{"start":{"line":53,"column":0},"end":{"line":53,"column":38}},"53":{"start":{"line":54,"column":0},"end":{"line":54,"column":0}},"54":{"start":{"line":55,"column":0},"end":{"line":55,"column":77}},"55":{"start":{"line":56,"column":0},"end":{"line":56,"column":0}},"56":{"start":{"line":57,"column":0},"end":{"line":57,"column":55}},"57":{"start":{"line":58,"column":0},"end":{"line":58,"column":47}},"58":{"start":{"line":59,"column":0},"end":{"line":59,"column":0}},"59":{"start":{"line":60,"column":0},"end":{"line":60,"column":74}},"60":{"start":{"line":61,"column":0},"end":{"line":61,"column":44}},"61":{"start":{"line":62,"column":0},"end":{"line":62,"column":0}},"62":{"start":{"line":63,"column":0},"end":{"line":63,"column":60}},"63":{"start":{"line":64,"column":0},"end":{"line":64,"column":48}},"64":{"start":{"line":65,"column":0},"end":{"line":65,"column":0}},"65":{"start":{"line":66,"column":0},"end":{"line":66,"column":59}},"66":{"start":{"line":67,"column":0},"end":{"line":67,"column":43}},"67":{"start":{"line":68,"column":0},"end":{"line":68,"column":0}},"68":{"start":{"line":69,"column":0},"end":{"line":69,"column":79}},"69":{"start":{"line":70,"column":0},"end":{"line":70,"column":49}},"70":{"start":{"line":71,"column":0},"end":{"line":71,"column":0}},"71":{"start":{"line":72,"column":0},"end":{"line":72,"column":78}},"72":{"start":{"line":73,"column":0},"end":{"line":73,"column":0}},"73":{"start":{"line":74,"column":0},"end":{"line":74,"column":71}},"74":{"start":{"line":75,"column":0},"end":{"line":75,"column":36}},"75":{"start":{"line":76,"column":0},"end":{"line":76,"column":0}},"76":{"start":{"line":77,"column":0},"end":{"line":77,"column":48}},"77":{"start":{"line":78,"column":0},"end":{"line":78,"column":35}},"78":{"start":{"line":79,"column":0},"end":{"line":79,"column":0}},"79":{"start":{"line":80,"column":0},"end":{"line":80,"column":78}},"80":{"start":{"line":81,"column":0},"end":{"line":81,"column":0}},"81":{"start":{"line":82,"column":0},"end":{"line":82,"column":58}},"82":{"start":{"line":83,"column":0},"end":{"line":83,"column":54}},"83":{"start":{"line":84,"column":0},"end":{"line":84,"column":0}},"84":{"start":{"line":85,"column":0},"end":{"line":85,"column":47}},"85":{"start":{"line":86,"column":0},"end":{"line":86,"column":55}},"86":{"start":{"line":87,"column":0},"end":{"line":87,"column":0}},"87":{"start":{"line":88,"column":0},"end":{"line":88,"column":78}},"88":{"start":{"line":89,"column":0},"end":{"line":89,"column":0}},"89":{"start":{"line":90,"column":0},"end":{"line":90,"column":3}},"90":{"start":{"line":91,"column":0},"end":{"line":91,"column":77}},"91":{"start":{"line":92,"column":0},"end":{"line":92,"column":31}},"92":{"start":{"line":93,"column":0},"end":{"line":93,"column":3}},"93":{"start":{"line":94,"column":0},"end":{"line":94,"column":72}},"94":{"start":{"line":95,"column":0},"end":{"line":95,"column":75}},"95":{"start":{"line":96,"column":0},"end":{"line":96,"column":75}},"96":{"start":{"line":97,"column":0},"end":{"line":97,"column":75}},"97":{"start":{"line":98,"column":0},"end":{"line":98,"column":75}},"98":{"start":{"line":99,"column":0},"end":{"line":99,"column":75}},"99":{"start":{"line":100,"column":0},"end":{"line":100,"column":75}},"100":{"start":{"line":101,"column":0},"end":{"line":101,"column":11}},"101":{"start":{"line":102,"column":0},"end":{"line":102,"column":0}},"102":{"start":{"line":103,"column":0},"end":{"line":103,"column":78}},"103":{"start":{"line":104,"column":0},"end":{"line":104,"column":0}},"104":{"start":{"line":105,"column":0},"end":{"line":105,"column":3}},"105":{"start":{"line":106,"column":0},"end":{"line":106,"column":39}},"106":{"start":{"line":107,"column":0},"end":{"line":107,"column":74}},"107":{"start":{"line":108,"column":0},"end":{"line":108,"column":3}},"108":{"start":{"line":109,"column":0},"end":{"line":109,"column":68}},"109":{"start":{"line":110,"column":0},"end":{"line":110,"column":104}},"110":{"start":{"line":111,"column":0},"end":{"line":111,"column":104}},"111":{"start":{"line":112,"column":0},"end":{"line":112,"column":133}},"112":{"start":{"line":113,"column":0},"end":{"line":113,"column":132}},"113":{"start":{"line":114,"column":0},"end":{"line":114,"column":104}},"114":{"start":{"line":115,"column":0},"end":{"line":115,"column":104}},"115":{"start":{"line":116,"column":0},"end":{"line":116,"column":11}},"116":{"start":{"line":117,"column":0},"end":{"line":117,"column":0}},"117":{"start":{"line":118,"column":0},"end":{"line":118,"column":78}},"118":{"start":{"line":119,"column":0},"end":{"line":119,"column":0}},"119":{"start":{"line":120,"column":0},"end":{"line":120,"column":3}},"120":{"start":{"line":121,"column":0},"end":{"line":121,"column":72}},"121":{"start":{"line":122,"column":0},"end":{"line":122,"column":73}},"122":{"start":{"line":123,"column":0},"end":{"line":123,"column":32}},"123":{"start":{"line":124,"column":0},"end":{"line":124,"column":3}},"124":{"start":{"line":125,"column":0},"end":{"line":125,"column":55}},"125":{"start":{"line":126,"column":0},"end":{"line":126,"column":23}},"126":{"start":{"line":127,"column":0},"end":{"line":127,"column":11}},"127":{"start":{"line":128,"column":0},"end":{"line":128,"column":0}},"128":{"start":{"line":129,"column":0},"end":{"line":129,"column":78}},"129":{"start":{"line":130,"column":0},"end":{"line":130,"column":0}},"130":{"start":{"line":131,"column":0},"end":{"line":131,"column":71}},"131":{"start":{"line":132,"column":0},"end":{"line":132,"column":86}},"132":{"start":{"line":133,"column":0},"end":{"line":133,"column":0}},"133":{"start":{"line":134,"column":0},"end":{"line":134,"column":71}},"134":{"start":{"line":135,"column":0},"end":{"line":135,"column":79}},"135":{"start":{"line":136,"column":0},"end":{"line":136,"column":0}},"136":{"start":{"line":137,"column":0},"end":{"line":137,"column":75}},"137":{"start":{"line":138,"column":0},"end":{"line":138,"column":83}}},"s":{"0":1,"1":1,"2":1,"3":1,"4":1,"5":1,"6":1,"7":1,"8":1,"9":1,"10":1,"11":1,"12":1,"13":1,"14":1,"15":1,"16":1,"17":1,"18":1,"19":1,"20":1,"21":1,"22":1,"23":1,"24":1,"25":1,"26":1,"27":1,"28":1,"29":1,"30":1,"31":1,"32":1,"33":1,"34":1,"35":1,"36":1,"37":1,"38":1,"39":1,"40":1,"41":1,"42":1,"43":1,"44":1,"45":1,"46":1,"47":1,"48":1,"49":1,"50":1,"51":1,"52":1,"53":1,"54":1,"55":1,"56":1,"57":1,"58":1,"59":1,"60":1,"61":1,"62":1,"63":1,"64":1,"65":1,"66":1,"67":1,"68":1,"69":1,"70":1,"71":1,"72":1,"73":1,"74":1,"75":1,"76":1,"77":1,"78":1,"79":1,"80":1,"81":1,"82":1,"83":1,"84":1,"85":1,"86":1,"87":1,"88":1,"89":1,"90":1,"91":1,"92":1,"93":1,"94":1,"95":1,"96":1,"97":1,"98":1,"99":1,"100":1,"101":1,"102":1,"103":1,"104":1,"105":1,"106":1,"107":1,"108":1,"109":1,"110":1,"111":1,"112":1,"113":1,"114":1,"115":1,"116":1,"117":1,"118":1,"119":1,"120":1,"121":1,"122":1,"123":1,"124":1,"125":1,"126":1,"127":1,"128":1,"129":1,"130":1,"131":1,"132":1,"133":1,"134":1,"135":1,"136":1,"137":1},"branchMap":{},"b":{},"fnMap":{},"f":{}}
,"/Users/sri/Documents/Kreesalis/k-bio-main/packages/sdk-web/src/config/resolve-config.ts": {"path":"/Users/sri/Documents/Kreesalis/k-bio-main/packages/sdk-web/src/config/resolve-config.ts","all":false,"statementMap":{"0":{"start":{"line":1,"column":0},"end":{"line":1,"column":3}},"1":{"start":{"line":2,"column":0},"end":{"line":2,"column":78}},"2":{"start":{"line":3,"column":0},"end":{"line":3,"column":73}},"3":{"start":{"line":4,"column":0},"end":{"line":4,"column":2}},"4":{"start":{"line":5,"column":0},"end":{"line":5,"column":68}},"5":{"start":{"line":6,"column":0},"end":{"line":6,"column":3}},"6":{"start":{"line":7,"column":0},"end":{"line":7,"column":0}},"7":{"start":{"line":8,"column":0},"end":{"line":8,"column":13}},"8":{"start":{"line":9,"column":0},"end":{"line":9,"column":17}},"9":{"start":{"line":10,"column":0},"end":{"line":10,"column":17}},"10":{"start":{"line":11,"column":0},"end":{"line":11,"column":37}},"11":{"start":{"line":12,"column":0},"end":{"line":12,"column":8}},"12":{"start":{"line":13,"column":0},"end":{"line":13,"column":15}},"13":{"start":{"line":14,"column":0},"end":{"line":14,"column":18}},"14":{"start":{"line":15,"column":0},"end":{"line":15,"column":28}},"15":{"start":{"line":16,"column":0},"end":{"line":16,"column":32}},"16":{"start":{"line":17,"column":0},"end":{"line":17,"column":26}},"17":{"start":{"line":18,"column":0},"end":{"line":18,"column":29}},"18":{"start":{"line":19,"column":0},"end":{"line":19,"column":27}},"19":{"start":{"line":20,"column":0},"end":{"line":20,"column":22}},"20":{"start":{"line":21,"column":0},"end":{"line":21,"column":23}},"21":{"start":{"line":22,"column":0},"end":{"line":22,"column":0}},"22":{"start":{"line":23,"column":0},"end":{"line":23,"column":3}},"23":{"start":{"line":24,"column":0},"end":{"line":24,"column":75}},"24":{"start":{"line":25,"column":0},"end":{"line":25,"column":56}},"25":{"start":{"line":26,"column":0},"end":{"line":26,"column":2}},"26":{"start":{"line":27,"column":0},"end":{"line":27,"column":9}},"27":{"start":{"line":28,"column":0},"end":{"line":28,"column":67}},"28":{"start":{"line":29,"column":0},"end":{"line":29,"column":68}},"29":{"start":{"line":30,"column":0},"end":{"line":30,"column":74}},"30":{"start":{"line":31,"column":0},"end":{"line":31,"column":3}},"31":{"start":{"line":32,"column":0},"end":{"line":32,"column":71}},"32":{"start":{"line":33,"column":0},"end":{"line":33,"column":43}},"33":{"start":{"line":34,"column":0},"end":{"line":34,"column":0}},"34":{"start":{"line":35,"column":0},"end":{"line":35,"column":80}},"35":{"start":{"line":36,"column":0},"end":{"line":36,"column":62}},"36":{"start":{"line":37,"column":0},"end":{"line":37,"column":23}},"37":{"start":{"line":38,"column":0},"end":{"line":38,"column":67}},"38":{"start":{"line":39,"column":0},"end":{"line":39,"column":44}},"39":{"start":{"line":40,"column":0},"end":{"line":40,"column":10}},"40":{"start":{"line":41,"column":0},"end":{"line":41,"column":51}},"41":{"start":{"line":42,"column":0},"end":{"line":42,"column":3}},"42":{"start":{"line":43,"column":0},"end":{"line":43,"column":0}},"43":{"start":{"line":44,"column":0},"end":{"line":44,"column":80}},"44":{"start":{"line":45,"column":0},"end":{"line":45,"column":19}},"45":{"start":{"line":46,"column":0},"end":{"line":46,"column":22}},"46":{"start":{"line":47,"column":0},"end":{"line":47,"column":72}},"47":{"start":{"line":48,"column":0},"end":{"line":48,"column":20}},"48":{"start":{"line":49,"column":0},"end":{"line":49,"column":68}},"49":{"start":{"line":50,"column":0},"end":{"line":50,"column":26}},"50":{"start":{"line":51,"column":0},"end":{"line":51,"column":80}},"51":{"start":{"line":52,"column":0},"end":{"line":52,"column":4}},"52":{"start":{"line":53,"column":0},"end":{"line":53,"column":0}},"53":{"start":{"line":54,"column":0},"end":{"line":54,"column":80}},"54":{"start":{"line":55,"column":0},"end":{"line":55,"column":19}},"55":{"start":{"line":56,"column":0},"end":{"line":56,"column":57}},"56":{"start":{"line":57,"column":0},"end":{"line":57,"column":50}},"57":{"start":{"line":58,"column":0},"end":{"line":58,"column":40}},"58":{"start":{"line":59,"column":0},"end":{"line":59,"column":0}},"59":{"start":{"line":60,"column":0},"end":{"line":60,"column":20}},"60":{"start":{"line":61,"column":0},"end":{"line":61,"column":59}},"61":{"start":{"line":62,"column":0},"end":{"line":62,"column":52}},"62":{"start":{"line":63,"column":0},"end":{"line":63,"column":33}},"63":{"start":{"line":64,"column":0},"end":{"line":64,"column":0}},"64":{"start":{"line":65,"column":0},"end":{"line":65,"column":80}},"65":{"start":{"line":66,"column":0},"end":{"line":66,"column":24}},"66":{"start":{"line":67,"column":0},"end":{"line":67,"column":55}},"67":{"start":{"line":68,"column":0},"end":{"line":68,"column":49}},"68":{"start":{"line":69,"column":0},"end":{"line":69,"column":11}},"69":{"start":{"line":70,"column":0},"end":{"line":70,"column":0}},"70":{"start":{"line":71,"column":0},"end":{"line":71,"column":80}},"71":{"start":{"line":72,"column":0},"end":{"line":72,"column":25}},"72":{"start":{"line":73,"column":0},"end":{"line":73,"column":53}},"73":{"start":{"line":74,"column":0},"end":{"line":74,"column":47}},"74":{"start":{"line":75,"column":0},"end":{"line":75,"column":38}},"75":{"start":{"line":76,"column":0},"end":{"line":76,"column":0}},"76":{"start":{"line":77,"column":0},"end":{"line":77,"column":10}},"77":{"start":{"line":78,"column":0},"end":{"line":78,"column":28}},"78":{"start":{"line":79,"column":0},"end":{"line":79,"column":55}},"79":{"start":{"line":80,"column":0},"end":{"line":80,"column":0}},"80":{"start":{"line":81,"column":0},"end":{"line":81,"column":16}},"81":{"start":{"line":82,"column":0},"end":{"line":82,"column":26}},"82":{"start":{"line":83,"column":0},"end":{"line":83,"column":15}},"83":{"start":{"line":84,"column":0},"end":{"line":84,"column":6}},"84":{"start":{"line":85,"column":0},"end":{"line":85,"column":0}},"85":{"start":{"line":86,"column":0},"end":{"line":86,"column":12}},"86":{"start":{"line":87,"column":0},"end":{"line":87,"column":0}},"87":{"start":{"line":88,"column":0},"end":{"line":88,"column":15}},"88":{"start":{"line":89,"column":0},"end":{"line":89,"column":17}},"89":{"start":{"line":90,"column":0},"end":{"line":90,"column":18}},"90":{"start":{"line":91,"column":0},"end":{"line":91,"column":32}},"91":{"start":{"line":92,"column":0},"end":{"line":92,"column":8}},"92":{"start":{"line":93,"column":0},"end":{"line":93,"column":6}},"93":{"start":{"line":94,"column":0},"end":{"line":94,"column":0}},"94":{"start":{"line":95,"column":0},"end":{"line":95,"column":16}},"95":{"start":{"line":96,"column":0},"end":{"line":96,"column":39}},"96":{"start":{"line":97,"column":0},"end":{"line":97,"column":6}},"97":{"start":{"line":98,"column":0},"end":{"line":98,"column":0}},"98":{"start":{"line":99,"column":0},"end":{"line":99,"column":23}},"99":{"start":{"line":100,"column":0},"end":{"line":100,"column":31}},"100":{"start":{"line":101,"column":0},"end":{"line":101,"column":6}},"101":{"start":{"line":102,"column":0},"end":{"line":102,"column":4}},"102":{"start":{"line":103,"column":0},"end":{"line":103,"column":1}}},"s":{"0":1,"1":1,"2":1,"3":1,"4":1,"5":1,"6":1,"7":1,"8":1,"9":1,"10":1,"11":1,"12":1,"13":1,"14":1,"15":1,"16":1,"17":1,"18":1,"19":1,"20":1,"21":1,"22":1,"23":1,"24":1,"25":1,"26":1,"27":1,"28":1,"29":1,"30":1,"31":1,"32":28,"33":28,"34":28,"35":28,"36":28,"37":28,"38":1,"39":28,"40":27,"41":27,"42":28,"43":28,"44":28,"45":28,"46":28,"47":28,"48":28,"49":28,"50":28,"51":28,"52":28,"53":28,"54":28,"55":28,"56":1,"57":27,"58":28,"59":28,"60":28,"61":2,"62":26,"63":28,"64":28,"65":28,"66":28,"67":3,"68":25,"69":28,"70":28,"71":28,"72":28,"73":2,"74":26,"75":28,"76":28,"77":28,"78":28,"79":28,"80":28,"81":28,"82":28,"83":28,"84":28,"85":28,"86":28,"87":28,"88":28,"89":28,"90":28,"91":28,"92":28,"93":28,"94":28,"95":28,"96":28,"97":28,"98":28,"99":28,"100":28,"101":28,"102":28},"branchMap":{"0":{"type":"branch","line":32,"loc":{"start":{"line":32,"column":7},"end":{"line":103,"column":1}},"locations":[{"start":{"line":32,"column":7},"end":{"line":103,"column":1}}]},"1":{"type":"branch","line":33,"loc":{"start":{"line":33,"column":27},"end":{"line":33,"column":43}},"locations":[{"start":{"line":33,"column":27},"end":{"line":33,"column":43}}]},"2":{"type":"branch","line":36,"loc":{"start":{"line":36,"column":34},"end":{"line":36,"column":53}},"locations":[{"start":{"line":36,"column":34},"end":{"line":36,"column":53}}]},"3":{"type":"branch","line":36,"loc":{"start":{"line":36,"column":45},"end":{"line":36,"column":62}},"locations":[{"start":{"line":36,"column":45},"end":{"line":36,"column":62}}]},"4":{"type":"branch","line":38,"loc":{"start":{"line":38,"column":24},"end":{"line":38,"column":66}},"locations":[{"start":{"line":38,"column":24},"end":{"line":38,"column":66}}]},"5":{"type":"branch","line":38,"loc":{"start":{"line":38,"column":66},"end":{"line":40,"column":9}},"locations":[{"start":{"line":38,"column":66},"end":{"line":40,"column":9}}]},"6":{"type":"branch","line":40,"loc":{"start":{"line":40,"column":2},"end":{"line":42,"column":3}},"locations":[{"start":{"line":40,"column":2},"end":{"line":42,"column":3}}]},"7":{"type":"branch","line":47,"loc":{"start":{"line":47,"column":16},"end":{"line":47,"column":46}},"locations":[{"start":{"line":47,"column":16},"end":{"line":47,"column":46}}]},"8":{"type":"branch","line":47,"loc":{"start":{"line":47,"column":25},"end":{"line":47,"column":72}},"locations":[{"start":{"line":47,"column":25},"end":{"line":47,"column":72}}]},"9":{"type":"branch","line":49,"loc":{"start":{"line":49,"column":16},"end":{"line":49,"column":44}},"locations":[{"start":{"line":49,"column":16},"end":{"line":49,"column":44}}]},"10":{"type":"branch","line":49,"loc":{"start":{"line":49,"column":25},"end":{"line":49,"column":68}},"locations":[{"start":{"line":49,"column":25},"end":{"line":49,"column":68}}]},"11":{"type":"branch","line":51,"loc":{"start":{"line":51,"column":16},"end":{"line":51,"column":50}},"locations":[{"start":{"line":51,"column":16},"end":{"line":51,"column":50}}]},"12":{"type":"branch","line":51,"loc":{"start":{"line":51,"column":25},"end":{"line":51,"column":80}},"locations":[{"start":{"line":51,"column":25},"end":{"line":51,"column":80}}]},"13":{"type":"branch","line":56,"loc":{"start":{"line":56,"column":14},"end":{"line":56,"column":48}},"locations":[{"start":{"line":56,"column":14},"end":{"line":56,"column":48}}]},"14":{"type":"branch","line":56,"loc":{"start":{"line":56,"column":48},"end":{"line":57,"column":50}},"locations":[{"start":{"line":56,"column":48},"end":{"line":57,"column":50}}]},"15":{"type":"branch","line":57,"loc":{"start":{"line":57,"column":49},"end":{"line":58,"column":40}},"locations":[{"start":{"line":57,"column":49},"end":{"line":58,"column":40}}]},"16":{"type":"branch","line":61,"loc":{"start":{"line":61,"column":14},"end":{"line":61,"column":50}},"locations":[{"start":{"line":61,"column":14},"end":{"line":61,"column":50}}]},"17":{"type":"branch","line":61,"loc":{"start":{"line":61,"column":50},"end":{"line":62,"column":52}},"locations":[{"start":{"line":61,"column":50},"end":{"line":62,"column":52}}]},"18":{"type":"branch","line":62,"loc":{"start":{"line":62,"column":51},"end":{"line":63,"column":33}},"locations":[{"start":{"line":62,"column":51},"end":{"line":63,"column":33}}]},"19":{"type":"branch","line":67,"loc":{"start":{"line":67,"column":14},"end":{"line":67,"column":46}},"locations":[{"start":{"line":67,"column":14},"end":{"line":67,"column":46}}]},"20":{"type":"branch","line":67,"loc":{"start":{"line":67,"column":46},"end":{"line":68,"column":49}},"locations":[{"start":{"line":67,"column":46},"end":{"line":68,"column":49}}]},"21":{"type":"branch","line":68,"loc":{"start":{"line":68,"column":48},"end":{"line":69,"column":11}},"locations":[{"start":{"line":68,"column":48},"end":{"line":69,"column":11}}]},"22":{"type":"branch","line":73,"loc":{"start":{"line":73,"column":14},"end":{"line":73,"column":44}},"locations":[{"start":{"line":73,"column":14},"end":{"line":73,"column":44}}]},"23":{"type":"branch","line":73,"loc":{"start":{"line":73,"column":44},"end":{"line":74,"column":47}},"locations":[{"start":{"line":73,"column":44},"end":{"line":74,"column":47}}]},"24":{"type":"branch","line":74,"loc":{"start":{"line":74,"column":46},"end":{"line":75,"column":38}},"locations":[{"start":{"line":74,"column":46},"end":{"line":75,"column":38}}]},"25":{"type":"branch","line":79,"loc":{"start":{"line":79,"column":27},"end":{"line":79,"column":55}},"locations":[{"start":{"line":79,"column":27},"end":{"line":79,"column":55}}]}},"b":{"0":[28],"1":[12],"2":[3],"3":[25],"4":[2],"5":[1],"6":[27],"7":[4],"8":[26],"9":[4],"10":[26],"11":[4],"12":[26],"13":[3],"14":[1],"15":[27],"16":[3],"17":[2],"18":[26],"19":[3],"20":[3],"21":[25],"22":[2],"23":[2],"24":[26],"25":[27]},"fnMap":{"0":{"name":"resolveConfig","decl":{"start":{"line":32,"column":7},"end":{"line":103,"column":1}},"loc":{"start":{"line":32,"column":7},"end":{"line":103,"column":1}},"line":32}},"f":{"0":28}}
,"/Users/sri/Documents/Kreesalis/k-bio-main/packages/sdk-web/src/runtime/main-thread-bridge.ts": {"path":"/Users/sri/Documents/Kreesalis/k-bio-main/packages/sdk-web/src/runtime/main-thread-bridge.ts","all":true,"statementMap":{"0":{"start":{"line":1,"column":0},"end":{"line":1,"column":3}},"1":{"start":{"line":2,"column":0},"end":{"line":2,"column":24}},"2":{"start":{"line":3,"column":0},"end":{"line":3,"column":2}},"3":{"start":{"line":4,"column":0},"end":{"line":4,"column":54}},"4":{"start":{"line":5,"column":0},"end":{"line":5,"column":2}},"5":{"start":{"line":6,"column":0},"end":{"line":6,"column":20}},"6":{"start":{"line":7,"column":0},"end":{"line":7,"column":71}},"7":{"start":{"line":8,"column":0},"end":{"line":8,"column":74}},"8":{"start":{"line":9,"column":0},"end":{"line":9,"column":59}},"9":{"start":{"line":10,"column":0},"end":{"line":10,"column":55}},"10":{"start":{"line":11,"column":0},"end":{"line":11,"column":72}},"11":{"start":{"line":12,"column":0},"end":{"line":12,"column":62}},"12":{"start":{"line":13,"column":0},"end":{"line":13,"column":73}},"13":{"start":{"line":14,"column":0},"end":{"line":14,"column":77}},"14":{"start":{"line":15,"column":0},"end":{"line":15,"column":2}},"15":{"start":{"line":16,"column":0},"end":{"line":16,"column":77}},"16":{"start":{"line":17,"column":0},"end":{"line":17,"column":2}},"17":{"start":{"line":18,"column":0},"end":{"line":18,"column":9}},"18":{"start":{"line":19,"column":0},"end":{"line":19,"column":49}},"19":{"start":{"line":20,"column":0},"end":{"line":20,"column":44}},"20":{"start":{"line":21,"column":0},"end":{"line":21,"column":35}},"21":{"start":{"line":22,"column":0},"end":{"line":22,"column":78}},"22":{"start":{"line":23,"column":0},"end":{"line":23,"column":59}},"23":{"start":{"line":24,"column":0},"end":{"line":24,"column":3}},"24":{"start":{"line":25,"column":0},"end":{"line":25,"column":0}},"25":{"start":{"line":26,"column":0},"end":{"line":26,"column":13}},"26":{"start":{"line":27,"column":0},"end":{"line":27,"column":17}},"27":{"start":{"line":28,"column":0},"end":{"line":28,"column":18}},"28":{"start":{"line":29,"column":0},"end":{"line":29,"column":18}},"29":{"start":{"line":30,"column":0},"end":{"line":30,"column":21}},"30":{"start":{"line":31,"column":0},"end":{"line":31,"column":15}},"31":{"start":{"line":32,"column":0},"end":{"line":32,"column":28}},"32":{"start":{"line":33,"column":0},"end":{"line":33,"column":65}},"33":{"start":{"line":34,"column":0},"end":{"line":34,"column":63}},"34":{"start":{"line":35,"column":0},"end":{"line":35,"column":0}},"35":{"start":{"line":36,"column":0},"end":{"line":36,"column":81}},"36":{"start":{"line":37,"column":0},"end":{"line":37,"column":0}},"37":{"start":{"line":38,"column":0},"end":{"line":38,"column":3}},"38":{"start":{"line":39,"column":0},"end":{"line":39,"column":69}},"39":{"start":{"line":40,"column":0},"end":{"line":40,"column":49}},"40":{"start":{"line":41,"column":0},"end":{"line":41,"column":3}},"41":{"start":{"line":42,"column":0},"end":{"line":42,"column":31}},"42":{"start":{"line":43,"column":0},"end":{"line":43,"column":11}},"43":{"start":{"line":44,"column":0},"end":{"line":44,"column":11}},"44":{"start":{"line":45,"column":0},"end":{"line":45,"column":21}},"45":{"start":{"line":46,"column":0},"end":{"line":46,"column":19}},"46":{"start":{"line":47,"column":0},"end":{"line":47,"column":17}},"47":{"start":{"line":48,"column":0},"end":{"line":48,"column":24}},"48":{"start":{"line":49,"column":0},"end":{"line":49,"column":0}},"49":{"start":{"line":50,"column":0},"end":{"line":50,"column":80}},"50":{"start":{"line":51,"column":0},"end":{"line":51,"column":0}},"51":{"start":{"line":52,"column":0},"end":{"line":52,"column":66}},"52":{"start":{"line":53,"column":0},"end":{"line":53,"column":32}},"53":{"start":{"line":54,"column":0},"end":{"line":54,"column":30}},"54":{"start":{"line":55,"column":0},"end":{"line":55,"column":36}},"55":{"start":{"line":56,"column":0},"end":{"line":56,"column":36}},"56":{"start":{"line":57,"column":0},"end":{"line":57,"column":31}},"57":{"start":{"line":58,"column":0},"end":{"line":58,"column":35}},"58":{"start":{"line":59,"column":0},"end":{"line":59,"column":33}},"59":{"start":{"line":60,"column":0},"end":{"line":60,"column":34}},"60":{"start":{"line":61,"column":0},"end":{"line":61,"column":35}},"61":{"start":{"line":62,"column":0},"end":{"line":62,"column":30}},"62":{"start":{"line":63,"column":0},"end":{"line":63,"column":0}},"63":{"start":{"line":64,"column":0},"end":{"line":64,"column":42}},"64":{"start":{"line":65,"column":0},"end":{"line":65,"column":44}},"65":{"start":{"line":66,"column":0},"end":{"line":66,"column":23}},"66":{"start":{"line":67,"column":0},"end":{"line":67,"column":20}},"67":{"start":{"line":68,"column":0},"end":{"line":68,"column":21}},"68":{"start":{"line":69,"column":0},"end":{"line":69,"column":23}},"69":{"start":{"line":70,"column":0},"end":{"line":70,"column":25}},"70":{"start":{"line":71,"column":0},"end":{"line":71,"column":19}},"71":{"start":{"line":72,"column":0},"end":{"line":72,"column":26}},"72":{"start":{"line":73,"column":0},"end":{"line":73,"column":26}},"73":{"start":{"line":74,"column":0},"end":{"line":74,"column":2}},"74":{"start":{"line":75,"column":0},"end":{"line":75,"column":0}},"75":{"start":{"line":76,"column":0},"end":{"line":76,"column":81}},"76":{"start":{"line":77,"column":0},"end":{"line":77,"column":0}},"77":{"start":{"line":78,"column":0},"end":{"line":78,"column":3}},"78":{"start":{"line":79,"column":0},"end":{"line":79,"column":58}},"79":{"start":{"line":80,"column":0},"end":{"line":80,"column":2}},"80":{"start":{"line":81,"column":0},"end":{"line":81,"column":9}},"81":{"start":{"line":82,"column":0},"end":{"line":82,"column":46}},"82":{"start":{"line":83,"column":0},"end":{"line":83,"column":60}},"83":{"start":{"line":84,"column":0},"end":{"line":84,"column":48}},"84":{"start":{"line":85,"column":0},"end":{"line":85,"column":52}},"85":{"start":{"line":86,"column":0},"end":{"line":86,"column":79}},"86":{"start":{"line":87,"column":0},"end":{"line":87,"column":31}},"87":{"start":{"line":88,"column":0},"end":{"line":88,"column":30}},"88":{"start":{"line":89,"column":0},"end":{"line":89,"column":24}},"89":{"start":{"line":90,"column":0},"end":{"line":90,"column":3}},"90":{"start":{"line":91,"column":0},"end":{"line":91,"column":43}},"91":{"start":{"line":92,"column":0},"end":{"line":92,"column":6}},"92":{"start":{"line":93,"column":0},"end":{"line":93,"column":66}},"93":{"start":{"line":94,"column":0},"end":{"line":94,"column":66}},"94":{"start":{"line":95,"column":0},"end":{"line":95,"column":66}},"95":{"start":{"line":96,"column":0},"end":{"line":96,"column":61}},"96":{"start":{"line":97,"column":0},"end":{"line":97,"column":17}},"97":{"start":{"line":98,"column":0},"end":{"line":98,"column":0}},"98":{"start":{"line":99,"column":0},"end":{"line":99,"column":6}},"99":{"start":{"line":100,"column":0},"end":{"line":100,"column":79}},"100":{"start":{"line":101,"column":0},"end":{"line":101,"column":79}},"101":{"start":{"line":102,"column":0},"end":{"line":102,"column":67}},"102":{"start":{"line":103,"column":0},"end":{"line":103,"column":51}},"103":{"start":{"line":104,"column":0},"end":{"line":104,"column":17}},"104":{"start":{"line":105,"column":0},"end":{"line":105,"column":0}},"105":{"start":{"line":106,"column":0},"end":{"line":106,"column":6}},"106":{"start":{"line":107,"column":0},"end":{"line":107,"column":79}},"107":{"start":{"line":108,"column":0},"end":{"line":108,"column":79}},"108":{"start":{"line":109,"column":0},"end":{"line":109,"column":63}},"109":{"start":{"line":110,"column":0},"end":{"line":110,"column":17}},"110":{"start":{"line":111,"column":0},"end":{"line":111,"column":0}},"111":{"start":{"line":112,"column":0},"end":{"line":112,"column":6}},"112":{"start":{"line":113,"column":0},"end":{"line":113,"column":79}},"113":{"start":{"line":114,"column":0},"end":{"line":114,"column":80}},"114":{"start":{"line":115,"column":0},"end":{"line":115,"column":41}},"115":{"start":{"line":116,"column":0},"end":{"line":116,"column":17}},"116":{"start":{"line":117,"column":0},"end":{"line":117,"column":0}},"117":{"start":{"line":118,"column":0},"end":{"line":118,"column":6}},"118":{"start":{"line":119,"column":0},"end":{"line":119,"column":67}},"119":{"start":{"line":120,"column":0},"end":{"line":120,"column":70}},"120":{"start":{"line":121,"column":0},"end":{"line":121,"column":56}},"121":{"start":{"line":122,"column":0},"end":{"line":122,"column":48}},"122":{"start":{"line":123,"column":0},"end":{"line":123,"column":47}},"123":{"start":{"line":124,"column":0},"end":{"line":124,"column":16}},"124":{"start":{"line":125,"column":0},"end":{"line":125,"column":0}},"125":{"start":{"line":126,"column":0},"end":{"line":126,"column":45}},"126":{"start":{"line":127,"column":0},"end":{"line":127,"column":0}},"127":{"start":{"line":128,"column":0},"end":{"line":128,"column":6}},"128":{"start":{"line":129,"column":0},"end":{"line":129,"column":71}},"129":{"start":{"line":130,"column":0},"end":{"line":130,"column":71}},"130":{"start":{"line":131,"column":0},"end":{"line":131,"column":71}},"131":{"start":{"line":132,"column":0},"end":{"line":132,"column":16}},"132":{"start":{"line":133,"column":0},"end":{"line":133,"column":0}},"133":{"start":{"line":134,"column":0},"end":{"line":134,"column":14}},"134":{"start":{"line":135,"column":0},"end":{"line":135,"column":1}},"135":{"start":{"line":136,"column":0},"end":{"line":136,"column":0}},"136":{"start":{"line":137,"column":0},"end":{"line":137,"column":3}},"137":{"start":{"line":138,"column":0},"end":{"line":138,"column":72}},"138":{"start":{"line":139,"column":0},"end":{"line":139,"column":50}},"139":{"start":{"line":140,"column":0},"end":{"line":140,"column":66}},"140":{"start":{"line":141,"column":0},"end":{"line":141,"column":3}},"141":{"start":{"line":142,"column":0},"end":{"line":142,"column":62}},"142":{"start":{"line":143,"column":0},"end":{"line":143,"column":77}},"143":{"start":{"line":144,"column":0},"end":{"line":144,"column":57}},"144":{"start":{"line":145,"column":0},"end":{"line":145,"column":39}},"145":{"start":{"line":146,"column":0},"end":{"line":146,"column":44}},"146":{"start":{"line":147,"column":0},"end":{"line":147,"column":30}},"147":{"start":{"line":148,"column":0},"end":{"line":148,"column":19}},"148":{"start":{"line":149,"column":0},"end":{"line":149,"column":18}},"149":{"start":{"line":150,"column":0},"end":{"line":150,"column":11}},"150":{"start":{"line":151,"column":0},"end":{"line":151,"column":10}},"151":{"start":{"line":152,"column":0},"end":{"line":152,"column":1}},"152":{"start":{"line":153,"column":0},"end":{"line":153,"column":0}},"153":{"start":{"line":154,"column":0},"end":{"line":154,"column":3}},"154":{"start":{"line":155,"column":0},"end":{"line":155,"column":47}},"155":{"start":{"line":156,"column":0},"end":{"line":156,"column":34}},"156":{"start":{"line":157,"column":0},"end":{"line":157,"column":28}},"157":{"start":{"line":158,"column":0},"end":{"line":158,"column":57}},"158":{"start":{"line":159,"column":0},"end":{"line":159,"column":3}},"159":{"start":{"line":160,"column":0},"end":{"line":160,"column":85}},"160":{"start":{"line":161,"column":0},"end":{"line":161,"column":34}},"161":{"start":{"line":162,"column":0},"end":{"line":162,"column":33}},"162":{"start":{"line":163,"column":0},"end":{"line":163,"column":31}},"163":{"start":{"line":164,"column":0},"end":{"line":164,"column":60}},"164":{"start":{"line":165,"column":0},"end":{"line":165,"column":48}},"165":{"start":{"line":166,"column":0},"end":{"line":166,"column":13}},"166":{"start":{"line":167,"column":0},"end":{"line":167,"column":1}},"167":{"start":{"line":168,"column":0},"end":{"line":168,"column":0}},"168":{"start":{"line":169,"column":0},"end":{"line":169,"column":3}},"169":{"start":{"line":170,"column":0},"end":{"line":170,"column":55}},"170":{"start":{"line":171,"column":0},"end":{"line":171,"column":38}},"171":{"start":{"line":172,"column":0},"end":{"line":172,"column":32}},"172":{"start":{"line":173,"column":0},"end":{"line":173,"column":31}},"173":{"start":{"line":174,"column":0},"end":{"line":174,"column":51}},"174":{"start":{"line":175,"column":0},"end":{"line":175,"column":51}},"175":{"start":{"line":176,"column":0},"end":{"line":176,"column":3}},"176":{"start":{"line":177,"column":0},"end":{"line":177,"column":27}},"177":{"start":{"line":178,"column":0},"end":{"line":178,"column":21}},"178":{"start":{"line":179,"column":0},"end":{"line":179,"column":20}},"179":{"start":{"line":180,"column":0},"end":{"line":180,"column":13}},"180":{"start":{"line":181,"column":0},"end":{"line":181,"column":13}},"181":{"start":{"line":182,"column":0},"end":{"line":182,"column":13}},"182":{"start":{"line":183,"column":0},"end":{"line":183,"column":16}},"183":{"start":{"line":184,"column":0},"end":{"line":184,"column":34}},"184":{"start":{"line":185,"column":0},"end":{"line":185,"column":33}},"185":{"start":{"line":186,"column":0},"end":{"line":186,"column":31}},"186":{"start":{"line":187,"column":0},"end":{"line":187,"column":30}},"187":{"start":{"line":188,"column":0},"end":{"line":188,"column":31}},"188":{"start":{"line":189,"column":0},"end":{"line":189,"column":32}},"189":{"start":{"line":190,"column":0},"end":{"line":190,"column":32}},"190":{"start":{"line":191,"column":0},"end":{"line":191,"column":13}},"191":{"start":{"line":192,"column":0},"end":{"line":192,"column":1}},"192":{"start":{"line":193,"column":0},"end":{"line":193,"column":0}},"193":{"start":{"line":194,"column":0},"end":{"line":194,"column":3}},"194":{"start":{"line":195,"column":0},"end":{"line":195,"column":54}},"195":{"start":{"line":196,"column":0},"end":{"line":196,"column":50}},"196":{"start":{"line":197,"column":0},"end":{"line":197,"column":34}},"197":{"start":{"line":198,"column":0},"end":{"line":198,"column":31}},"198":{"start":{"line":199,"column":0},"end":{"line":199,"column":67}},"199":{"start":{"line":200,"column":0},"end":{"line":200,"column":3}},"200":{"start":{"line":201,"column":0},"end":{"line":201,"column":52}},"201":{"start":{"line":202,"column":0},"end":{"line":202,"column":34}},"202":{"start":{"line":203,"column":0},"end":{"line":203,"column":33}},"203":{"start":{"line":204,"column":0},"end":{"line":204,"column":30}},"204":{"start":{"line":205,"column":0},"end":{"line":205,"column":22}},"205":{"start":{"line":206,"column":0},"end":{"line":206,"column":31}},"206":{"start":{"line":207,"column":0},"end":{"line":207,"column":13}},"207":{"start":{"line":208,"column":0},"end":{"line":208,"column":1}},"208":{"start":{"line":209,"column":0},"end":{"line":209,"column":0}},"209":{"start":{"line":210,"column":0},"end":{"line":210,"column":3}},"210":{"start":{"line":211,"column":0},"end":{"line":211,"column":54}},"211":{"start":{"line":212,"column":0},"end":{"line":212,"column":38}},"212":{"start":{"line":213,"column":0},"end":{"line":213,"column":60}},"213":{"start":{"line":214,"column":0},"end":{"line":214,"column":31}},"214":{"start":{"line":215,"column":0},"end":{"line":215,"column":54}},"215":{"start":{"line":216,"column":0},"end":{"line":216,"column":3}},"216":{"start":{"line":217,"column":0},"end":{"line":217,"column":112}},"217":{"start":{"line":218,"column":0},"end":{"line":218,"column":34}},"218":{"start":{"line":219,"column":0},"end":{"line":219,"column":33}},"219":{"start":{"line":220,"column":0},"end":{"line":220,"column":31}},"220":{"start":{"line":221,"column":0},"end":{"line":221,"column":46}},"221":{"start":{"line":222,"column":0},"end":{"line":222,"column":31}},"222":{"start":{"line":223,"column":0},"end":{"line":223,"column":41}},"223":{"start":{"line":224,"column":0},"end":{"line":224,"column":13}},"224":{"start":{"line":225,"column":0},"end":{"line":225,"column":1}},"225":{"start":{"line":226,"column":0},"end":{"line":226,"column":0}},"226":{"start":{"line":227,"column":0},"end":{"line":227,"column":3}},"227":{"start":{"line":228,"column":0},"end":{"line":228,"column":58}},"228":{"start":{"line":229,"column":0},"end":{"line":229,"column":50}},"229":{"start":{"line":230,"column":0},"end":{"line":230,"column":37}},"230":{"start":{"line":231,"column":0},"end":{"line":231,"column":31}},"231":{"start":{"line":232,"column":0},"end":{"line":232,"column":3}},"232":{"start":{"line":233,"column":0},"end":{"line":233,"column":73}},"233":{"start":{"line":234,"column":0},"end":{"line":234,"column":34}},"234":{"start":{"line":235,"column":0},"end":{"line":235,"column":33}},"235":{"start":{"line":236,"column":0},"end":{"line":236,"column":30}},"236":{"start":{"line":237,"column":0},"end":{"line":237,"column":36}},"237":{"start":{"line":238,"column":0},"end":{"line":238,"column":31}},"238":{"start":{"line":239,"column":0},"end":{"line":239,"column":13}},"239":{"start":{"line":240,"column":0},"end":{"line":240,"column":1}},"240":{"start":{"line":241,"column":0},"end":{"line":241,"column":0}},"241":{"start":{"line":242,"column":0},"end":{"line":242,"column":61}},"242":{"start":{"line":243,"column":0},"end":{"line":243,"column":34}},"243":{"start":{"line":244,"column":0},"end":{"line":244,"column":7}},"244":{"start":{"line":245,"column":0},"end":{"line":245,"column":29}},"245":{"start":{"line":246,"column":0},"end":{"line":246,"column":11}},"246":{"start":{"line":247,"column":0},"end":{"line":247,"column":14}},"247":{"start":{"line":248,"column":0},"end":{"line":248,"column":3}},"248":{"start":{"line":249,"column":0},"end":{"line":249,"column":1}},"249":{"start":{"line":250,"column":0},"end":{"line":250,"column":0}},"250":{"start":{"line":251,"column":0},"end":{"line":251,"column":64}},"251":{"start":{"line":252,"column":0},"end":{"line":252,"column":58}},"252":{"start":{"line":253,"column":0},"end":{"line":253,"column":7}},"253":{"start":{"line":254,"column":0},"end":{"line":254,"column":37}},"254":{"start":{"line":255,"column":0},"end":{"line":255,"column":11}},"255":{"start":{"line":256,"column":0},"end":{"line":256,"column":16}},"256":{"start":{"line":257,"column":0},"end":{"line":257,"column":3}},"257":{"start":{"line":258,"column":0},"end":{"line":258,"column":1}},"258":{"start":{"line":259,"column":0},"end":{"line":259,"column":0}},"259":{"start":{"line":260,"column":0},"end":{"line":260,"column":75}},"260":{"start":{"line":261,"column":0},"end":{"line":261,"column":64}},"261":{"start":{"line":262,"column":0},"end":{"line":262,"column":7}},"262":{"start":{"line":263,"column":0},"end":{"line":263,"column":37}},"263":{"start":{"line":264,"column":0},"end":{"line":264,"column":11}},"264":{"start":{"line":265,"column":0},"end":{"line":265,"column":77}},"265":{"start":{"line":266,"column":0},"end":{"line":266,"column":3}},"266":{"start":{"line":267,"column":0},"end":{"line":267,"column":1}},"267":{"start":{"line":268,"column":0},"end":{"line":268,"column":0}},"268":{"start":{"line":269,"column":0},"end":{"line":269,"column":41}},"269":{"start":{"line":270,"column":0},"end":{"line":270,"column":52}},"270":{"start":{"line":271,"column":0},"end":{"line":271,"column":7}},"271":{"start":{"line":272,"column":0},"end":{"line":272,"column":33}},"272":{"start":{"line":273,"column":0},"end":{"line":273,"column":11}},"273":{"start":{"line":274,"column":0},"end":{"line":274,"column":43}},"274":{"start":{"line":275,"column":0},"end":{"line":275,"column":3}},"275":{"start":{"line":276,"column":0},"end":{"line":276,"column":1}},"276":{"start":{"line":277,"column":0},"end":{"line":277,"column":0}},"277":{"start":{"line":278,"column":0},"end":{"line":278,"column":39}},"278":{"start":{"line":279,"column":0},"end":{"line":279,"column":66}},"279":{"start":{"line":280,"column":0},"end":{"line":280,"column":7}},"280":{"start":{"line":281,"column":0},"end":{"line":281,"column":39}},"281":{"start":{"line":282,"column":0},"end":{"line":282,"column":11}},"282":{"start":{"line":283,"column":0},"end":{"line":283,"column":14}},"283":{"start":{"line":284,"column":0},"end":{"line":284,"column":3}},"284":{"start":{"line":285,"column":0},"end":{"line":285,"column":1}},"285":{"start":{"line":286,"column":0},"end":{"line":286,"column":0}},"286":{"start":{"line":287,"column":0},"end":{"line":287,"column":43}},"287":{"start":{"line":288,"column":0},"end":{"line":288,"column":54}},"288":{"start":{"line":289,"column":0},"end":{"line":289,"column":7}},"289":{"start":{"line":290,"column":0},"end":{"line":290,"column":35}},"290":{"start":{"line":291,"column":0},"end":{"line":291,"column":11}},"291":{"start":{"line":292,"column":0},"end":{"line":292,"column":14}},"292":{"start":{"line":293,"column":0},"end":{"line":293,"column":3}},"293":{"start":{"line":294,"column":0},"end":{"line":294,"column":1}},"294":{"start":{"line":295,"column":0},"end":{"line":295,"column":0}},"295":{"start":{"line":296,"column":0},"end":{"line":296,"column":81}},"296":{"start":{"line":297,"column":0},"end":{"line":297,"column":0}},"297":{"start":{"line":298,"column":0},"end":{"line":298,"column":69}},"298":{"start":{"line":299,"column":0},"end":{"line":299,"column":38}},"299":{"start":{"line":300,"column":0},"end":{"line":300,"column":0}},"300":{"start":{"line":301,"column":0},"end":{"line":301,"column":81}},"301":{"start":{"line":302,"column":0},"end":{"line":302,"column":0}},"302":{"start":{"line":303,"column":0},"end":{"line":303,"column":3}},"303":{"start":{"line":304,"column":0},"end":{"line":304,"column":47}},"304":{"start":{"line":305,"column":0},"end":{"line":305,"column":2}},"305":{"start":{"line":306,"column":0},"end":{"line":306,"column":76}},"306":{"start":{"line":307,"column":0},"end":{"line":307,"column":74}},"307":{"start":{"line":308,"column":0},"end":{"line":308,"column":2}},"308":{"start":{"line":309,"column":0},"end":{"line":309,"column":74}},"309":{"start":{"line":310,"column":0},"end":{"line":310,"column":45}},"310":{"start":{"line":311,"column":0},"end":{"line":311,"column":3}},"311":{"start":{"line":312,"column":0},"end":{"line":312,"column":31}},"312":{"start":{"line":313,"column":0},"end":{"line":313,"column":39}},"313":{"start":{"line":314,"column":0},"end":{"line":314,"column":53}},"314":{"start":{"line":315,"column":0},"end":{"line":315,"column":57}},"315":{"start":{"line":316,"column":0},"end":{"line":316,"column":42}},"316":{"start":{"line":317,"column":0},"end":{"line":317,"column":94}},"317":{"start":{"line":318,"column":0},"end":{"line":318,"column":56}},"318":{"start":{"line":319,"column":0},"end":{"line":319,"column":50}},"319":{"start":{"line":320,"column":0},"end":{"line":320,"column":28}},"320":{"start":{"line":321,"column":0},"end":{"line":321,"column":0}},"321":{"start":{"line":322,"column":0},"end":{"line":322,"column":62}},"322":{"start":{"line":323,"column":0},"end":{"line":323,"column":52}},"323":{"start":{"line":324,"column":0},"end":{"line":324,"column":0}},"324":{"start":{"line":325,"column":0},"end":{"line":325,"column":60}},"325":{"start":{"line":326,"column":0},"end":{"line":326,"column":28}},"326":{"start":{"line":327,"column":0},"end":{"line":327,"column":0}},"327":{"start":{"line":328,"column":0},"end":{"line":328,"column":60}},"328":{"start":{"line":329,"column":0},"end":{"line":329,"column":30}},"329":{"start":{"line":330,"column":0},"end":{"line":330,"column":0}},"330":{"start":{"line":331,"column":0},"end":{"line":331,"column":65}},"331":{"start":{"line":332,"column":0},"end":{"line":332,"column":27}},"332":{"start":{"line":333,"column":0},"end":{"line":333,"column":27}},"333":{"start":{"line":334,"column":0},"end":{"line":334,"column":28}},"334":{"start":{"line":335,"column":0},"end":{"line":335,"column":0}},"335":{"start":{"line":336,"column":0},"end":{"line":336,"column":39}},"336":{"start":{"line":337,"column":0},"end":{"line":337,"column":25}},"337":{"start":{"line":338,"column":0},"end":{"line":338,"column":33}},"338":{"start":{"line":339,"column":0},"end":{"line":339,"column":40}},"339":{"start":{"line":340,"column":0},"end":{"line":340,"column":95}},"340":{"start":{"line":341,"column":0},"end":{"line":341,"column":6}},"341":{"start":{"line":342,"column":0},"end":{"line":342,"column":28}},"342":{"start":{"line":343,"column":0},"end":{"line":343,"column":38}},"343":{"start":{"line":344,"column":0},"end":{"line":344,"column":5}},"344":{"start":{"line":345,"column":0},"end":{"line":345,"column":3}},"345":{"start":{"line":346,"column":0},"end":{"line":346,"column":0}},"346":{"start":{"line":347,"column":0},"end":{"line":347,"column":81}},"347":{"start":{"line":348,"column":0},"end":{"line":348,"column":0}},"348":{"start":{"line":349,"column":0},"end":{"line":349,"column":5}},"349":{"start":{"line":350,"column":0},"end":{"line":350,"column":23}},"350":{"start":{"line":351,"column":0},"end":{"line":351,"column":4}},"351":{"start":{"line":352,"column":0},"end":{"line":352,"column":68}},"352":{"start":{"line":353,"column":0},"end":{"line":353,"column":66}},"353":{"start":{"line":354,"column":0},"end":{"line":354,"column":41}},"354":{"start":{"line":355,"column":0},"end":{"line":355,"column":49}},"355":{"start":{"line":356,"column":0},"end":{"line":356,"column":32}},"356":{"start":{"line":357,"column":0},"end":{"line":357,"column":48}},"357":{"start":{"line":358,"column":0},"end":{"line":358,"column":4}},"358":{"start":{"line":359,"column":0},"end":{"line":359,"column":66}},"359":{"start":{"line":360,"column":0},"end":{"line":360,"column":69}},"360":{"start":{"line":361,"column":0},"end":{"line":361,"column":5}},"361":{"start":{"line":362,"column":0},"end":{"line":362,"column":37}},"362":{"start":{"line":363,"column":0},"end":{"line":363,"column":31}},"363":{"start":{"line":364,"column":0},"end":{"line":364,"column":37}},"364":{"start":{"line":365,"column":0},"end":{"line":365,"column":0}},"365":{"start":{"line":366,"column":0},"end":{"line":366,"column":51}},"366":{"start":{"line":367,"column":0},"end":{"line":367,"column":19}},"367":{"start":{"line":368,"column":0},"end":{"line":368,"column":39}},"368":{"start":{"line":369,"column":0},"end":{"line":369,"column":5}},"369":{"start":{"line":370,"column":0},"end":{"line":370,"column":0}},"370":{"start":{"line":371,"column":0},"end":{"line":371,"column":31}},"371":{"start":{"line":372,"column":0},"end":{"line":372,"column":30}},"372":{"start":{"line":373,"column":0},"end":{"line":373,"column":36}},"373":{"start":{"line":374,"column":0},"end":{"line":374,"column":32}},"374":{"start":{"line":375,"column":0},"end":{"line":375,"column":3}},"375":{"start":{"line":376,"column":0},"end":{"line":376,"column":0}},"376":{"start":{"line":377,"column":0},"end":{"line":377,"column":5}},"377":{"start":{"line":378,"column":0},"end":{"line":378,"column":49}},"378":{"start":{"line":379,"column":0},"end":{"line":379,"column":45}},"379":{"start":{"line":380,"column":0},"end":{"line":380,"column":4}},"380":{"start":{"line":381,"column":0},"end":{"line":381,"column":51}},"381":{"start":{"line":382,"column":0},"end":{"line":382,"column":5}},"382":{"start":{"line":383,"column":0},"end":{"line":383,"column":44}},"383":{"start":{"line":384,"column":0},"end":{"line":384,"column":31}},"384":{"start":{"line":385,"column":0},"end":{"line":385,"column":0}},"385":{"start":{"line":386,"column":0},"end":{"line":386,"column":31}},"386":{"start":{"line":387,"column":0},"end":{"line":387,"column":11}},"387":{"start":{"line":388,"column":0},"end":{"line":388,"column":62}},"388":{"start":{"line":389,"column":0},"end":{"line":389,"column":39}},"389":{"start":{"line":390,"column":0},"end":{"line":390,"column":51}},"390":{"start":{"line":391,"column":0},"end":{"line":391,"column":16}},"391":{"start":{"line":392,"column":0},"end":{"line":392,"column":39}},"392":{"start":{"line":393,"column":0},"end":{"line":393,"column":9}},"393":{"start":{"line":394,"column":0},"end":{"line":394,"column":15}},"394":{"start":{"line":395,"column":0},"end":{"line":395,"column":71}},"395":{"start":{"line":396,"column":0},"end":{"line":396,"column":7}},"396":{"start":{"line":397,"column":0},"end":{"line":397,"column":40}},"397":{"start":{"line":398,"column":0},"end":{"line":398,"column":37}},"398":{"start":{"line":399,"column":0},"end":{"line":399,"column":5}},"399":{"start":{"line":400,"column":0},"end":{"line":400,"column":3}},"400":{"start":{"line":401,"column":0},"end":{"line":401,"column":0}},"401":{"start":{"line":402,"column":0},"end":{"line":402,"column":5}},"402":{"start":{"line":403,"column":0},"end":{"line":403,"column":40}},"403":{"start":{"line":404,"column":0},"end":{"line":404,"column":4}},"404":{"start":{"line":405,"column":0},"end":{"line":405,"column":48}},"405":{"start":{"line":406,"column":0},"end":{"line":406,"column":58}},"406":{"start":{"line":407,"column":0},"end":{"line":407,"column":43}},"407":{"start":{"line":408,"column":0},"end":{"line":408,"column":5}},"408":{"start":{"line":409,"column":0},"end":{"line":409,"column":73}},"409":{"start":{"line":410,"column":0},"end":{"line":410,"column":41}},"410":{"start":{"line":411,"column":0},"end":{"line":411,"column":14}},"411":{"start":{"line":412,"column":0},"end":{"line":412,"column":18}},"412":{"start":{"line":413,"column":0},"end":{"line":413,"column":39}},"413":{"start":{"line":414,"column":0},"end":{"line":414,"column":5}},"414":{"start":{"line":415,"column":0},"end":{"line":415,"column":20}},"415":{"start":{"line":416,"column":0},"end":{"line":416,"column":3}},"416":{"start":{"line":417,"column":0},"end":{"line":417,"column":0}},"417":{"start":{"line":418,"column":0},"end":{"line":418,"column":77}},"418":{"start":{"line":419,"column":0},"end":{"line":419,"column":47}},"419":{"start":{"line":420,"column":0},"end":{"line":420,"column":28}},"420":{"start":{"line":421,"column":0},"end":{"line":421,"column":3}},"421":{"start":{"line":422,"column":0},"end":{"line":422,"column":0}},"422":{"start":{"line":423,"column":0},"end":{"line":423,"column":71}},"423":{"start":{"line":424,"column":0},"end":{"line":424,"column":42}},"424":{"start":{"line":425,"column":0},"end":{"line":425,"column":28}},"425":{"start":{"line":426,"column":0},"end":{"line":426,"column":3}},"426":{"start":{"line":427,"column":0},"end":{"line":427,"column":0}},"427":{"start":{"line":428,"column":0},"end":{"line":428,"column":5}},"428":{"start":{"line":429,"column":0},"end":{"line":429,"column":74}},"429":{"start":{"line":430,"column":0},"end":{"line":430,"column":55}},"430":{"start":{"line":431,"column":0},"end":{"line":431,"column":5}},"431":{"start":{"line":432,"column":0},"end":{"line":432,"column":18}},"432":{"start":{"line":433,"column":0},"end":{"line":433,"column":42}},"433":{"start":{"line":434,"column":0},"end":{"line":434,"column":3}},"434":{"start":{"line":435,"column":0},"end":{"line":435,"column":0}},"435":{"start":{"line":436,"column":0},"end":{"line":436,"column":5}},"436":{"start":{"line":437,"column":0},"end":{"line":437,"column":27}},"437":{"start":{"line":438,"column":0},"end":{"line":438,"column":4}},"438":{"start":{"line":439,"column":0},"end":{"line":439,"column":61}},"439":{"start":{"line":440,"column":0},"end":{"line":440,"column":40}},"440":{"start":{"line":441,"column":0},"end":{"line":441,"column":31}},"441":{"start":{"line":442,"column":0},"end":{"line":442,"column":30}},"442":{"start":{"line":443,"column":0},"end":{"line":443,"column":4}},"443":{"start":{"line":444,"column":0},"end":{"line":444,"column":80}},"444":{"start":{"line":445,"column":0},"end":{"line":445,"column":5}},"445":{"start":{"line":446,"column":0},"end":{"line":446,"column":41}},"446":{"start":{"line":447,"column":0},"end":{"line":447,"column":31}},"447":{"start":{"line":448,"column":0},"end":{"line":448,"column":26}},"448":{"start":{"line":449,"column":0},"end":{"line":449,"column":0}},"449":{"start":{"line":450,"column":0},"end":{"line":450,"column":58}},"450":{"start":{"line":451,"column":0},"end":{"line":451,"column":0}},"451":{"start":{"line":452,"column":0},"end":{"line":452,"column":32}},"452":{"start":{"line":453,"column":0},"end":{"line":453,"column":43}},"453":{"start":{"line":454,"column":0},"end":{"line":454,"column":48}},"454":{"start":{"line":455,"column":0},"end":{"line":455,"column":5}},"455":{"start":{"line":456,"column":0},"end":{"line":456,"column":29}},"456":{"start":{"line":457,"column":0},"end":{"line":457,"column":0}},"457":{"start":{"line":458,"column":0},"end":{"line":458,"column":29}},"458":{"start":{"line":459,"column":0},"end":{"line":459,"column":64}},"459":{"start":{"line":460,"column":0},"end":{"line":460,"column":0}},"460":{"start":{"line":461,"column":0},"end":{"line":461,"column":24}},"461":{"start":{"line":462,"column":0},"end":{"line":462,"column":60}},"462":{"start":{"line":463,"column":0},"end":{"line":463,"column":23}},"463":{"start":{"line":464,"column":0},"end":{"line":464,"column":0}},"464":{"start":{"line":465,"column":0},"end":{"line":465,"column":26}},"465":{"start":{"line":466,"column":0},"end":{"line":466,"column":62}},"466":{"start":{"line":467,"column":0},"end":{"line":467,"column":25}},"467":{"start":{"line":468,"column":0},"end":{"line":468,"column":3}},"468":{"start":{"line":469,"column":0},"end":{"line":469,"column":0}},"469":{"start":{"line":470,"column":0},"end":{"line":470,"column":82}},"470":{"start":{"line":471,"column":0},"end":{"line":471,"column":0}},"471":{"start":{"line":472,"column":0},"end":{"line":472,"column":5}},"472":{"start":{"line":473,"column":0},"end":{"line":473,"column":43}},"473":{"start":{"line":474,"column":0},"end":{"line":474,"column":65}},"474":{"start":{"line":475,"column":0},"end":{"line":475,"column":5}},"475":{"start":{"line":476,"column":0},"end":{"line":476,"column":48}},"476":{"start":{"line":477,"column":0},"end":{"line":477,"column":9}},"477":{"start":{"line":478,"column":0},"end":{"line":478,"column":74}},"478":{"start":{"line":479,"column":0},"end":{"line":479,"column":44}},"479":{"start":{"line":480,"column":0},"end":{"line":480,"column":36}},"480":{"start":{"line":481,"column":0},"end":{"line":481,"column":77}},"481":{"start":{"line":482,"column":0},"end":{"line":482,"column":47}},"482":{"start":{"line":483,"column":0},"end":{"line":483,"column":31}},"483":{"start":{"line":484,"column":0},"end":{"line":484,"column":0}},"484":{"start":{"line":485,"column":0},"end":{"line":485,"column":73}},"485":{"start":{"line":486,"column":0},"end":{"line":486,"column":40}},"486":{"start":{"line":487,"column":0},"end":{"line":487,"column":8}},"487":{"start":{"line":488,"column":0},"end":{"line":488,"column":52}},"488":{"start":{"line":489,"column":0},"end":{"line":489,"column":38}},"489":{"start":{"line":490,"column":0},"end":{"line":490,"column":8}},"490":{"start":{"line":491,"column":0},"end":{"line":491,"column":0}},"491":{"start":{"line":492,"column":0},"end":{"line":492,"column":19}},"492":{"start":{"line":493,"column":0},"end":{"line":493,"column":31}},"493":{"start":{"line":494,"column":0},"end":{"line":494,"column":21}},"494":{"start":{"line":495,"column":0},"end":{"line":495,"column":28}},"495":{"start":{"line":496,"column":0},"end":{"line":496,"column":35}},"496":{"start":{"line":497,"column":0},"end":{"line":497,"column":0}},"497":{"start":{"line":498,"column":0},"end":{"line":498,"column":18}},"498":{"start":{"line":499,"column":0},"end":{"line":499,"column":13}},"499":{"start":{"line":500,"column":0},"end":{"line":500,"column":25}},"500":{"start":{"line":501,"column":0},"end":{"line":501,"column":19}},"501":{"start":{"line":502,"column":0},"end":{"line":502,"column":5}},"502":{"start":{"line":503,"column":0},"end":{"line":503,"column":3}},"503":{"start":{"line":504,"column":0},"end":{"line":504,"column":0}},"504":{"start":{"line":505,"column":0},"end":{"line":505,"column":5}},"505":{"start":{"line":506,"column":0},"end":{"line":506,"column":74}},"506":{"start":{"line":507,"column":0},"end":{"line":507,"column":45}},"507":{"start":{"line":508,"column":0},"end":{"line":508,"column":5}},"508":{"start":{"line":509,"column":0},"end":{"line":509,"column":75}},"509":{"start":{"line":510,"column":0},"end":{"line":510,"column":27}},"510":{"start":{"line":511,"column":0},"end":{"line":511,"column":0}},"511":{"start":{"line":512,"column":0},"end":{"line":512,"column":23}},"512":{"start":{"line":513,"column":0},"end":{"line":513,"column":27}},"513":{"start":{"line":514,"column":0},"end":{"line":514,"column":40}},"514":{"start":{"line":515,"column":0},"end":{"line":515,"column":49}},"515":{"start":{"line":516,"column":0},"end":{"line":516,"column":14}},"516":{"start":{"line":517,"column":0},"end":{"line":517,"column":7}},"517":{"start":{"line":518,"column":0},"end":{"line":518,"column":21}},"518":{"start":{"line":519,"column":0},"end":{"line":519,"column":47}},"519":{"start":{"line":520,"column":0},"end":{"line":520,"column":14}},"520":{"start":{"line":521,"column":0},"end":{"line":521,"column":7}},"521":{"start":{"line":522,"column":0},"end":{"line":522,"column":31}},"522":{"start":{"line":523,"column":0},"end":{"line":523,"column":93}},"523":{"start":{"line":524,"column":0},"end":{"line":524,"column":14}},"524":{"start":{"line":525,"column":0},"end":{"line":525,"column":7}},"525":{"start":{"line":526,"column":0},"end":{"line":526,"column":29}},"526":{"start":{"line":527,"column":0},"end":{"line":527,"column":93}},"527":{"start":{"line":528,"column":0},"end":{"line":528,"column":14}},"528":{"start":{"line":529,"column":0},"end":{"line":529,"column":7}},"529":{"start":{"line":530,"column":0},"end":{"line":530,"column":38}},"530":{"start":{"line":531,"column":0},"end":{"line":531,"column":59}},"531":{"start":{"line":532,"column":0},"end":{"line":532,"column":14}},"532":{"start":{"line":533,"column":0},"end":{"line":533,"column":7}},"533":{"start":{"line":534,"column":0},"end":{"line":534,"column":33}},"534":{"start":{"line":535,"column":0},"end":{"line":535,"column":77}},"535":{"start":{"line":536,"column":0},"end":{"line":536,"column":14}},"536":{"start":{"line":537,"column":0},"end":{"line":537,"column":7}},"537":{"start":{"line":538,"column":0},"end":{"line":538,"column":28}},"538":{"start":{"line":539,"column":0},"end":{"line":539,"column":37}},"539":{"start":{"line":540,"column":0},"end":{"line":540,"column":14}},"540":{"start":{"line":541,"column":0},"end":{"line":541,"column":7}},"541":{"start":{"line":542,"column":0},"end":{"line":542,"column":29}},"542":{"start":{"line":543,"column":0},"end":{"line":543,"column":65}},"543":{"start":{"line":544,"column":0},"end":{"line":544,"column":14}},"544":{"start":{"line":545,"column":0},"end":{"line":545,"column":7}},"545":{"start":{"line":546,"column":0},"end":{"line":546,"column":5}},"546":{"start":{"line":547,"column":0},"end":{"line":547,"column":3}},"547":{"start":{"line":548,"column":0},"end":{"line":548,"column":0}},"548":{"start":{"line":549,"column":0},"end":{"line":549,"column":5}},"549":{"start":{"line":550,"column":0},"end":{"line":550,"column":63}},"550":{"start":{"line":551,"column":0},"end":{"line":551,"column":81}},"551":{"start":{"line":552,"column":0},"end":{"line":552,"column":5}},"552":{"start":{"line":553,"column":0},"end":{"line":553,"column":101}},"553":{"start":{"line":554,"column":0},"end":{"line":554,"column":30}},"554":{"start":{"line":555,"column":0},"end":{"line":555,"column":27}},"555":{"start":{"line":556,"column":0},"end":{"line":556,"column":36}},"556":{"start":{"line":557,"column":0},"end":{"line":557,"column":14}},"557":{"start":{"line":558,"column":0},"end":{"line":558,"column":40}},"558":{"start":{"line":559,"column":0},"end":{"line":559,"column":7}},"559":{"start":{"line":560,"column":0},"end":{"line":560,"column":12}},"560":{"start":{"line":561,"column":0},"end":{"line":561,"column":27}},"561":{"start":{"line":562,"column":0},"end":{"line":562,"column":38}},"562":{"start":{"line":563,"column":0},"end":{"line":563,"column":14}},"563":{"start":{"line":564,"column":0},"end":{"line":564,"column":42}},"564":{"start":{"line":565,"column":0},"end":{"line":565,"column":7}},"565":{"start":{"line":566,"column":0},"end":{"line":566,"column":5}},"566":{"start":{"line":567,"column":0},"end":{"line":567,"column":3}},"567":{"start":{"line":568,"column":0},"end":{"line":568,"column":0}},"568":{"start":{"line":569,"column":0},"end":{"line":569,"column":5}},"569":{"start":{"line":570,"column":0},"end":{"line":570,"column":34}},"570":{"start":{"line":571,"column":0},"end":{"line":571,"column":76}},"571":{"start":{"line":572,"column":0},"end":{"line":572,"column":5}},"572":{"start":{"line":573,"column":0},"end":{"line":573,"column":55}},"573":{"start":{"line":574,"column":0},"end":{"line":574,"column":31}},"574":{"start":{"line":575,"column":0},"end":{"line":575,"column":0}},"575":{"start":{"line":576,"column":0},"end":{"line":576,"column":60}},"576":{"start":{"line":577,"column":0},"end":{"line":577,"column":23}},"577":{"start":{"line":578,"column":0},"end":{"line":578,"column":0}},"578":{"start":{"line":579,"column":0},"end":{"line":579,"column":61}},"579":{"start":{"line":580,"column":0},"end":{"line":580,"column":32}},"580":{"start":{"line":581,"column":0},"end":{"line":581,"column":24}},"581":{"start":{"line":582,"column":0},"end":{"line":582,"column":35}},"582":{"start":{"line":583,"column":0},"end":{"line":583,"column":62}},"583":{"start":{"line":584,"column":0},"end":{"line":584,"column":25}},"584":{"start":{"line":585,"column":0},"end":{"line":585,"column":48}},"585":{"start":{"line":586,"column":0},"end":{"line":586,"column":9}},"586":{"start":{"line":587,"column":0},"end":{"line":587,"column":15}},"587":{"start":{"line":588,"column":0},"end":{"line":588,"column":12}},"588":{"start":{"line":589,"column":0},"end":{"line":589,"column":44}},"589":{"start":{"line":590,"column":0},"end":{"line":590,"column":5}},"590":{"start":{"line":591,"column":0},"end":{"line":591,"column":3}},"591":{"start":{"line":592,"column":0},"end":{"line":592,"column":0}},"592":{"start":{"line":593,"column":0},"end":{"line":593,"column":82}},"593":{"start":{"line":594,"column":0},"end":{"line":594,"column":0}},"594":{"start":{"line":595,"column":0},"end":{"line":595,"column":5}},"595":{"start":{"line":596,"column":0},"end":{"line":596,"column":47}},"596":{"start":{"line":597,"column":0},"end":{"line":597,"column":79}},"597":{"start":{"line":598,"column":0},"end":{"line":598,"column":71}},"598":{"start":{"line":599,"column":0},"end":{"line":599,"column":5}},"599":{"start":{"line":600,"column":0},"end":{"line":600,"column":54}},"600":{"start":{"line":601,"column":0},"end":{"line":601,"column":31}},"601":{"start":{"line":602,"column":0},"end":{"line":602,"column":0}},"602":{"start":{"line":603,"column":0},"end":{"line":603,"column":9}},"603":{"start":{"line":604,"column":0},"end":{"line":604,"column":48}},"604":{"start":{"line":605,"column":0},"end":{"line":605,"column":46}},"605":{"start":{"line":606,"column":0},"end":{"line":606,"column":80}},"606":{"start":{"line":607,"column":0},"end":{"line":607,"column":7}},"607":{"start":{"line":608,"column":0},"end":{"line":608,"column":0}},"608":{"start":{"line":609,"column":0},"end":{"line":609,"column":45}},"609":{"start":{"line":610,"column":0},"end":{"line":610,"column":20}},"610":{"start":{"line":611,"column":0},"end":{"line":611,"column":35}},"611":{"start":{"line":612,"column":0},"end":{"line":612,"column":76}},"612":{"start":{"line":613,"column":0},"end":{"line":613,"column":83}},"613":{"start":{"line":614,"column":0},"end":{"line":614,"column":10}},"614":{"start":{"line":615,"column":0},"end":{"line":615,"column":8}},"615":{"start":{"line":616,"column":0},"end":{"line":616,"column":0}},"616":{"start":{"line":617,"column":0},"end":{"line":617,"column":33}},"617":{"start":{"line":618,"column":0},"end":{"line":618,"column":21}},"618":{"start":{"line":619,"column":0},"end":{"line":619,"column":28}},"619":{"start":{"line":620,"column":0},"end":{"line":620,"column":9}},"620":{"start":{"line":621,"column":0},"end":{"line":621,"column":13}},"621":{"start":{"line":622,"column":0},"end":{"line":622,"column":59}},"622":{"start":{"line":623,"column":0},"end":{"line":623,"column":5}},"623":{"start":{"line":624,"column":0},"end":{"line":624,"column":3}},"624":{"start":{"line":625,"column":0},"end":{"line":625,"column":0}},"625":{"start":{"line":626,"column":0},"end":{"line":626,"column":82}},"626":{"start":{"line":627,"column":0},"end":{"line":627,"column":0}},"627":{"start":{"line":628,"column":0},"end":{"line":628,"column":5}},"628":{"start":{"line":629,"column":0},"end":{"line":629,"column":46}},"629":{"start":{"line":630,"column":0},"end":{"line":630,"column":4}},"630":{"start":{"line":631,"column":0},"end":{"line":631,"column":72}},"631":{"start":{"line":632,"column":0},"end":{"line":632,"column":72}},"632":{"start":{"line":633,"column":0},"end":{"line":633,"column":4}},"633":{"start":{"line":634,"column":0},"end":{"line":634,"column":52}},"634":{"start":{"line":635,"column":0},"end":{"line":635,"column":4}},"635":{"start":{"line":636,"column":0},"end":{"line":636,"column":37}},"636":{"start":{"line":637,"column":0},"end":{"line":637,"column":78}},"637":{"start":{"line":638,"column":0},"end":{"line":638,"column":51}},"638":{"start":{"line":639,"column":0},"end":{"line":639,"column":5}},"639":{"start":{"line":640,"column":0},"end":{"line":640,"column":39}},"640":{"start":{"line":641,"column":0},"end":{"line":641,"column":81}},"641":{"start":{"line":642,"column":0},"end":{"line":642,"column":0}},"642":{"start":{"line":643,"column":0},"end":{"line":643,"column":43}},"643":{"start":{"line":644,"column":0},"end":{"line":644,"column":36}},"644":{"start":{"line":645,"column":0},"end":{"line":645,"column":35}},"645":{"start":{"line":646,"column":0},"end":{"line":646,"column":39}},"646":{"start":{"line":647,"column":0},"end":{"line":647,"column":53}},"647":{"start":{"line":648,"column":0},"end":{"line":648,"column":76}},"648":{"start":{"line":649,"column":0},"end":{"line":649,"column":6}},"649":{"start":{"line":650,"column":0},"end":{"line":650,"column":0}},"650":{"start":{"line":651,"column":0},"end":{"line":651,"column":41}},"651":{"start":{"line":652,"column":0},"end":{"line":652,"column":36}},"652":{"start":{"line":653,"column":0},"end":{"line":653,"column":35}},"653":{"start":{"line":654,"column":0},"end":{"line":654,"column":39}},"654":{"start":{"line":655,"column":0},"end":{"line":655,"column":53}},"655":{"start":{"line":656,"column":0},"end":{"line":656,"column":76}},"656":{"start":{"line":657,"column":0},"end":{"line":657,"column":6}},"657":{"start":{"line":658,"column":0},"end":{"line":658,"column":0}},"658":{"start":{"line":659,"column":0},"end":{"line":659,"column":81}},"659":{"start":{"line":660,"column":0},"end":{"line":660,"column":0}},"660":{"start":{"line":661,"column":0},"end":{"line":661,"column":50}},"661":{"start":{"line":662,"column":0},"end":{"line":662,"column":35}},"662":{"start":{"line":663,"column":0},"end":{"line":663,"column":35}},"663":{"start":{"line":664,"column":0},"end":{"line":664,"column":0}},"664":{"start":{"line":665,"column":0},"end":{"line":665,"column":81}},"665":{"start":{"line":666,"column":0},"end":{"line":666,"column":48}},"666":{"start":{"line":667,"column":0},"end":{"line":667,"column":48}},"667":{"start":{"line":668,"column":0},"end":{"line":668,"column":41}},"668":{"start":{"line":669,"column":0},"end":{"line":669,"column":38}},"669":{"start":{"line":670,"column":0},"end":{"line":670,"column":38}},"670":{"start":{"line":671,"column":0},"end":{"line":671,"column":0}},"671":{"start":{"line":672,"column":0},"end":{"line":672,"column":37}},"672":{"start":{"line":673,"column":0},"end":{"line":673,"column":37}},"673":{"start":{"line":674,"column":0},"end":{"line":674,"column":30}},"674":{"start":{"line":675,"column":0},"end":{"line":675,"column":0}},"675":{"start":{"line":676,"column":0},"end":{"line":676,"column":62}},"676":{"start":{"line":677,"column":0},"end":{"line":677,"column":76}},"677":{"start":{"line":678,"column":0},"end":{"line":678,"column":6}},"678":{"start":{"line":679,"column":0},"end":{"line":679,"column":57}},"679":{"start":{"line":680,"column":0},"end":{"line":680,"column":0}},"680":{"start":{"line":681,"column":0},"end":{"line":681,"column":47}},"681":{"start":{"line":682,"column":0},"end":{"line":682,"column":35}},"682":{"start":{"line":683,"column":0},"end":{"line":683,"column":35}},"683":{"start":{"line":684,"column":0},"end":{"line":684,"column":37}},"684":{"start":{"line":685,"column":0},"end":{"line":685,"column":37}},"685":{"start":{"line":686,"column":0},"end":{"line":686,"column":30}},"686":{"start":{"line":687,"column":0},"end":{"line":687,"column":60}},"687":{"start":{"line":688,"column":0},"end":{"line":688,"column":76}},"688":{"start":{"line":689,"column":0},"end":{"line":689,"column":6}},"689":{"start":{"line":690,"column":0},"end":{"line":690,"column":0}},"690":{"start":{"line":691,"column":0},"end":{"line":691,"column":81}},"691":{"start":{"line":692,"column":0},"end":{"line":692,"column":0}},"692":{"start":{"line":693,"column":0},"end":{"line":693,"column":46}},"693":{"start":{"line":694,"column":0},"end":{"line":694,"column":35}},"694":{"start":{"line":695,"column":0},"end":{"line":695,"column":39}},"695":{"start":{"line":696,"column":0},"end":{"line":696,"column":76}},"696":{"start":{"line":697,"column":0},"end":{"line":697,"column":6}},"697":{"start":{"line":698,"column":0},"end":{"line":698,"column":47}},"698":{"start":{"line":699,"column":0},"end":{"line":699,"column":0}},"699":{"start":{"line":700,"column":0},"end":{"line":700,"column":81}},"700":{"start":{"line":701,"column":0},"end":{"line":701,"column":0}},"701":{"start":{"line":702,"column":0},"end":{"line":702,"column":46}},"702":{"start":{"line":703,"column":0},"end":{"line":703,"column":33}},"703":{"start":{"line":704,"column":0},"end":{"line":704,"column":35}},"704":{"start":{"line":705,"column":0},"end":{"line":705,"column":113}},"705":{"start":{"line":706,"column":0},"end":{"line":706,"column":90}},"706":{"start":{"line":707,"column":0},"end":{"line":707,"column":12}},"707":{"start":{"line":708,"column":0},"end":{"line":708,"column":74}},"708":{"start":{"line":709,"column":0},"end":{"line":709,"column":76}},"709":{"start":{"line":710,"column":0},"end":{"line":710,"column":6}},"710":{"start":{"line":711,"column":0},"end":{"line":711,"column":0}},"711":{"start":{"line":712,"column":0},"end":{"line":712,"column":44}},"712":{"start":{"line":713,"column":0},"end":{"line":713,"column":33}},"713":{"start":{"line":714,"column":0},"end":{"line":714,"column":35}},"714":{"start":{"line":715,"column":0},"end":{"line":715,"column":78}},"715":{"start":{"line":716,"column":0},"end":{"line":716,"column":76}},"716":{"start":{"line":717,"column":0},"end":{"line":717,"column":6}},"717":{"start":{"line":718,"column":0},"end":{"line":718,"column":0}},"718":{"start":{"line":719,"column":0},"end":{"line":719,"column":48}},"719":{"start":{"line":720,"column":0},"end":{"line":720,"column":33}},"720":{"start":{"line":721,"column":0},"end":{"line":721,"column":35}},"721":{"start":{"line":722,"column":0},"end":{"line":722,"column":71}},"722":{"start":{"line":723,"column":0},"end":{"line":723,"column":76}},"723":{"start":{"line":724,"column":0},"end":{"line":724,"column":6}},"724":{"start":{"line":725,"column":0},"end":{"line":725,"column":53}},"725":{"start":{"line":726,"column":0},"end":{"line":726,"column":0}},"726":{"start":{"line":727,"column":0},"end":{"line":727,"column":81}},"727":{"start":{"line":728,"column":0},"end":{"line":728,"column":0}},"728":{"start":{"line":729,"column":0},"end":{"line":729,"column":42}},"729":{"start":{"line":730,"column":0},"end":{"line":730,"column":35}},"730":{"start":{"line":731,"column":0},"end":{"line":731,"column":48}},"731":{"start":{"line":732,"column":0},"end":{"line":732,"column":76}},"732":{"start":{"line":733,"column":0},"end":{"line":733,"column":6}},"733":{"start":{"line":734,"column":0},"end":{"line":734,"column":0}},"734":{"start":{"line":735,"column":0},"end":{"line":735,"column":41}},"735":{"start":{"line":736,"column":0},"end":{"line":736,"column":35}},"736":{"start":{"line":737,"column":0},"end":{"line":737,"column":49}},"737":{"start":{"line":738,"column":0},"end":{"line":738,"column":76}},"738":{"start":{"line":739,"column":0},"end":{"line":739,"column":6}},"739":{"start":{"line":740,"column":0},"end":{"line":740,"column":0}},"740":{"start":{"line":741,"column":0},"end":{"line":741,"column":81}},"741":{"start":{"line":742,"column":0},"end":{"line":742,"column":0}},"742":{"start":{"line":743,"column":0},"end":{"line":743,"column":44}},"743":{"start":{"line":744,"column":0},"end":{"line":744,"column":35}},"744":{"start":{"line":745,"column":0},"end":{"line":745,"column":30}},"745":{"start":{"line":746,"column":0},"end":{"line":746,"column":0}},"746":{"start":{"line":747,"column":0},"end":{"line":747,"column":51}},"747":{"start":{"line":748,"column":0},"end":{"line":748,"column":38}},"748":{"start":{"line":749,"column":0},"end":{"line":749,"column":72}},"749":{"start":{"line":750,"column":0},"end":{"line":750,"column":15}},"750":{"start":{"line":751,"column":0},"end":{"line":751,"column":61}},"751":{"start":{"line":752,"column":0},"end":{"line":752,"column":33}},"752":{"start":{"line":753,"column":0},"end":{"line":753,"column":47}},"753":{"start":{"line":754,"column":0},"end":{"line":754,"column":42}},"754":{"start":{"line":755,"column":0},"end":{"line":755,"column":17}},"755":{"start":{"line":756,"column":0},"end":{"line":756,"column":69}},"756":{"start":{"line":757,"column":0},"end":{"line":757,"column":13}},"757":{"start":{"line":758,"column":0},"end":{"line":758,"column":19}},"758":{"start":{"line":759,"column":0},"end":{"line":759,"column":43}},"759":{"start":{"line":760,"column":0},"end":{"line":760,"column":11}},"760":{"start":{"line":761,"column":0},"end":{"line":761,"column":9}},"761":{"start":{"line":762,"column":0},"end":{"line":762,"column":7}},"762":{"start":{"line":763,"column":0},"end":{"line":763,"column":0}},"763":{"start":{"line":764,"column":0},"end":{"line":764,"column":60}},"764":{"start":{"line":765,"column":0},"end":{"line":765,"column":76}},"765":{"start":{"line":766,"column":0},"end":{"line":766,"column":6}},"766":{"start":{"line":767,"column":0},"end":{"line":767,"column":0}},"767":{"start":{"line":768,"column":0},"end":{"line":768,"column":81}},"768":{"start":{"line":769,"column":0},"end":{"line":769,"column":0}},"769":{"start":{"line":770,"column":0},"end":{"line":770,"column":72}},"770":{"start":{"line":771,"column":0},"end":{"line":771,"column":68}},"771":{"start":{"line":772,"column":0},"end":{"line":772,"column":97}},"772":{"start":{"line":773,"column":0},"end":{"line":773,"column":80}},"773":{"start":{"line":774,"column":0},"end":{"line":774,"column":102}},"774":{"start":{"line":775,"column":0},"end":{"line":775,"column":78}},"775":{"start":{"line":776,"column":0},"end":{"line":776,"column":74}},"776":{"start":{"line":777,"column":0},"end":{"line":777,"column":93}},"777":{"start":{"line":778,"column":0},"end":{"line":778,"column":58}},"778":{"start":{"line":779,"column":0},"end":{"line":779,"column":83}},"779":{"start":{"line":780,"column":0},"end":{"line":780,"column":81}},"780":{"start":{"line":781,"column":0},"end":{"line":781,"column":71}},"781":{"start":{"line":782,"column":0},"end":{"line":782,"column":3}},"782":{"start":{"line":783,"column":0},"end":{"line":783,"column":0}},"783":{"start":{"line":784,"column":0},"end":{"line":784,"column":5}},"784":{"start":{"line":785,"column":0},"end":{"line":785,"column":77}},"785":{"start":{"line":786,"column":0},"end":{"line":786,"column":5}},"786":{"start":{"line":787,"column":0},"end":{"line":787,"column":22}},"787":{"start":{"line":788,"column":0},"end":{"line":788,"column":24}},"788":{"start":{"line":789,"column":0},"end":{"line":789,"column":17}},"789":{"start":{"line":790,"column":0},"end":{"line":790,"column":27}},"790":{"start":{"line":791,"column":0},"end":{"line":791,"column":37}},"791":{"start":{"line":792,"column":0},"end":{"line":792,"column":11}},"792":{"start":{"line":793,"column":0},"end":{"line":793,"column":9}},"793":{"start":{"line":794,"column":0},"end":{"line":794,"column":54}},"794":{"start":{"line":795,"column":0},"end":{"line":795,"column":32}},"795":{"start":{"line":796,"column":0},"end":{"line":796,"column":13}},"796":{"start":{"line":797,"column":0},"end
[...]
"line":11,"column":0},"end":{"line":11,"column":69}},"11":{"start":{"line":12,"column":0},"end":{"line":12,"column":72}},"12":{"start":{"line":13,"column":0},"end":{"line":13,"column":33}},"13":{"start":{"line":14,"column":0},"end":{"line":14,"column":75}},"14":{"start":{"line":15,"column":0},"end":{"line":15,"column":2}},"15":{"start":{"line":16,"column":0},"end":{"line":16,"column":33}},"16":{"start":{"line":17,"column":0},"end":{"line":17,"column":3}},"17":{"start":{"line":18,"column":0},"end":{"line":18,"column":0}},"18":{"start":{"line":19,"column":0},"end":{"line":19,"column":66}},"19":{"start":{"line":20,"column":0},"end":{"line":20,"column":0}},"20":{"start":{"line":21,"column":0},"end":{"line":21,"column":82}},"21":{"start":{"line":22,"column":0},"end":{"line":22,"column":0}},"22":{"start":{"line":23,"column":0},"end":{"line":23,"column":3}},"23":{"start":{"line":24,"column":0},"end":{"line":24,"column":62}},"24":{"start":{"line":25,"column":0},"end":{"line":25,"column":56}},"25":{"start":{"line":26,"column":0},"end":{"line":26,"column":3}},"26":{"start":{"line":27,"column":0},"end":{"line":27,"column":50}},"27":{"start":{"line":28,"column":0},"end":{"line":28,"column":13}},"28":{"start":{"line":29,"column":0},"end":{"line":29,"column":10}},"29":{"start":{"line":30,"column":0},"end":{"line":30,"column":10}},"30":{"start":{"line":31,"column":0},"end":{"line":31,"column":9}},"31":{"start":{"line":32,"column":0},"end":{"line":32,"column":10}},"32":{"start":{"line":33,"column":0},"end":{"line":33,"column":11}},"33":{"start":{"line":34,"column":0},"end":{"line":34,"column":0}},"34":{"start":{"line":35,"column":0},"end":{"line":35,"column":3}},"35":{"start":{"line":36,"column":0},"end":{"line":36,"column":45}},"36":{"start":{"line":37,"column":0},"end":{"line":37,"column":58}},"37":{"start":{"line":38,"column":0},"end":{"line":38,"column":3}},"38":{"start":{"line":39,"column":0},"end":{"line":39,"column":35}},"39":{"start":{"line":40,"column":0},"end":{"line":40,"column":0}},"40":{"start":{"line":41,"column":0},"end":{"line":41,"column":81}},"41":{"start":{"line":42,"column":0},"end":{"line":42,"column":0}},"42":{"start":{"line":43,"column":0},"end":{"line":43,"column":3}},"43":{"start":{"line":44,"column":0},"end":{"line":44,"column":65}},"44":{"start":{"line":45,"column":0},"end":{"line":45,"column":2}},"45":{"start":{"line":46,"column":0},"end":{"line":46,"column":59}},"46":{"start":{"line":47,"column":0},"end":{"line":47,"column":62}},"47":{"start":{"line":48,"column":0},"end":{"line":48,"column":2}},"48":{"start":{"line":49,"column":0},"end":{"line":49,"column":73}},"49":{"start":{"line":50,"column":0},"end":{"line":50,"column":77}},"50":{"start":{"line":51,"column":0},"end":{"line":51,"column":67}},"51":{"start":{"line":52,"column":0},"end":{"line":52,"column":3}},"52":{"start":{"line":53,"column":0},"end":{"line":53,"column":86}},"53":{"start":{"line":54,"column":0},"end":{"line":54,"column":0}},"54":{"start":{"line":55,"column":0},"end":{"line":55,"column":82}},"55":{"start":{"line":56,"column":0},"end":{"line":56,"column":0}},"56":{"start":{"line":57,"column":0},"end":{"line":57,"column":3}},"57":{"start":{"line":58,"column":0},"end":{"line":58,"column":51}},"58":{"start":{"line":59,"column":0},"end":{"line":59,"column":2}},"59":{"start":{"line":60,"column":0},"end":{"line":60,"column":35}},"60":{"start":{"line":61,"column":0},"end":{"line":61,"column":70}},"61":{"start":{"line":62,"column":0},"end":{"line":62,"column":65}},"62":{"start":{"line":63,"column":0},"end":{"line":63,"column":2}},"63":{"start":{"line":64,"column":0},"end":{"line":64,"column":74}},"64":{"start":{"line":65,"column":0},"end":{"line":65,"column":35}},"65":{"start":{"line":66,"column":0},"end":{"line":66,"column":3}},"66":{"start":{"line":67,"column":0},"end":{"line":67,"column":30}},"67":{"start":{"line":68,"column":0},"end":{"line":68,"column":42}},"68":{"start":{"line":69,"column":0},"end":{"line":69,"column":50}},"69":{"start":{"line":70,"column":0},"end":{"line":70,"column":0}},"70":{"start":{"line":71,"column":0},"end":{"line":71,"column":60}},"71":{"start":{"line":72,"column":0},"end":{"line":72,"column":36}},"72":{"start":{"line":73,"column":0},"end":{"line":73,"column":0}},"73":{"start":{"line":74,"column":0},"end":{"line":74,"column":66}},"74":{"start":{"line":75,"column":0},"end":{"line":75,"column":55}},"75":{"start":{"line":76,"column":0},"end":{"line":76,"column":0}},"76":{"start":{"line":77,"column":0},"end":{"line":77,"column":37}},"77":{"start":{"line":78,"column":0},"end":{"line":78,"column":70}},"78":{"start":{"line":79,"column":0},"end":{"line":79,"column":0}},"79":{"start":{"line":80,"column":0},"end":{"line":80,"column":71}},"80":{"start":{"line":81,"column":0},"end":{"line":81,"column":25}},"81":{"start":{"line":82,"column":0},"end":{"line":82,"column":27}},"82":{"start":{"line":83,"column":0},"end":{"line":83,"column":68}},"83":{"start":{"line":84,"column":0},"end":{"line":84,"column":50}},"84":{"start":{"line":85,"column":0},"end":{"line":85,"column":3}},"85":{"start":{"line":86,"column":0},"end":{"line":86,"column":0}},"86":{"start":{"line":87,"column":0},"end":{"line":87,"column":80}},"87":{"start":{"line":88,"column":0},"end":{"line":88,"column":0}},"88":{"start":{"line":89,"column":0},"end":{"line":89,"column":5}},"89":{"start":{"line":90,"column":0},"end":{"line":90,"column":42}},"90":{"start":{"line":91,"column":0},"end":{"line":91,"column":4}},"91":{"start":{"line":92,"column":0},"end":{"line":92,"column":79}},"92":{"start":{"line":93,"column":0},"end":{"line":93,"column":46}},"93":{"start":{"line":94,"column":0},"end":{"line":94,"column":42}},"94":{"start":{"line":95,"column":0},"end":{"line":95,"column":5}},"95":{"start":{"line":96,"column":0},"end":{"line":96,"column":17}},"96":{"start":{"line":97,"column":0},"end":{"line":97,"column":30}},"97":{"start":{"line":98,"column":0},"end":{"line":98,"column":0}},"98":{"start":{"line":99,"column":0},"end":{"line":99,"column":9}},"99":{"start":{"line":100,"column":0},"end":{"line":100,"column":59}},"100":{"start":{"line":101,"column":0},"end":{"line":101,"column":22}},"101":{"start":{"line":102,"column":0},"end":{"line":102,"column":22}},"102":{"start":{"line":103,"column":0},"end":{"line":103,"column":9}},"103":{"start":{"line":104,"column":0},"end":{"line":104,"column":13}},"104":{"start":{"line":105,"column":0},"end":{"line":105,"column":81}},"105":{"start":{"line":106,"column":0},"end":{"line":106,"column":5}},"106":{"start":{"line":107,"column":0},"end":{"line":107,"column":0}},"107":{"start":{"line":108,"column":0},"end":{"line":108,"column":54}},"108":{"start":{"line":109,"column":0},"end":{"line":109,"column":26}},"109":{"start":{"line":110,"column":0},"end":{"line":110,"column":0}},"110":{"start":{"line":111,"column":0},"end":{"line":111,"column":44}},"111":{"start":{"line":112,"column":0},"end":{"line":112,"column":28}},"112":{"start":{"line":113,"column":0},"end":{"line":113,"column":29}},"113":{"start":{"line":114,"column":0},"end":{"line":114,"column":3}},"114":{"start":{"line":115,"column":0},"end":{"line":115,"column":0}},"115":{"start":{"line":116,"column":0},"end":{"line":116,"column":5}},"116":{"start":{"line":117,"column":0},"end":{"line":117,"column":75}},"117":{"start":{"line":118,"column":0},"end":{"line":118,"column":68}},"118":{"start":{"line":119,"column":0},"end":{"line":119,"column":4}},"119":{"start":{"line":120,"column":0},"end":{"line":120,"column":42}},"120":{"start":{"line":121,"column":0},"end":{"line":121,"column":5}},"121":{"start":{"line":122,"column":0},"end":{"line":122,"column":41}},"122":{"start":{"line":123,"column":0},"end":{"line":123,"column":30}},"123":{"start":{"line":124,"column":0},"end":{"line":124,"column":26}},"124":{"start":{"line":125,"column":0},"end":{"line":125,"column":3}},"125":{"start":{"line":126,"column":0},"end":{"line":126,"column":0}},"126":{"start":{"line":127,"column":0},"end":{"line":127,"column":5}},"127":{"start":{"line":128,"column":0},"end":{"line":128,"column":36}},"128":{"start":{"line":129,"column":0},"end":{"line":129,"column":67}},"129":{"start":{"line":130,"column":0},"end":{"line":130,"column":5}},"130":{"start":{"line":131,"column":0},"end":{"line":131,"column":16}},"131":{"start":{"line":132,"column":0},"end":{"line":132,"column":9}},"132":{"start":{"line":133,"column":0},"end":{"line":133,"column":80}},"133":{"start":{"line":134,"column":0},"end":{"line":134,"column":13}},"134":{"start":{"line":135,"column":0},"end":{"line":135,"column":55}},"135":{"start":{"line":136,"column":0},"end":{"line":136,"column":5}},"136":{"start":{"line":137,"column":0},"end":{"line":137,"column":0}},"137":{"start":{"line":138,"column":0},"end":{"line":138,"column":38}},"138":{"start":{"line":139,"column":0},"end":{"line":139,"column":40}},"139":{"start":{"line":140,"column":0},"end":{"line":140,"column":32}},"140":{"start":{"line":141,"column":0},"end":{"line":141,"column":5}},"141":{"start":{"line":142,"column":0},"end":{"line":142,"column":3}},"142":{"start":{"line":143,"column":0},"end":{"line":143,"column":0}},"143":{"start":{"line":144,"column":0},"end":{"line":144,"column":80}},"144":{"start":{"line":145,"column":0},"end":{"line":145,"column":0}},"145":{"start":{"line":146,"column":0},"end":{"line":146,"column":5}},"146":{"start":{"line":147,"column":0},"end":{"line":147,"column":28}},"147":{"start":{"line":148,"column":0},"end":{"line":148,"column":72}},"148":{"start":{"line":149,"column":0},"end":{"line":149,"column":73}},"149":{"start":{"line":150,"column":0},"end":{"line":150,"column":5}},"150":{"start":{"line":151,"column":0},"end":{"line":151,"column":42}},"151":{"start":{"line":152,"column":0},"end":{"line":152,"column":30}},"152":{"start":{"line":153,"column":0},"end":{"line":153,"column":60}},"153":{"start":{"line":154,"column":0},"end":{"line":154,"column":0}},"154":{"start":{"line":155,"column":0},"end":{"line":155,"column":28}},"155":{"start":{"line":156,"column":0},"end":{"line":156,"column":43}},"156":{"start":{"line":157,"column":0},"end":{"line":157,"column":0}},"157":{"start":{"line":158,"column":0},"end":{"line":158,"column":72}},"158":{"start":{"line":159,"column":0},"end":{"line":159,"column":11}},"159":{"start":{"line":160,"column":0},"end":{"line":160,"column":71}},"160":{"start":{"line":161,"column":0},"end":{"line":161,"column":47}},"161":{"start":{"line":162,"column":0},"end":{"line":162,"column":66}},"162":{"start":{"line":163,"column":0},"end":{"line":163,"column":0}},"163":{"start":{"line":164,"column":0},"end":{"line":164,"column":56}},"164":{"start":{"line":165,"column":0},"end":{"line":165,"column":0}},"165":{"start":{"line":166,"column":0},"end":{"line":166,"column":31}},"166":{"start":{"line":167,"column":0},"end":{"line":167,"column":36}},"167":{"start":{"line":168,"column":0},"end":{"line":168,"column":69}},"168":{"start":{"line":169,"column":0},"end":{"line":169,"column":15}},"169":{"start":{"line":170,"column":0},"end":{"line":170,"column":62}},"170":{"start":{"line":171,"column":0},"end":{"line":171,"column":7}},"171":{"start":{"line":172,"column":0},"end":{"line":172,"column":5}},"172":{"start":{"line":173,"column":0},"end":{"line":173,"column":3}},"173":{"start":{"line":174,"column":0},"end":{"line":174,"column":0}},"174":{"start":{"line":175,"column":0},"end":{"line":175,"column":5}},"175":{"start":{"line":176,"column":0},"end":{"line":176,"column":38}},"176":{"start":{"line":177,"column":0},"end":{"line":177,"column":72}},"177":{"start":{"line":178,"column":0},"end":{"line":178,"column":77}},"178":{"start":{"line":179,"column":0},"end":{"line":179,"column":5}},"179":{"start":{"line":180,"column":0},"end":{"line":180,"column":34}},"180":{"start":{"line":181,"column":0},"end":{"line":181,"column":30}},"181":{"start":{"line":182,"column":0},"end":{"line":182,"column":0}},"182":{"start":{"line":183,"column":0},"end":{"line":183,"column":73}},"183":{"start":{"line":184,"column":0},"end":{"line":184,"column":11}},"184":{"start":{"line":185,"column":0},"end":{"line":185,"column":52}},"185":{"start":{"line":186,"column":0},"end":{"line":186,"column":67}},"186":{"start":{"line":187,"column":0},"end":{"line":187,"column":38}},"187":{"start":{"line":188,"column":0},"end":{"line":188,"column":17}},"188":{"start":{"line":189,"column":0},"end":{"line":189,"column":9}},"189":{"start":{"line":190,"column":0},"end":{"line":190,"column":15}},"190":{"start":{"line":191,"column":0},"end":{"line":191,"column":66}},"191":{"start":{"line":192,"column":0},"end":{"line":192,"column":7}},"192":{"start":{"line":193,"column":0},"end":{"line":193,"column":5}},"193":{"start":{"line":194,"column":0},"end":{"line":194,"column":3}},"194":{"start":{"line":195,"column":0},"end":{"line":195,"column":0}},"195":{"start":{"line":196,"column":0},"end":{"line":196,"column":5}},"196":{"start":{"line":197,"column":0},"end":{"line":197,"column":65}},"197":{"start":{"line":198,"column":0},"end":{"line":198,"column":32}},"198":{"start":{"line":199,"column":0},"end":{"line":199,"column":4}},"199":{"start":{"line":200,"column":0},"end":{"line":200,"column":16}},"200":{"start":{"line":201,"column":0},"end":{"line":201,"column":25}},"201":{"start":{"line":202,"column":0},"end":{"line":202,"column":28}},"202":{"start":{"line":203,"column":0},"end":{"line":203,"column":64}},"203":{"start":{"line":204,"column":0},"end":{"line":204,"column":4}},"204":{"start":{"line":205,"column":0},"end":{"line":205,"column":52}},"205":{"start":{"line":206,"column":0},"end":{"line":206,"column":5}},"206":{"start":{"line":207,"column":0},"end":{"line":207,"column":61}},"207":{"start":{"line":208,"column":0},"end":{"line":208,"column":30}},"208":{"start":{"line":209,"column":0},"end":{"line":209,"column":0}},"209":{"start":{"line":210,"column":0},"end":{"line":210,"column":36}},"210":{"start":{"line":211,"column":0},"end":{"line":211,"column":37}},"211":{"start":{"line":212,"column":0},"end":{"line":212,"column":70}},"212":{"start":{"line":213,"column":0},"end":{"line":213,"column":0}},"213":{"start":{"line":214,"column":0},"end":{"line":214,"column":24}},"214":{"start":{"line":215,"column":0},"end":{"line":215,"column":9}},"215":{"start":{"line":216,"column":0},"end":{"line":216,"column":56}},"216":{"start":{"line":217,"column":0},"end":{"line":217,"column":72}},"217":{"start":{"line":218,"column":0},"end":{"line":218,"column":63}},"218":{"start":{"line":219,"column":0},"end":{"line":219,"column":79}},"219":{"start":{"line":220,"column":0},"end":{"line":220,"column":13}},"220":{"start":{"line":221,"column":0},"end":{"line":221,"column":71}},"221":{"start":{"line":222,"column":0},"end":{"line":222,"column":13}},"222":{"start":{"line":223,"column":0},"end":{"line":223,"column":5}},"223":{"start":{"line":224,"column":0},"end":{"line":224,"column":0}},"224":{"start":{"line":225,"column":0},"end":{"line":225,"column":66}},"225":{"start":{"line":226,"column":0},"end":{"line":226,"column":30}},"226":{"start":{"line":227,"column":0},"end":{"line":227,"column":25}},"227":{"start":{"line":228,"column":0},"end":{"line":228,"column":0}},"228":{"start":{"line":229,"column":0},"end":{"line":229,"column":16}},"229":{"start":{"line":230,"column":0},"end":{"line":230,"column":35}},"230":{"start":{"line":231,"column":0},"end":{"line":231,"column":3}},"231":{"start":{"line":232,"column":0},"end":{"line":232,"column":0}},"232":{"start":{"line":233,"column":0},"end":{"line":233,"column":71}},"233":{"start":{"line":234,"column":0},"end":{"line":234,"column":33}},"234":{"start":{"line":235,"column":0},"end":{"line":235,"column":9}},"235":{"start":{"line":236,"column":0},"end":{"line":236,"column":31}},"236":{"start":{"line":237,"column":0},"end":{"line":237,"column":13}},"237":{"start":{"line":238,"column":0},"end":{"line":238,"column":16}},"238":{"start":{"line":239,"column":0},"end":{"line":239,"column":5}},"239":{"start":{"line":240,"column":0},"end":{"line":240,"column":3}},"240":{"start":{"line":241,"column":0},"end":{"line":241,"column":1}},"241":{"start":{"line":242,"column":0},"end":{"line":242,"column":0}},"242":{"start":{"line":243,"column":0},"end":{"line":243,"column":81}},"243":{"start":{"line":244,"column":0},"end":{"line":244,"column":0}},"244":{"start":{"line":245,"column":0},"end":{"line":245,"column":3}},"245":{"start":{"line":246,"column":0},"end":{"line":246,"column":56}},"246":{"start":{"line":247,"column":0},"end":{"line":247,"column":2}},"247":{"start":{"line":248,"column":0},"end":{"line":248,"column":11}},"248":{"start":{"line":249,"column":0},"end":{"line":249,"column":44}},"249":{"start":{"line":250,"column":0},"end":{"line":250,"column":71}},"250":{"start":{"line":251,"column":0},"end":{"line":251,"column":2}},"251":{"start":{"line":252,"column":0},"end":{"line":252,"column":61}},"252":{"start":{"line":253,"column":0},"end":{"line":253,"column":3}},"253":{"start":{"line":254,"column":0},"end":{"line":254,"column":51}},"254":{"start":{"line":255,"column":0},"end":{"line":255,"column":35}},"255":{"start":{"line":256,"column":0},"end":{"line":256,"column":36}},"256":{"start":{"line":257,"column":0},"end":{"line":257,"column":35}},"257":{"start":{"line":258,"column":0},"end":{"line":258,"column":68}},"258":{"start":{"line":259,"column":0},"end":{"line":259,"column":54}},"259":{"start":{"line":260,"column":0},"end":{"line":260,"column":60}},"260":{"start":{"line":261,"column":0},"end":{"line":261,"column":3}},"261":{"start":{"line":262,"column":0},"end":{"line":262,"column":17}},"262":{"start":{"line":263,"column":0},"end":{"line":263,"column":1}}},"s":{"0":0,"1":0,"2":0,"3":0,"4":0,"5":0,"6":0,"7":0,"8":0,"9":0,"10":0,"11":0,"12":0,"13":0,"14":0,"15":0,"16":0,"17":0,"18":0,"19":0,"20":0,"21":0,"22":0,"23":0,"24":0,"25":0,"26":0,"27":0,"28":0,"29":0,"30":0,"31":0,"32":0,"33":0,"34":0,"35":0,"36":0,"37":0,"38":0,"39":0,"40":0,"41":0,"42":0,"43":0,"44":0,"45":0,"46":0,"47":0,"48":0,"49":0,"50":0,"51":0,"52":0,"53":0,"54":0,"55":0,"56":0,"57":0,"58":0,"59":0,"60":0,"61":0,"62":0,"63":0,"64":0,"65":0,"66":0,"67":0,"68":0,"69":0,"70":0,"71":0,"72":0,"73":0,"74":0,"75":0,"76":0,"77":0,"78":0,"79":0,"80":0,"81":0,"82":0,"83":0,"84":0,"85":0,"86":0,"87":0,"88":0,"89":0,"90":0,"91":0,"92":0,"93":0,"94":0,"95":0,"96":0,"97":0,"98":0,"99":0,"100":0,"101":0,"102":0,"103":0,"104":0,"105":0,"106":0,"107":0,"108":0,"109":0,"110":0,"111":0,"112":0,"113":0,"114":0,"115":0,"116":0,"117":0,"118":0,"119":0,"120":0,"121":0,"122":0,"123":0,"124":0,"125":0,"126":0,"127":0,"128":0,"129":0,"130":0,"131":0,"132":0,"133":0,"134":0,"135":0,"136":0,"137":0,"138":0,"139":0,"140":0,"141":0,"142":0,"143":0,"144":0,"145":0,"146":0,"147":0,"148":0,"149":0,"150":0,"151":0,"152":0,"153":0,"154":0,"155":0,"156":0,"157":0,"158":0,"159":0,"160":0,"161":0,"162":0,"163":0,"164":0,"165":0,"166":0,"167":0,"168":0,"169":0,"170":0,"171":0,"172":0,"173":0,"174":0,"175":0,"176":0,"177":0,"178":0,"179":0,"180":0,"181":0,"182":0,"183":0,"184":0,"185":0,"186":0,"187":0,"188":0,"189":0,"190":0,"191":0,"192":0,"193":0,"194":0,"195":0,"196":0,"197":0,"198":0,"199":0,"200":0,"201":0,"202":0,"203":0,"204":0,"205":0,"206":0,"207":0,"208":0,"209":0,"210":0,"211":0,"212":0,"213":0,"214":0,"215":0,"216":0,"217":0,"218":0,"219":0,"220":0,"221":0,"222":0,"223":0,"224":0,"225":0,"226":0,"227":0,"228":0,"229":0,"230":0,"231":0,"232":0,"233":0,"234":0,"235":0,"236":0,"237":0,"238":0,"239":0,"240":0,"241":0,"242":0,"243":0,"244":0,"245":0,"246":0,"247":0,"248":0,"249":0,"250":0,"251":0,"252":0,"253":0,"254":0,"255":0,"256":0,"257":0,"258":0,"259":0,"260":0,"261":0,"262":0},"branchMap":{"0":{"type":"branch","line":1,"loc":{"start":{"line":1,"column":8119},"end":{"line":263,"column":1}},"locations":[{"start":{"line":1,"column":8119},"end":{"line":263,"column":1}}]}},"b":{"0":[0]},"fnMap":{"0":{"name":"(empty-report)","decl":{"start":{"line":1,"column":8119},"end":{"line":263,"column":1}},"loc":{"start":{"line":1,"column":8119},"end":{"line":263,"column":1}},"line":1}},"f":{"0":0}}
}
