<?xml version="1.0" encoding="UTF-8"?>
<robot generator="Robot 7.4.2 (Python 3.13.5 on darwin)" generated="2026-04-16T22:44:58.258720" rpa="false" schemaversion="5">
<suite id="s1" name="01 Auth" source="/Users/sri/Documents/tennetctl/tests/e2e/iam/01_auth.robot">
<kw name="Launch Suite" type="SETUP">
<kw name="Get Time" owner="BuiltIn">
<msg time="2026-04-16T22:44:58.540077" level="INFO">${ts} = 1776359698</msg>
<var>${ts}</var>
<arg>epoch</arg>
<doc>Returns the given time in the requested format.</doc>
<status status="PASS" start="2026-04-16T22:44:58.539915" elapsed="0.000180"/>
</kw>
<kw name="Set Suite Variable" owner="BuiltIn">
<msg time="2026-04-16T22:44:58.540297" level="INFO">${TS} = 1776359698</msg>
<arg>${TS}</arg>
<arg>${ts}</arg>
<doc>Makes a variable available everywhere within the scope of the current suite.</doc>
<status status="PASS" start="2026-04-16T22:44:58.540164" elapsed="0.000153"/>
</kw>
<kw name="Set Suite Variable" owner="BuiltIn">
<msg time="2026-04-16T22:44:58.540526" level="INFO">${TEST_EMAIL} = e2e-auth-1776359698@tennetctl.test</msg>
<arg>${TEST_EMAIL}</arg>
<arg>${AUTH_PREFIX}-${ts}@tennetctl.test</arg>
<doc>Makes a variable available everywhere within the scope of the current suite.</doc>
<status status="PASS" start="2026-04-16T22:44:58.540366" elapsed="0.000191"/>
</kw>
<kw name="API Create Test User" owner="auth">
<kw name="Create Dictionary" owner="BuiltIn">
<msg time="2026-04-16T22:44:58.541015" level="INFO">${body} = {'email': 'e2e-auth-1776359698@tennetctl.test', 'password': 'pass-E2E-1234!', 'display_name': 'E2E User'}</msg>
<var>${body}</var>
<arg>email=${email}</arg>
<arg>password=${password}</arg>
<arg>display_name=${display_name}</arg>
<doc>Creates and returns a dictionary based on the given ``items``.</doc>
<status status="PASS" start="2026-04-16T22:44:58.540788" elapsed="0.000240"/>
</kw>
<kw name="Create Session" owner="RequestsLibrary">
<msg time="2026-04-16T22:44:58.541151" level="INFO">Creating Session using : alias=backend, url=http://localhost:51734, headers={},                     cookies={}, auth=None, timeout=None, proxies=None, verify=False,                     debug=0 </msg>
<msg time="2026-04-16T22:44:58.541235" level="INFO">${session} = &lt;requests.sessions.Session object at 0x107e85a90&gt;</msg>
<var>${session}</var>
<arg>backend</arg>
<arg>${BACKEND_URL}</arg>
<doc>Create Session: create a HTTP session to a server</doc>
<status status="PASS" start="2026-04-16T22:44:58.541085" elapsed="0.000161"/>
</kw>
<kw name="POST On Session" owner="RequestsLibrary">
<msg time="2026-04-16T22:44:58.722313" level="INFO">POST Request : url=http://localhost:51734/v1/auth/signup 
 path_url=/v1/auth/signup 
 headers={'User-Agent': 'python-requests/2.33.1', 'Accept-Encoding': 'gzip, deflate', 'Accept': '*/*', 'Connection': 'keep-alive', 'Content-Length': '105', 'Content-Type': 'application/json'} 
 body=b'{"email": "e2e-auth-1776359698@tennetctl.test", "password": "pass-E2E-1234!", "display_name": "E2E User"}' 
 </msg>
<msg time="2026-04-16T22:44:58.722375" level="INFO">POST Response : url=http://localhost:51734/v1/auth/signup 
 status=201, reason=Created 
 headers={'date': 'Thu, 16 Apr 2026 17:14:58 GMT', 'server': 'uvicorn', 'content-length': '689', 'content-type': 'application/json', 'set-cookie': 'tennetctl_session=019d9749-f103-7e52-b4a4-03a141cb7a75.GEY0oLOqdzQv89QOHrd4ZbE8-KcO13S3LdeLIe9V3Go; HttpOnly; Max-Age=604799; Path=/; SameSite=lax', 'x-request-id': '019d9749-f072-7a63-81f5-7d3d609e1ccb'} 
 body={"ok":true,"data":{"token":"019d9749-f103-7e52-b4a4-03a141cb7a75.GEY0oLOqdzQv89QOHrd4ZbE8-KcO13S3LdeLIe9V3Go","user":{"id":"019d9749-f07b-7e42-853b-dba38470f7d7","account_type":"email_password","email":"e2e-auth-1776359698@tennetctl.test","display_name":"E2E User","avatar_url":null,"is_active":true,"is_test":false,"created_by":"sys","updated_by":"sys","created_at":"2026-04-16T17:14:58.546760","updated_at":"2026-04-16T17:14:58.546760"},"session":{"id":"019d9749-f103-7e52-b4a4-03a141cb7a75","user_id":"019d9749-f07b-7e42-853b-dba38470f7d7","org_id":"019d9660-8b03-7370-b4ac-c54b2b1d9986","workspace_id":null,"expires_at":"2026-04-23T17:14:58.695727","revoked_at":null,"is_valid":true}}} 
 </msg>
<msg time="2026-04-16T22:44:58.722445" level="INFO">${resp} = &lt;Response [201]&gt;</msg>
<var>${resp}</var>
<arg>backend</arg>
<arg>/v1/auth/signup</arg>
<arg>json=${body}</arg>
<arg>expected_status=201</arg>
<doc>Sends a POST request on a previously created HTTP Session.</doc>
<status status="PASS" start="2026-04-16T22:44:58.541290" elapsed="0.181168"/>
</kw>
<return>
<value>${resp.json()['data']}</value>
<status status="PASS" start="2026-04-16T22:44:58.722507" elapsed="0.000070"/>
</return>
<arg>${TEST_EMAIL}</arg>
<arg>${TEST_PASS}</arg>
<arg>E2E User</arg>
<status status="PASS" start="2026-04-16T22:44:58.540647" elapsed="0.182128"/>
</kw>
<kw name="New Browser" owner="Browser">
<msg time="2026-04-16T22:44:58.723141" level="INFO">{"browser": "chromium", "headless": true, "chromiumSandbox": false, "devtools": false, "handleSIGHUP": true, "handleSIGINT": true, "handleSIGTERM": true, "slowMo": 0.0, "timeout": 30000.0, "tracesDir": "/Users/sri/Documents/tennetctl/tests/e2e/results/iam/browser/traces/temp/64737528-8220-4634-a392-11e0be3a386d"}</msg>
<msg time="2026-04-16T22:44:58.734941" level="INFO">Starting Browser process /Users/sri/Documents/tennetctl/.venv/lib/python3.13/site-packages/Browser/wrapper/index.js using at 127.0.0.1:50447</msg>
<msg time="2026-04-16T22:45:00.327387" level="INFO">Successfully created browser with options: {"browser":"chromium","headless":true,"chromiumSandbox":false,"devtools":false,"handleSIGHUP":true,"handleSIGINT":true,"handleSIGTERM":true,"slowMo":0,"timeout":30000,"tracesDir":"/Users/sri/Documents/tennetctl/tests/e2e/results/iam/browser/traces/temp/64737528-8220-4634-a392-11e0be3a386d"}</msg>
<arg>chromium</arg>
<arg>headless=True</arg>
<tag>BrowserControl</tag>
<tag>Setter</tag>
<doc>Create a new playwright Browser with specified options.</doc>
<status status="PASS" start="2026-04-16T22:44:58.722843" elapsed="1.604689"/>
</kw>
<kw name="New Context" owner="Browser">
<msg time="2026-04-16T22:45:00.328337" level="INFO">{
  "acceptDownloads": true,
  "bypassCSP": false,
  "forcedColors": "none",
  "ignoreHTTPSErrors": false,
  "javaScriptEnabled": true,
  "offline": false,
  "reducedMotion": "no-preference",
  "serviceWorkers": "allow",
  "viewport": {
    "width": 1280,
    "height": 720
  }
}</msg>
<msg time="2026-04-16T22:45:00.335132" level="INFO">Successfully created context. </msg>
<msg time="2026-04-16T22:45:00.335176" level="INFO">{'acceptDownloads': True, 'bypassCSP': False, 'forcedColors': 'none', 'ignoreHTTPSErrors': False, 'javaScriptEnabled': True, 'offline': False, 'reducedMotion': 'no-preference', 'serviceWorkers': 'allow', 'viewport': {'width': 1280, 'height': 720}}</msg>
<tag>BrowserControl</tag>
<tag>Setter</tag>
<doc>Create a new BrowserContext with specified options.</doc>
<status status="PASS" start="2026-04-16T22:45:00.327712" elapsed="0.007503"/>
</kw>
<kw name="New Page" owner="Browser">
<msg time="2026-04-16T22:45:00.504436" level="INFO">Successfully initialized new page object and opened url: about:blank</msg>
<arg>about:blank</arg>
<tag>BrowserControl</tag>
<tag>Setter</tag>
<doc>Open a new Page.</doc>
<status status="PASS" start="2026-04-16T22:45:00.335305" elapsed="0.169238"/>
</kw>
<status status="PASS" start="2026-04-16T22:44:58.539589" elapsed="1.965031"/>
</kw>
<test id="s1-t1" name="Signin Shows User In Topbar" line="27">
<kw name="Open Signin Page" owner="auth">
<kw name="Go To" owner="Browser">
<msg time="2026-04-16T22:45:01.138327" level="INFO">Successfully opened URL http://localhost:51735/auth/signin</msg>
<arg>${FRONTEND_URL}/auth/signin</arg>
<tag>BrowserControl</tag>
<tag>Setter</tag>
<doc>Navigates to the given ``url``.</doc>
<status status="PASS" start="2026-04-16T22:45:00.517301" elapsed="0.621109"/>
</kw>
<kw name="Wait For Elements State" owner="Browser">
<msg time="2026-04-16T22:45:01.165756" level="INFO">Waited for Element with selector [data-testid="signin-form"] at state visible</msg>
<arg>[data-testid="signin-form"]</arg>
<arg>visible</arg>
<arg>timeout=10s</arg>
<tag>PageContent</tag>
<tag>Wait</tag>
<doc>Waits for the element found by ``selector`` to satisfy state option.</doc>
<status status="PASS" start="2026-04-16T22:45:01.138522" elapsed="0.027327"/>
</kw>
<status status="PASS" start="2026-04-16T22:45:00.517094" elapsed="0.648925"/>
</kw>
<kw name="Signin Via UI" owner="auth">
<kw name="Fill Text" owner="Browser">
<msg time="2026-04-16T22:45:01.166535" level="INFO">Fills the text 'e2e-auth-1776359698@tennetctl.test' in the given field.</msg>
<arg>[data-testid="signin-email"]</arg>
<arg>${email}</arg>
<tag>PageContent</tag>
<tag>Setter</tag>
<doc>Clears and fills the given ``txt`` into the text field found by ``selector``.</doc>
<status status="PASS" start="2026-04-16T22:45:01.166323" elapsed="0.022900"/>
</kw>
<kw name="Fill Text" owner="Browser">
<msg time="2026-04-16T22:45:01.189607" level="INFO">Fills the text 'pass-E2E-1234!' in the given field.</msg>
<arg>[data-testid="signin-password"]</arg>
<arg>${password}</arg>
<tag>PageContent</tag>
<tag>Setter</tag>
<doc>Clears and fills the given ``txt`` into the text field found by ``selector``.</doc>
<status status="PASS" start="2026-04-16T22:45:01.189336" elapsed="0.027809"/>
</kw>
<kw name="Click" owner="Browser">
<msg time="2026-04-16T22:45:01.217501" level="INFO">Clicks the element '[data-testid="signin-submit"]'.</msg>
<arg>[data-testid="signin-submit"]</arg>
<tag>PageContent</tag>
<tag>Setter</tag>
<doc>Simulates mouse click on the element found by ``selector``.</doc>
<status status="PASS" start="2026-04-16T22:45:01.217261" elapsed="0.040824"/>
</kw>
<kw name="Wait For Load State" owner="Browser">
<msg time="2026-04-16T22:45:01.258422" level="INFO">Waiting page load to state to receive networkidle in 10000.0</msg>
<msg time="2026-04-16T22:45:01.883585" level="INFO">Load state networkidle got in 10000</msg>
<arg>networkidle</arg>
<tag>PageContent</tag>
<tag>Wait</tag>
<doc>Waits that the page reaches the required load state.</doc>
<status status="PASS" start="2026-04-16T22:45:01.258189" elapsed="0.625509"/>
</kw>
<arg>${TEST_EMAIL}</arg>
<arg>${TEST_PASS}</arg>
<status status="PASS" start="2026-04-16T22:45:01.166123" elapsed="0.717654"/>
</kw>
<kw name="Assert Topbar Shows User" owner="auth">
<kw name="Wait For Elements State" owner="Browser">
<msg time="2026-04-16T22:45:01.888473" level="INFO">Waited for Element with selector [data-testid="topbar-user-name"] at state visible</msg>
<arg>[data-testid="topbar-user-name"]</arg>
<arg>visible</arg>
<arg>timeout=8s</arg>
<tag>PageContent</tag>
<tag>Wait</tag>
<doc>Waits for the element found by ``selector`` to satisfy state option.</doc>
<status status="PASS" start="2026-04-16T22:45:01.884220" elapsed="0.004321"/>
</kw>
<kw name="Get Text" owner="Browser">
<msg time="2026-04-16T22:45:01.905759" level="INFO">Text: 'E2E User'</msg>
<msg time="2026-04-16T22:45:01.905862" level="INFO">${text} = E2E User</msg>
<var>${text}</var>
<arg>[data-testid="topbar-user-name"]</arg>
<tag>Assertion</tag>
<tag>Getter</tag>
<tag>PageContent</tag>
<doc>Returns text attribute of the element found by ``selector``.</doc>
<status status="PASS" start="2026-04-16T22:45:01.888640" elapsed="0.017238"/>
</kw>
<kw name="Should Contain" owner="BuiltIn">
<msg time="2026-04-16T22:45:01.906411" level="FAIL">'E2E User' does not contain 'e2e-auth-1776359698@tennetctl.test'</msg>
<arg>${text}</arg>
<arg>${expected_text}</arg>
<doc>Fails if ``container`` does not contain ``item`` one or more times.</doc>
<status status="FAIL" start="2026-04-16T22:45:01.905979" elapsed="0.000504">'E2E User' does not contain 'e2e-auth-1776359698@tennetctl.test'</status>
</kw>
<arg>${TEST_EMAIL}</arg>
<status status="FAIL" start="2026-04-16T22:45:01.883926" elapsed="0.022641">'E2E User' does not contain 'e2e-auth-1776359698@tennetctl.test'</status>
</kw>
<doc>Navigate to /auth/signin, fill credentials, submit,
verify topbar displays the user's email.</doc>
<status status="FAIL" start="2026-04-16T22:45:00.504674" elapsed="1.401976">'E2E User' does not contain 'e2e-auth-1776359698@tennetctl.test'</status>
</test>
<test id="s1-t2" name="Signout Redirects To Signin" line="34">
<kw name="Signout Via Topbar" owner="auth">
<kw name="Wait For Elements State" owner="Browser">
<msg time="2026-04-16T22:45:01.912680" level="INFO">Waited for Element with selector [data-testid="topbar-signout"] at state visible</msg>
<arg>[data-testid="topbar-signout"]</arg>
<arg>visible</arg>
<arg>timeout=8s</arg>
<tag>PageContent</tag>
<tag>Wait</tag>
<doc>Waits for the element found by ``selector`` to satisfy state option.</doc>
<status status="PASS" start="2026-04-16T22:45:01.910723" elapsed="0.002009"/>
</kw>
<kw name="Click" owner="Browser">
<msg time="2026-04-16T22:45:01.912965" level="INFO">Clicks the element '[data-testid="topbar-signout"]'.</msg>
<arg>[data-testid="topbar-signout"]</arg>
<tag>PageContent</tag>
<tag>Setter</tag>
<doc>Simulates mouse click on the element found by ``selector``.</doc>
<status status="PASS" start="2026-04-16T22:45:01.912800" elapsed="0.018858"/>
</kw>
<kw name="Wait For Load State" owner="Browser">
<msg time="2026-04-16T22:45:01.932053" level="INFO">Waiting page load to state to receive networkidle in 10000.0</msg>
<msg time="2026-04-16T22:45:01.933199" level="INFO">Load state networkidle got in 10000</msg>
<arg>networkidle</arg>
<tag>PageContent</tag>
<tag>Wait</tag>
<doc>Waits that the page reaches the required load state.</doc>
<status status="PASS" start="2026-04-16T22:45:01.931782" elapsed="0.001501"/>
</kw>
<status status="PASS" start="2026-04-16T22:45:01.910547" elapsed="0.022796"/>
</kw>
<kw name="Get Url" owner="Browser">
<msg time="2026-04-16T22:45:01.934478" level="INFO">${url} = http://localhost:51735/</msg>
<var>${url}</var>
<tag>Assertion</tag>
<tag>Getter</tag>
<tag>PageContent</tag>
<doc>Returns the current URL.</doc>
<status status="PASS" start="2026-04-16T22:45:01.933421" elapsed="0.001077"/>
</kw>
<kw name="Should Contain" owner="BuiltIn">
<msg time="2026-04-16T22:45:01.934792" level="FAIL">'http://localhost:51735/' does not contain '/auth/signin'</msg>
<arg>${url}</arg>
<arg>/auth/signin</arg>
<doc>Fails if ``container`` does not contain ``item`` one or more times.</doc>
<status status="FAIL" start="2026-04-16T22:45:01.934571" elapsed="0.000268">'http://localhost:51735/' does not contain '/auth/signin'</status>
</kw>
<kw name="Assert Topbar Shows Signin Link" owner="auth">
<status status="NOT RUN" start="2026-04-16T22:45:01.934920" elapsed="0.000031"/>
</kw>
<doc>Click Sign Out in topbar, verify page goes to /auth/signin
and the sign-in link is visible (user is logged out).</doc>
<status status="FAIL" start="2026-04-16T22:45:01.909224" elapsed="0.025797">'http://localhost:51735/' does not contain '/auth/signin'</status>
</test>
<test id="s1-t3" name="Protected Page Redirects Unauthenticated User" line="42">
<kw name="Go To" owner="Browser">
<msg time="2026-04-16T22:45:02.047216" level="INFO">Successfully opened URL http://localhost:51735/vault</msg>
<arg>${FRONTEND_URL}/vault</arg>
<tag>BrowserControl</tag>
<tag>Setter</tag>
<doc>Navigates to the given ``url``.</doc>
<status status="PASS" start="2026-04-16T22:45:01.938172" elapsed="0.109178"/>
</kw>
<kw name="Wait For Load State" owner="Browser">
<msg time="2026-04-16T22:45:02.047701" level="INFO">Waiting page load to state to receive networkidle in 10000.0</msg>
<msg time="2026-04-16T22:45:02.546092" level="INFO">Load state networkidle got in 10000</msg>
<arg>networkidle</arg>
<tag>PageContent</tag>
<tag>Wait</tag>
<doc>Waits that the page reaches the required load state.</doc>
<status status="PASS" start="2026-04-16T22:45:02.047453" elapsed="0.498746"/>
</kw>
<kw name="Get Url" owner="Browser">
<msg time="2026-04-16T22:45:02.547655" level="INFO">${url} = http://localhost:51735/auth/signin?next=%2Fvault%2Fsecrets</msg>
<var>${url}</var>
<tag>Assertion</tag>
<tag>Getter</tag>
<tag>PageContent</tag>
<doc>Returns the current URL.</doc>
<status status="PASS" start="2026-04-16T22:45:02.546336" elapsed="0.001340"/>
</kw>
<kw name="Should Contain" owner="BuiltIn">
<arg>${url}</arg>
<arg>/auth/signin</arg>
<doc>Fails if ``container`` does not contain ``item`` one or more times.</doc>
<status status="PASS" start="2026-04-16T22:45:02.547757" elapsed="0.000205"/>
</kw>
<doc>Navigate directly to /vault without a session.
The app should redirect to /auth/signin.</doc>
<status status="PASS" start="2026-04-16T22:45:01.936903" elapsed="0.611183"/>
</test>
<kw name="Close Browser" owner="Browser" type="TEARDOWN">
<msg time="2026-04-16T22:45:02.571900" level="INFO">Closed all browsers</msg>
<arg>ALL</arg>
<tag>BrowserControl</tag>
<tag>Setter</tag>
<doc>Closes the current browser.</doc>
<status status="PASS" start="2026-04-16T22:45:02.551521" elapsed="0.020474"/>
</kw>
<doc>IAM Auth UI — signin / signout / redirect E2E.
Drives live backend (51734) + frontend (51735).
Creates a test user via API, signs in via UI, checks topbar,
signs out, and verifies redirect to signin page.</doc>
<status status="FAIL" start="2026-04-16T22:44:58.259194" elapsed="4.312850"/>
</suite>
<statistics>
<total>
<stat pass="1" fail="2" skip="0">All Tests</stat>
</total>
<tag>
</tag>
<suite>
<stat name="01 Auth" id="s1" pass="1" fail="2" skip="0">01 Auth</stat>
</suite>
</statistics>
<errors>
</errors>
</robot>
