<?xml version="1.0" encoding="UTF-8"?>
<robot generator="Robot 7.4.2 (Python 3.13.5 on darwin)" generated="2026-04-16T23:39:12.976256" rpa="false" schemaversion="5">
<suite id="s1" name="01 Explorer" source="/Users/sri/Documents/tennetctl/tests/e2e/audit/01_explorer.robot">
<kw name="Launch Audit Suite" type="SETUP">
<kw name="Get Time" owner="BuiltIn">
<msg time="2026-04-16T23:39:13.073975" level="INFO">${ts} = 1776362953</msg>
<var>${ts}</var>
<arg>epoch</arg>
<doc>Returns the given time in the requested format.</doc>
<status status="PASS" start="2026-04-16T23:39:13.073813" elapsed="0.000178"/>
</kw>
<kw name="Set Suite Variable" owner="BuiltIn">
<msg time="2026-04-16T23:39:13.074171" level="INFO">${TS} = 1776362953</msg>
<arg>${TS}</arg>
<arg>${ts}</arg>
<doc>Makes a variable available everywhere within the scope of the current suite.</doc>
<status status="PASS" start="2026-04-16T23:39:13.074055" elapsed="0.000134"/>
</kw>
<kw name="Set Suite Variable" owner="BuiltIn">
<msg time="2026-04-16T23:39:13.074332" level="INFO">${PREFIX} = e2e-audit-1776362953</msg>
<arg>${PREFIX}</arg>
<arg>e2e-audit-${ts}</arg>
<doc>Makes a variable available everywhere within the scope of the current suite.</doc>
<status status="PASS" start="2026-04-16T23:39:13.074231" elapsed="0.000115"/>
</kw>
<kw name="Set Suite Variable" owner="BuiltIn">
<msg time="2026-04-16T23:39:13.074483" level="INFO">${TEST_EMAIL} = e2e-audit-1776362953@tennetctl.test</msg>
<arg>${TEST_EMAIL}</arg>
<arg>e2e-audit-${ts}@tennetctl.test</arg>
<doc>Makes a variable available everywhere within the scope of the current suite.</doc>
<status status="PASS" start="2026-04-16T23:39:13.074383" elapsed="0.000114"/>
</kw>
<kw name="API Create Audit User" owner="audit">
<kw name="Create Dictionary" owner="BuiltIn">
<msg time="2026-04-16T23:39:13.074841" level="INFO">${body} = {'email': 'e2e-audit-1776362953@tennetctl.test', 'password': 'pass-audit-E2E-1234!', 'display_name': 'Audit E2E'}</msg>
<var>${body}</var>
<arg>email=${email}</arg>
<arg>password=${password}</arg>
<arg>display_name=${display_name}</arg>
<doc>Creates and returns a dictionary based on the given ``items``.</doc>
<status status="PASS" start="2026-04-16T23:39:13.074658" elapsed="0.000193"/>
</kw>
<kw name="Create Session" owner="RequestsLibrary">
<msg time="2026-04-16T23:39:13.074947" level="INFO">Creating Session using : alias=backend, url=http://localhost:51734, headers={},                     cookies={}, auth=None, timeout=None, proxies=None, verify=False,                     debug=0 </msg>
<msg time="2026-04-16T23:39:13.075024" level="INFO">${session} = &lt;requests.sessions.Session object at 0x1042c4590&gt;</msg>
<var>${session}</var>
<arg>backend</arg>
<arg>${BACKEND_URL}</arg>
<doc>Create Session: create a HTTP session to a server</doc>
<status status="PASS" start="2026-04-16T23:39:13.074894" elapsed="0.000140"/>
</kw>
<kw name="POST On Session" owner="RequestsLibrary">
<msg time="2026-04-16T23:39:13.235404" level="INFO">POST Request : url=http://localhost:51734/v1/auth/signup 
 path_url=/v1/auth/signup 
 headers={'User-Agent': 'python-requests/2.33.1', 'Accept-Encoding': 'gzip, deflate', 'Accept': '*/*', 'Connection': 'keep-alive', 'Content-Length': '113', 'Content-Type': 'application/json'} 
 body=b'{"email": "e2e-audit-1776362953@tennetctl.test", "password": "pass-audit-E2E-1234!", "display_name": "Audit E2E"}' 
 </msg>
<msg time="2026-04-16T23:39:13.235452" level="INFO">POST Response : url=http://localhost:51734/v1/auth/signup 
 status=201, reason=Created 
 headers={'date': 'Thu, 16 Apr 2026 18:09:12 GMT', 'server': 'uvicorn', 'content-length': '691', 'content-type': 'application/json', 'set-cookie': 'tennetctl_session=019d977b-99f8-7f90-8f1e-f1372048e93a.A-SqHh6QaaSHvKsCkzwZzz7ymowf3MkNz9qyZTRj_F4; HttpOnly; Max-Age=604799; Path=/; SameSite=lax', 'x-request-id': '019d977b-9977-7261-9598-130f7e23c252'} 
 body={"ok":true,"data":{"token":"019d977b-99f8-7f90-8f1e-f1372048e93a.A-SqHh6QaaSHvKsCkzwZzz7ymowf3MkNz9qyZTRj_F4","user":{"id":"019d977b-997d-7a82-939d-2333e4cd9d76","account_type":"email_password","email":"e2e-audit-1776362953@tennetctl.test","display_name":"Audit E2E","avatar_url":null,"is_active":true,"is_test":false,"created_by":"sys","updated_by":"sys","created_at":"2026-04-16T18:09:13.079251","updated_at":"2026-04-16T18:09:13.079251"},"session":{"id":"019d977b-99f8-7f90-8f1e-f1372048e93a","user_id":"019d977b-997d-7a82-939d-2333e4cd9d76","org_id":"019d9660-8b03-7370-b4ac-c54b2b1d9986","workspace_id":null,"expires_at":"2026-04-23T18:09:13.209259","revoked_at":null,"is_valid":true}}} 
 </msg>
<msg time="2026-04-16T23:39:13.235513" level="INFO">${resp} = &lt;Response [201]&gt;</msg>
<var>${resp}</var>
<arg>backend</arg>
<arg>/v1/auth/signup</arg>
<arg>json=${body}</arg>
<arg>expected_status=201</arg>
<doc>Sends a POST request on a previously created HTTP Session.</doc>
<status status="PASS" start="2026-04-16T23:39:13.075070" elapsed="0.160454"/>
</kw>
<return>
<value>${resp.json()['data']}</value>
<status status="PASS" start="2026-04-16T23:39:13.235571" elapsed="0.000063"/>
</return>
<msg time="2026-04-16T23:39:13.235842" level="INFO">${signup} = {'token': '019d977b-99f8-7f90-8f1e-f1372048e93a.A-SqHh6QaaSHvKsCkzwZzz7ymowf3MkNz9qyZTRj_F4', 'user': {'id': '019d977b-997d-7a82-939d-2333e4cd9d76', 'account_type': 'email_password', 'email': 'e2e-aud...</msg>
<var>${signup}</var>
<arg>${TEST_EMAIL}</arg>
<arg>${TEST_PASS}</arg>
<arg>Audit E2E</arg>
<status status="PASS" start="2026-04-16T23:39:13.074559" elapsed="0.161294"/>
</kw>
<kw name="API Fetch Me" owner="audit">
<kw name="Create Dictionary" owner="BuiltIn">
<msg time="2026-04-16T23:39:13.236279" level="INFO">${headers} = {'Cookie': 'tennetctl_session=019d977b-99f8-7f90-8f1e-f1372048e93a.A-SqHh6QaaSHvKsCkzwZzz7ymowf3MkNz9qyZTRj_F4'}</msg>
<var>${headers}</var>
<arg>Cookie=tennetctl_session=${token}</arg>
<doc>Creates and returns a dictionary based on the given ``items``.</doc>
<status status="PASS" start="2026-04-16T23:39:13.236128" elapsed="0.000161"/>
</kw>
<kw name="Create Session" owner="RequestsLibrary">
<msg time="2026-04-16T23:39:13.236381" level="INFO">Creating Session using : alias=backend, url=http://localhost:51734, headers={},                     cookies={}, auth=None, timeout=None, proxies=None, verify=False,                     debug=0 </msg>
<msg time="2026-04-16T23:39:13.236443" level="INFO">${session} = &lt;requests.sessions.Session object at 0x1041eb610&gt;</msg>
<var>${session}</var>
<arg>backend</arg>
<arg>${BACKEND_URL}</arg>
<doc>Create Session: create a HTTP session to a server</doc>
<status status="PASS" start="2026-04-16T23:39:13.236329" elapsed="0.000123"/>
</kw>
<kw name="GET On Session" owner="RequestsLibrary">
<msg time="2026-04-16T23:39:13.241745" level="INFO">GET Request : url=http://localhost:51734/v1/auth/me 
 path_url=/v1/auth/me 
 headers={'User-Agent': 'python-requests/2.33.1', 'Accept-Encoding': 'gzip, deflate', 'Accept': '*/*', 'Connection': 'keep-alive', 'Cookie': 'tennetctl_session=019d977b-99f8-7f90-8f1e-f1372048e93a.A-SqHh6QaaSHvKsCkzwZzz7ymowf3MkNz9qyZTRj_F4'} 
 body=None 
 </msg>
<msg time="2026-04-16T23:39:13.241775" level="INFO">GET Response : url=http://localhost:51734/v1/auth/me 
 status=200, reason=OK 
 headers={'date': 'Thu, 16 Apr 2026 18:09:12 GMT', 'server': 'uvicorn', 'content-length': '600', 'content-type': 'application/json', 'x-request-id': '019d977b-9a15-7b72-b281-bef140aca22d'} 
 body={"ok":true,"data":{"user":{"id":"019d977b-997d-7a82-939d-2333e4cd9d76","account_type":"email_password","email":"e2e-audit-1776362953@tennetctl.test","display_name":"Audit E2E","avatar_url":null,"is_active":true,"is_test":false,"created_by":"sys","updated_by":"sys","created_at":"2026-04-16T18:09:13.079251","updated_at":"2026-04-16T18:09:13.079251"},"session":{"id":"019d977b-99f8-7f90-8f1e-f1372048e93a","user_id":"019d977b-997d-7a82-939d-2333e4cd9d76","org_id":"019d9660-8b03-7370-b4ac-c54b2b1d9986","workspace_id":null,"expires_at":"2026-04-23T18:09:13.209259","revoked_at":null,"is_valid":true}}} 
 </msg>
<msg time="2026-04-16T23:39:13.241818" level="INFO">${resp} = &lt;Response [200]&gt;</msg>
<var>${resp}</var>
<arg>backend</arg>
<arg>/v1/auth/me</arg>
<arg>headers=${headers}</arg>
<arg>expected_status=200</arg>
<doc>Sends a GET request on a previously created HTTP Session.</doc>
<status status="PASS" start="2026-04-16T23:39:13.236487" elapsed="0.005341"/>
</kw>
<return>
<value>${resp.json()['data']}</value>
<status status="PASS" start="2026-04-16T23:39:13.241902" elapsed="0.000044"/>
</return>
<msg time="2026-04-16T23:39:13.242133" level="INFO">${me} = {'user': {'id': '019d977b-997d-7a82-939d-2333e4cd9d76', 'account_type': 'email_password', 'email': 'e2e-audit-1776362953@tennetctl.test', 'display_name': 'Audit E2E', 'avatar_url': None, 'is_active': ...</msg>
<var>${me}</var>
<arg>${signup['token']}</arg>
<status status="PASS" start="2026-04-16T23:39:13.235933" elapsed="0.006212"/>
</kw>
<kw name="Set Suite Variable" owner="BuiltIn">
<msg time="2026-04-16T23:39:13.242578" level="INFO">${USER_ID} = 019d977b-997d-7a82-939d-2333e4cd9d76</msg>
<arg>${USER_ID}</arg>
<arg>${me['user']['id']}</arg>
<doc>Makes a variable available everywhere within the scope of the current suite.</doc>
<status status="PASS" start="2026-04-16T23:39:13.242194" elapsed="0.000400"/>
</kw>
<kw name="Set Suite Variable" owner="BuiltIn">
<msg time="2026-04-16T23:39:13.242970" level="INFO">${SESSION_ID} = 019d977b-99f8-7f90-8f1e-f1372048e93a</msg>
<arg>${SESSION_ID}</arg>
<arg>${me['session']['id']}</arg>
<doc>Makes a variable available everywhere within the scope of the current suite.</doc>
<status status="PASS" start="2026-04-16T23:39:13.242635" elapsed="0.000350"/>
</kw>
<kw name="Set Suite Variable" owner="BuiltIn">
<msg time="2026-04-16T23:39:13.243337" level="INFO">${ORG_ID} = 019d9660-8b03-7370-b4ac-c54b2b1d9986</msg>
<arg>${ORG_ID}</arg>
<arg>${me['session']['org_id']}</arg>
<doc>Makes a variable available everywhere within the scope of the current suite.</doc>
<status status="PASS" start="2026-04-16T23:39:13.243023" elapsed="0.000329"/>
</kw>
<kw name="Evaluate" owner="BuiltIn">
<msg time="2026-04-16T23:39:13.243547" level="INFO">${ws_id} = 019d9660-8b03-7370-b4ac-c54b2b1d9986</msg>
<var>${ws_id}</var>
<arg>$me['session']['workspace_id'] or $me['session']['org_id']</arg>
<doc>Evaluates the given expression in Python and returns the result.</doc>
<status status="PASS" start="2026-04-16T23:39:13.243390" elapsed="0.000167"/>
</kw>
<kw name="Set Suite Variable" owner="BuiltIn">
<msg time="2026-04-16T23:39:13.243846" level="INFO">${WORKSPACE_ID} = 019d9660-8b03-7370-b4ac-c54b2b1d9986</msg>
<arg>${WORKSPACE_ID}</arg>
<arg>${ws_id}</arg>
<doc>Makes a variable available everywhere within the scope of the current suite.</doc>
<status status="PASS" start="2026-04-16T23:39:13.243595" elapsed="0.000265"/>
</kw>
<kw name="Seed Audit Events Into Org" owner="audit">
<kw name="Connect To Database" owner="DatabaseLibrary">
<msg time="2026-04-16T23:39:13.244142" level="INFO">Looking for configuration file: 'resources/db.cfg'</msg>
<msg time="2026-04-16T23:39:13.244157" level="INFO">Configuration file doesn't exist</msg>
<msg time="2026-04-16T23:39:13.250602" level="INFO">Connect to DB using : psycopg2.connect(database='tennetctl', user='tennetctl', password=***, host='localhost', port=5434)</msg>
<arg>psycopg2</arg>
<arg>${DB_NAME}</arg>
<arg>${DB_USER}</arg>
<arg>${DB_PASS}</arg>
<arg>${DB_HOST}</arg>
<arg>${DB_PORT}</arg>
<doc>Creates a database connection using the DB API 2.0 ``db_module`` and the parameters provided.
Along with listed commonly used arguments (`db_name`, `db_host` etc.)
you can set any other DB module specific parameters as key/value pairs.</doc>
<status status="PASS" start="2026-04-16T23:39:13.244030" elapsed="0.020692"/>
</kw>
<kw name="Catenate" owner="BuiltIn">
<msg time="2026-04-16T23:39:13.265099" level="INFO">${sql} = INSERT INTO "04_audit"."60_evt_audit"
(id, event_key, actor_user_id, actor_session_id, org_id, workspace_id, trace_id, span_id, audit_category, outcome, metadata)
SELECT
gen_random_uuid()::text,
CASE ...</msg>
<var>${sql}</var>
<arg>SEPARATOR=\n</arg>
<arg>INSERT INTO "04_audit"."60_evt_audit"</arg>
<arg>(id, event_key, actor_user_id, actor_session_id, org_id, workspace_id, trace_id, span_id, audit_category, outcome, metadata)</arg>
<arg>SELECT</arg>
<arg>gen_random_uuid()::text,</arg>
<arg>CASE i % 3 WHEN 0 THEN '${prefix}.evt.alpha' WHEN 1 THEN '${prefix}.evt.beta' ELSE '${prefix}.evt.gamma' END,</arg>
<arg>'${user_id}', '${session_id}', '${org_id}',</arg>
<arg>COALESCE('${workspace_id}'::text, '${org_id}'),</arg>
<arg>gen_random_uuid()::text,</arg>
<arg>gen_random_uuid()::text,</arg>
<arg>'setup', CASE i % 4 WHEN 3 THEN 'failure' ELSE 'success' END,</arg>
<arg>jsonb_build_object('i', i, 'tag', '${prefix}')</arg>
<arg>FROM generate_series(0, 11) i;</arg>
<doc>Catenates the given items together and returns the resulted string.</doc>
<status status="PASS" start="2026-04-16T23:39:13.264842" elapsed="0.000270"/>
</kw>
<kw name="Execute Sql String" owner="DatabaseLibrary">
<msg time="2026-04-16T23:39:13.265229" level="INFO" html="true">Executing sql:&lt;br&gt;&lt;code style="font-weight: bold;"&gt;INSERT INTO "04_audit"."60_evt_audit"
(id, event_key, actor_user_id, actor_session_id, org_id, workspace_id, trace_id, span_id, audit_category, outcome, metadata)
SELECT
gen_random_uuid()::text,
CASE i % 3 WHEN 0 THEN 'e2e-audit-1776362953.evt.alpha' WHEN 1 THEN 'e2e-audit-1776362953.evt.beta' ELSE 'e2e-audit-1776362953.evt.gamma' END,
'019d977b-997d-7a82-939d-2333e4cd9d76', '019d977b-99f8-7f90-8f1e-f1372048e93a', '019d9660-8b03-7370-b4ac-c54b2b1d9986',
COALESCE('019d9660-8b03-7370-b4ac-c54b2b1d9986'::text, '019d9660-8b03-7370-b4ac-c54b2b1d9986'),
gen_random_uuid()::text,
gen_random_uuid()::text,
'setup', CASE i % 4 WHEN 3 THEN 'failure' ELSE 'success' END,
jsonb_build_object('i', i, 'tag', 'e2e-audit-1776362953')
FROM generate_series(0, 11) i;&lt;/code&gt;</msg>
<msg time="2026-04-16T23:39:13.269606" level="INFO">Commit the transaction</msg>
<arg>${sql}</arg>
<doc>Executes the ``sql_string`` - as a single SQL command (default) or as separate statements.</doc>
<status status="PASS" start="2026-04-16T23:39:13.265162" elapsed="0.005319"/>
</kw>
<kw name="Disconnect From Database" owner="DatabaseLibrary">
<doc>Disconnects from the database.</doc>
<status status="PASS" start="2026-04-16T23:39:13.270520" elapsed="0.000063"/>
</kw>
<arg>${USER_ID}</arg>
<arg>${SESSION_ID}</arg>
<arg>${ORG_ID}</arg>
<arg>${WORKSPACE_ID}</arg>
<arg>${PREFIX}</arg>
<doc>Insert 12 demo audit events for the given user/org via raw SQL.
Uses category='setup' to bypass scope CHECK when workspace_id missing.
Generates 36-char UUID v7 ids via gen_random_uuid().</doc>
<status status="PASS" start="2026-04-16T23:39:13.243916" elapsed="0.026691"/>
</kw>
<kw name="New Browser" owner="Browser">
<msg time="2026-04-16T23:39:13.270916" level="INFO">{"browser": "chromium", "headless": true, "chromiumSandbox": false, "devtools": false, "handleSIGHUP": true, "handleSIGINT": true, "handleSIGTERM": true, "slowMo": 0.0, "timeout": 30000.0, "tracesDir": "/Users/sri/Documents/tennetctl/tests/e2e/results/browser/traces/temp/26dda970-362e-408f-afc2-1a5ad627ebbd"}</msg>
<msg time="2026-04-16T23:39:13.281765" level="INFO">Starting Browser process /Users/sri/Documents/tennetctl/.venv/lib/python3.13/site-packages/Browser/wrapper/index.js using at 127.0.0.1:51577</msg>
<msg time="2026-04-16T23:39:14.609736" level="INFO">Successfully created browser with options: {"browser":"chromium","headless":true,"chromiumSandbox":false,"devtools":false,"handleSIGHUP":true,"handleSIGINT":true,"handleSIGTERM":true,"slowMo":0,"timeout":30000,"tracesDir":"/Users/sri/Documents/tennetctl/tests/e2e/results/browser/traces/temp/26dda970-362e-408f-afc2-1a5ad627ebbd"}</msg>
<arg>chromium</arg>
<arg>headless=True</arg>
<tag>BrowserControl</tag>
<tag>Setter</tag>
<doc>Create a new playwright Browser with specified options.</doc>
<status status="PASS" start="2026-04-16T23:39:13.270655" elapsed="1.339300"/>
</kw>
<kw name="New Context" owner="Browser">
<msg time="2026-04-16T23:39:14.611003" level="INFO">{
  "acceptDownloads": true,
  "bypassCSP": false,
  "forcedColors": "none",
  "ignoreHTTPSErrors": false,
  "javaScriptEnabled": true,
  "offline": false,
  "reducedMotion": "no-preference",
  "serviceWorkers": "allow",
  "viewport": {
    "width": 1280,
    "height": 720
  }
}</msg>
<msg time="2026-04-16T23:39:14.615966" level="INFO">Successfully created context. </msg>
<msg time="2026-04-16T23:39:14.616003" level="INFO">{'acceptDownloads': True, 'bypassCSP': False, 'forcedColors': 'none', 'ignoreHTTPSErrors': False, 'javaScriptEnabled': True, 'offline': False, 'reducedMotion': 'no-preference', 'serviceWorkers': 'allow', 'viewport': {'width': 1280, 'height': 720}}</msg>
<tag>BrowserControl</tag>
<tag>Setter</tag>
<doc>Create a new BrowserContext with specified options.</doc>
<status status="PASS" start="2026-04-16T23:39:14.610166" elapsed="0.005876"/>
</kw>
<kw name="New Page" owner="Browser">
<msg time="2026-04-16T23:39:14.646756" level="INFO">Successfully initialized new page object and opened url: about:blank</msg>
<arg>about:blank</arg>
<tag>BrowserControl</tag>
<tag>Setter</tag>
<doc>Open a new Page.</doc>
<status status="PASS" start="2026-04-16T23:39:14.616124" elapsed="0.030753"/>
</kw>
<status status="PASS" start="2026-04-16T23:39:13.073446" elapsed="1.573496"/>
</kw>
<test id="s1-t1" name="Audit Explorer Renders Rows And Stats" line="50">
<kw name="Sign In UI">
<kw name="Go To" owner="Browser">
<msg time="2026-04-16T23:39:14.745605" level="INFO">Successfully opened URL http://localhost:51735/auth/signin</msg>
<arg>${FRONTEND_URL}/auth/signin</arg>
<tag>BrowserControl</tag>
<tag>Setter</tag>
<doc>Navigates to the given ``url``.</doc>
<status status="PASS" start="2026-04-16T23:39:14.651084" elapsed="0.094611"/>
</kw>
<kw name="Wait For Elements State" owner="Browser">
<msg time="2026-04-16T23:39:14.770471" level="INFO">Waited for Element with selector [data-testid="signin-form"] at state visible</msg>
<arg>[data-testid="signin-form"]</arg>
<arg>visible</arg>
<arg>timeout=10s</arg>
<tag>PageContent</tag>
<tag>Wait</tag>
<doc>Waits for the element found by ``selector`` to satisfy state option.</doc>
<status status="PASS" start="2026-04-16T23:39:14.745814" elapsed="0.024737"/>
</kw>
<kw name="Fill Text" owner="Browser">
<msg time="2026-04-16T23:39:14.770913" level="INFO">Fills the text 'e2e-audit-1776362953@tennetctl.test' in the given field.</msg>
<arg>[data-testid="signin-email"]</arg>
<arg>${TEST_EMAIL}</arg>
<tag>PageContent</tag>
<tag>Setter</tag>
<doc>Clears and fills the given ``txt`` into the text field found by ``selector``.</doc>
<status status="PASS" start="2026-04-16T23:39:14.770652" elapsed="0.015747"/>
</kw>
<kw name="Fill Text" owner="Browser">
<msg time="2026-04-16T23:39:14.786788" level="INFO">Fills the text 'pass-audit-E2E-1234!' in the given field.</msg>
<arg>[data-testid="signin-password"]</arg>
<arg>${TEST_PASS}</arg>
<tag>PageContent</tag>
<tag>Setter</tag>
<doc>Clears and fills the given ``txt`` into the text field found by ``selector``.</doc>
<status status="PASS" start="2026-04-16T23:39:14.786509" elapsed="0.026450"/>
</kw>
<kw name="Click" owner="Browser">
<msg time="2026-04-16T23:39:14.813315" level="INFO">Clicks the element '[data-testid="signin-submit"]'.</msg>
<arg>[data-testid="signin-submit"]</arg>
<tag>PageContent</tag>
<tag>Setter</tag>
<doc>Simulates mouse click on the element found by ``selector``.</doc>
<status status="PASS" start="2026-04-16T23:39:14.813068" elapsed="0.040973"/>
</kw>
<kw name="Wait For Load State" owner="Browser">
<msg time="2026-04-16T23:39:14.854423" level="INFO">Waiting page load to state to receive networkidle in 10000.0</msg>
<msg time="2026-04-16T23:39:15.457539" level="INFO">Load state networkidle got in 10000</msg>
<arg>networkidle</arg>
<tag>PageContent</tag>
<tag>Wait</tag>
<doc>Waits that the page reaches the required load state.</doc>
<status status="PASS" start="2026-04-16T23:39:14.854149" elapsed="0.603597"/>
</kw>
<status status="PASS" start="2026-04-16T23:39:14.650896" elapsed="0.806983"/>
</kw>
<kw name="Open Audit Explorer" owner="audit">
<kw name="Go To" owner="Browser">
<msg time="2026-04-16T23:39:15.517828" level="INFO">Successfully opened URL http://localhost:51735/audit</msg>
<arg>${FRONTEND_URL}/audit</arg>
<tag>BrowserControl</tag>
<tag>Setter</tag>
<doc>Navigates to the given ``url``.</doc>
<status status="PASS" start="2026-04-16T23:39:15.458577" elapsed="0.059348"/>
</kw>
<kw name="Wait For Load State" owner="Browser">
<msg time="2026-04-16T23:39:15.518391" level="INFO">Waiting page load to state to receive networkidle in 20000.0</msg>
<msg time="2026-04-16T23:39:16.073864" level="INFO">Load state networkidle got in 20000</msg>
<arg>networkidle</arg>
<arg>timeout=20s</arg>
<tag>PageContent</tag>
<tag>Wait</tag>
<doc>Waits that the page reaches the required load state.</doc>
<status status="PASS" start="2026-04-16T23:39:15.518031" elapsed="0.556263"/>
</kw>
<kw name="Wait For Elements State" owner="Browser">
<msg time="2026-04-16T23:39:16.092718" level="INFO">Waited for Element with selector [data-testid="audit-filter-bar"] at state visible</msg>
<arg>[data-testid="audit-filter-bar"]</arg>
<arg>visible</arg>
<arg>timeout=10s</arg>
<tag>PageContent</tag>
<tag>Wait</tag>
<doc>Waits for the element found by ``selector`` to satisfy state option.</doc>
<status status="PASS" start="2026-04-16T23:39:16.074701" elapsed="0.018139"/>
</kw>
<kw name="Wait For Elements State" owner="Browser">
<msg time="2026-04-16T23:39:16.096488" level="INFO">Waited for Element with selector [data-testid="audit-stats-panel"] at state visible</msg>
<arg>[data-testid="audit-stats-panel"]</arg>
<arg>visible</arg>
<arg>timeout=10s</arg>
<tag>PageContent</tag>
<tag>Wait</tag>
<doc>Waits for the element found by ``selector`` to satisfy state option.</doc>
<status status="PASS" start="2026-04-16T23:39:16.092980" elapsed="0.003593"/>
</kw>
<status status="PASS" start="2026-04-16T23:39:15.458114" elapsed="0.638529"/>
</kw>
<kw name="Filter By Event Key Glob" owner="audit">
<kw name="Fill Text" owner="Browser">
<msg time="2026-04-16T23:39:16.097315" level="INFO">Fills the text 'e2e-audit-1776362953.evt*' in the given field.</msg>
<arg>[data-testid="audit-filter-event-key"]</arg>
<arg>${pattern}</arg>
<tag>PageContent</tag>
<tag>Setter</tag>
<doc>Clears and fills the given ``txt`` into the text field found by ``selector``.</doc>
<status status="PASS" start="2026-04-16T23:39:16.097015" elapsed="0.038048"/>
</kw>
<arg>${PREFIX}.evt*</arg>
<status status="PASS" start="2026-04-16T23:39:16.096758" elapsed="0.038374"/>
</kw>
<kw name="Wait For Load State" owner="Browser">
<msg time="2026-04-16T23:39:16.135549" level="INFO">Waiting page load to state to receive networkidle in 10000.0</msg>
<msg time="2026-04-16T23:39:16.136694" level="INFO">Load state networkidle got in 10000</msg>
<arg>networkidle</arg>
<arg>timeout=10s</arg>
<tag>PageContent</tag>
<tag>Wait</tag>
<doc>Waits that the page reaches the required load state.</doc>
<status status="PASS" start="2026-04-16T23:39:16.135228" elapsed="0.001542"/>
</kw>
<kw name="Assert Events Table Has Rows" owner="audit">
<kw name="Get Element Count" owner="Browser">
<msg time="2026-04-16T23:39:16.139705" level="INFO">${count} = 48</msg>
<var>${count}</var>
<arg>css=tr[data-testid^="audit-row-"]</arg>
<tag>Assertion</tag>
<tag>Getter</tag>
<tag>PageContent</tag>
<doc>Returns the count of elements found with ``selector``.</doc>
<status status="PASS" start="2026-04-16T23:39:16.137070" elapsed="0.002653"/>
</kw>
<kw name="Should Be True" owner="BuiltIn">
<arg>${count} &gt; 0</arg>
<arg>Expected at least one audit row; got ${count}</arg>
<doc>Fails if the given condition is not true.</doc>
<status status="PASS" start="2026-04-16T23:39:16.139789" elapsed="0.000225"/>
</kw>
<status status="PASS" start="2026-04-16T23:39:16.136891" elapsed="0.003156"/>
</kw>
<kw name="Assert Totals Equals" owner="audit">
<kw name="Wait For Elements State" owner="Browser">
<msg time="2026-04-16T23:39:16.217852" level="INFO">Waited for Element with selector [data-testid="audit-stats-total"] at state visible</msg>
<arg>[data-testid="audit-stats-total"]</arg>
<arg>visible</arg>
<arg>timeout=15s</arg>
<tag>PageContent</tag>
<tag>Wait</tag>
<doc>Waits for the element found by ``selector`` to satisfy state option.</doc>
<status status="PASS" start="2026-04-16T23:39:16.140228" elapsed="0.077710"/>
</kw>
<kw name="Wait Until Keyword Succeeds" owner="BuiltIn">
<kw name="_Check Total Value" owner="audit">
<kw name="Get Text" owner="Browser">
<msg time="2026-04-16T23:39:16.229161" level="INFO">Text: '12'</msg>
<msg time="2026-04-16T23:39:16.229228" level="INFO">${text} = 12</msg>
<var>${text}</var>
<arg>[data-testid="audit-stats-total"]</arg>
<tag>Assertion</tag>
<tag>Getter</tag>
<tag>PageContent</tag>
<doc>Returns text attribute of the element found by ``selector``.</doc>
<status status="PASS" start="2026-04-16T23:39:16.218561" elapsed="0.010678"/>
</kw>
<kw name="Should Be Equal As Strings" owner="BuiltIn">
<arg>${text}</arg>
<arg>${expected}</arg>
<doc>Fails if objects are unequal after converting them to strings.</doc>
<status status="PASS" start="2026-04-16T23:39:16.229314" elapsed="0.000194"/>
</kw>
<arg>${expected}</arg>
<status status="PASS" start="2026-04-16T23:39:16.218411" elapsed="0.011128"/>
</kw>
<arg>15s</arg>
<arg>500ms</arg>
<arg>_Check Total Value</arg>
<arg>${expected}</arg>
<doc>Runs the specified keyword and retries if it fails.</doc>
<status status="PASS" start="2026-04-16T23:39:16.218052" elapsed="0.011509"/>
</kw>
<arg>12</arg>
<status status="PASS" start="2026-04-16T23:39:16.140110" elapsed="0.089475"/>
</kw>
<doc>Sign in, navigate /audit, apply prefix filter, verify filter bar, stats panel,
and events table all show seeded events (12 total).</doc>
<status status="PASS" start="2026-04-16T23:39:14.646994" elapsed="1.582638"/>
</test>
<test id="s1-t2" name="Filter By Event Key Glob Reduces Set" line="60">
<kw name="Filter By Event Key Glob" owner="audit">
<kw name="Fill Text" owner="Browser">
<msg time="2026-04-16T23:39:16.233000" level="INFO">Fills the text 'e2e-audit-1776362953.evt.alpha' in the given field.</msg>
<arg>[data-testid="audit-filter-event-key"]</arg>
<arg>${pattern}</arg>
<tag>PageContent</tag>
<tag>Setter</tag>
<doc>Clears and fills the given ``txt`` into the text field found by ``selector``.</doc>
<status status="PASS" start="2026-04-16T23:39:16.232814" elapsed="0.011874"/>
</kw>
<arg>${PREFIX}.evt.alpha</arg>
<status status="PASS" start="2026-04-16T23:39:16.232649" elapsed="0.012103"/>
</kw>
<kw name="Wait For Load State" owner="Browser">
<msg time="2026-04-16T23:39:16.245080" level="INFO">Waiting page load to state to receive networkidle in 10000.0</msg>
<msg time="2026-04-16T23:39:16.246009" level="INFO">Load state networkidle got in 10000</msg>
<arg>networkidle</arg>
<arg>timeout=10s</arg>
<tag>PageContent</tag>
<tag>Wait</tag>
<doc>Waits that the page reaches the required load state.</doc>
<status status="PASS" start="2026-04-16T23:39:16.244821" elapsed="0.001253"/>
</kw>
<kw name="Assert Totals Equals" owner="audit">
<kw name="Wait For Elements State" owner="Browser">
<msg time="2026-04-16T23:39:16.323684" level="INFO">Waited for Element with selector [data-testid="audit-stats-total"] at state visible</msg>
<arg>[data-testid="audit-stats-total"]</arg>
<arg>visible</arg>
<arg>timeout=15s</arg>
<tag>PageContent</tag>
<tag>Wait</tag>
<doc>Waits for the element found by ``selector`` to satisfy state option.</doc>
<status status="PASS" start="2026-04-16T23:39:16.246332" elapsed="0.077438"/>
</kw>
<kw name="Wait Until Keyword Succeeds" owner="BuiltIn">
<kw name="_Check Total Value" owner="audit">
<kw name="Get Text" owner="Browser">
<msg time="2026-04-16T23:39:16.328535" level="INFO">Text: '4'</msg>
<msg time="2026-04-16T23:39:16.328591" level="INFO">${text} = 4</msg>
<var>${text}</var>
<arg>[data-testid="audit-stats-total"]</arg>
<tag>Assertion</tag>
<tag>Getter</tag>
<tag>PageContent</tag>
<doc>Returns text attribute of the element found by ``selector``.</doc>
<status status="PASS" start="2026-04-16T23:39:16.324306" elapsed="0.004296"/>
</kw>
<kw name="Should Be Equal As Strings" owner="BuiltIn">
<arg>${text}</arg>
<arg>${expected}</arg>
<doc>Fails if objects are unequal after converting them to strings.</doc>
<status status="PASS" start="2026-04-16T23:39:16.328664" elapsed="0.000170"/>
</kw>
<arg>${expected}</arg>
<status status="PASS" start="2026-04-16T23:39:16.324166" elapsed="0.004700"/>
</kw>
<arg>15s</arg>
<arg>500ms</arg>
<arg>_Check Total Value</arg>
<arg>${expected}</arg>
<doc>Runs the specified keyword and retries if it fails.</doc>
<status status="PASS" start="2026-04-16T23:39:16.323872" elapsed="0.005014"/>
</kw>
<arg>4</arg>
<status status="PASS" start="2026-04-16T23:39:16.246174" elapsed="0.082733"/>
</kw>
<doc>Narrow the glob to .alpha only — 4 rows (12 / 3 event types).</doc>
<status status="PASS" start="2026-04-16T23:39:16.231599" elapsed="0.097354"/>
</test>
<test id="s1-t3" name="Detail Drawer Opens On Row Click" line="66">
<kw name="Fill Text" owner="Browser">
<msg time="2026-04-16T23:39:16.332128" level="INFO">Fills the text '' in the given field.</msg>
<arg>[data-testid="audit-filter-event-key"]</arg>
<arg>${EMPTY}</arg>
<tag>PageContent</tag>
<tag>Setter</tag>
<doc>Clears and fills the given ``txt`` into the text field found by ``selector``.</doc>
<status status="PASS" start="2026-04-16T23:39:16.331779" elapsed="0.008854"/>
</kw>
<kw name="Sleep" owner="BuiltIn">
<msg time="2026-04-16T23:39:16.841468" level="INFO">Slept 500 milliseconds.</msg>
<arg>500ms</arg>
<doc>Pauses the test executed for the given time.</doc>
<status status="PASS" start="2026-04-16T23:39:16.340705" elapsed="0.501080"/>
</kw>
<kw name="Click First Event Row" owner="audit">
<kw name="Get Element Count" owner="Browser">
<msg time="2026-04-16T23:39:16.849278" level="INFO">${count} = 48</msg>
<var>${count}</var>
<arg>css=tr[data-testid^="audit-row-"]</arg>
<tag>Assertion</tag>
<tag>Getter</tag>
<tag>PageContent</tag>
<doc>Returns the count of elements found with ``selector``.</doc>
<status status="PASS" start="2026-04-16T23:39:16.843194" elapsed="0.006131"/>
</kw>
<kw name="Should Be True" owner="BuiltIn">
<arg>${count} &gt; 0</arg>
<arg>Expected at least one audit row</arg>
<doc>Fails if the given condition is not true.</doc>
<status status="PASS" start="2026-04-16T23:39:16.849485" elapsed="0.000443"/>
</kw>
<kw name="Click" owner="Browser">
<msg time="2026-04-16T23:39:16.850361" level="INFO">Clicks the element 'css=tbody &gt; tr:first-child'.</msg>
<arg>css=tbody &gt; tr:first-child</arg>
<tag>PageContent</tag>
<tag>Setter</tag>
<doc>Simulates mouse click on the element found by ``selector``.</doc>
<status status="PASS" start="2026-04-16T23:39:16.850036" elapsed="0.082965"/>
</kw>
<status status="PASS" start="2026-04-16T23:39:16.842331" elapsed="0.090740"/>
</kw>
<kw name="Assert Detail Drawer Open" owner="audit">
<kw name="Wait For Elements State" owner="Browser">
<msg time="2026-04-16T23:39:16.935815" level="INFO">Waited for Element with selector [data-testid="audit-detail-drawer"] at state visible</msg>
<arg>[data-testid="audit-detail-drawer"]</arg>
<arg>visible</arg>
<arg>timeout=5s</arg>
<tag>PageContent</tag>
<tag>Wait</tag>
<doc>Waits for the element found by ``selector`` to satisfy state option.</doc>
<status status="PASS" start="2026-04-16T23:39:16.933373" elapsed="0.002496"/>
</kw>
<kw name="Wait For Elements State" owner="Browser">
<msg time="2026-04-16T23:39:16.937884" level="INFO">Waited for Element with selector [data-testid="detail-metadata"] at state visible</msg>
<arg>[data-testid="detail-metadata"]</arg>
<arg>visible</arg>
<arg>timeout=5s</arg>
<tag>PageContent</tag>
<tag>Wait</tag>
<doc>Waits for the element found by ``selector`` to satisfy state option.</doc>
<status status="PASS" start="2026-04-16T23:39:16.935940" elapsed="0.001986"/>
</kw>
<status status="PASS" start="2026-04-16T23:39:16.933175" elapsed="0.004787"/>
</kw>
<kw name="Close Detail Drawer" owner="audit">
<kw name="Click" owner="Browser">
<msg time="2026-04-16T23:39:16.938269" level="INFO">Clicks the element '[data-testid="audit-detail-close"]'.</msg>
<arg>[data-testid="audit-detail-close"]</arg>
<tag>PageContent</tag>
<tag>Setter</tag>
<doc>Simulates mouse click on the element found by ``selector``.</doc>
<status status="PASS" start="2026-04-16T23:39:16.938134" elapsed="0.054625"/>
</kw>
<kw name="Wait For Elements State" owner="Browser">
<msg time="2026-04-16T23:39:16.995094" level="INFO">Waited for Element with selector [data-testid="audit-detail-drawer"] at state hidden</msg>
<arg>[data-testid="audit-detail-drawer"]</arg>
<arg>hidden</arg>
<arg>timeout=5s</arg>
<tag>PageContent</tag>
<tag>Wait</tag>
<doc>Waits for the element found by ``selector`` to satisfy state option.</doc>
<status status="PASS" start="2026-04-16T23:39:16.992868" elapsed="0.002318"/>
</kw>
<status status="PASS" start="2026-04-16T23:39:16.938021" elapsed="0.057209"/>
</kw>
<doc>Click the first event row, verify the drawer opens with
the metadata block rendered, then close it.</doc>
<status status="PASS" start="2026-04-16T23:39:16.330556" elapsed="0.664730"/>
</test>
<kw name="Teardown Audit Suite" type="TEARDOWN">
<kw name="Cleanup Seeded Audit" owner="audit">
<kw name="Connect To Database" owner="DatabaseLibrary">
<msg time="2026-04-16T23:39:16.997478" level="INFO">Looking for configuration file: 'resources/db.cfg'</msg>
<msg time="2026-04-16T23:39:16.997504" level="INFO">Configuration file doesn't exist</msg>
<msg time="2026-04-16T23:39:16.997575" level="INFO">Connect to DB using : psycopg2.connect(database='tennetctl', user='tennetctl', password=***, host='localhost', port=5434)</msg>
<arg>psycopg2</arg>
<arg>${DB_NAME}</arg>
<arg>${DB_USER}</arg>
<arg>${DB_PASS}</arg>
<arg>${DB_HOST}</arg>
<arg>${DB_PORT}</arg>
<doc>Creates a database connection using the DB API 2.0 ``db_module`` and the parameters provided.
Along with listed commonly used arguments (`db_name`, `db_host` etc.)
you can set any other DB module specific parameters as key/value pairs.</doc>
<status status="PASS" start="2026-04-16T23:39:16.997336" elapsed="0.009889"/>
</kw>
<kw name="Execute Sql String" owner="DatabaseLibrary">
<msg time="2026-04-16T23:39:17.007475" level="INFO" html="true">Executing sql:&lt;br&gt;&lt;code style="font-weight: bold;"&gt;DELETE FROM "04_audit"."60_evt_audit" WHERE event_key LIKE 'e2e-audit-1776362953.%' OR metadata-&gt;&gt;'tag' = 'e2e-audit-1776362953';&lt;/code&gt;</msg>
<msg time="2026-04-16T23:39:17.010301" level="INFO">Commit the transaction</msg>
<arg>DELETE FROM "04_audit"."60_evt_audit" WHERE event_key LIKE '${prefix}.%' OR metadata-&gt;&gt;'tag' = '${prefix}';</arg>
<doc>Executes the ``sql_string`` - as a single SQL command (default) or as separate statements.</doc>
<status status="PASS" start="2026-04-16T23:39:17.007330" elapsed="0.004443"/>
</kw>
<kw name="Disconnect From Database" owner="DatabaseLibrary">
<doc>Disconnects from the database.</doc>
<status status="PASS" start="2026-04-16T23:39:17.011836" elapsed="0.000071"/>
</kw>
<arg>${PREFIX}</arg>
<status status="PASS" start="2026-04-16T23:39:16.997228" elapsed="0.014709"/>
</kw>
<kw name="Close Browser" owner="Browser">
<msg time="2026-04-16T23:39:17.030031" level="INFO">Closed all browsers</msg>
<arg>ALL</arg>
<tag>BrowserControl</tag>
<tag>Setter</tag>
<doc>Closes the current browser.</doc>
<status status="PASS" start="2026-04-16T23:39:17.011977" elapsed="0.018142"/>
</kw>
<status status="PASS" start="2026-04-16T23:39:16.997094" elapsed="0.033080"/>
</kw>
<doc>Audit Explorer — navigation, filtering, detail drawer, stats.
Drives live backend (51734) + frontend (51735). Creates a test
user via API, seeds audit events for that user's org, signs in
via UI, navigates /audit, verifies filter + detail drawer.</doc>
<status status="PASS" start="2026-04-16T23:39:12.977091" elapsed="4.053102"/>
</suite>
<statistics>
<total>
<stat pass="3" fail="0" skip="0">All Tests</stat>
</total>
<tag>
</tag>
<suite>
<stat name="01 Explorer" id="s1" pass="3" fail="0" skip="0">01 Explorer</stat>
</suite>
</statistics>
<errors>
</errors>
</robot>
