<?xml version="1.0" encoding="UTF-8"?>
<coverage generated="1776519144574" clover="3.2.0">
  <project timestamp="1776519144574" name="All files">
    <metrics statements="660" coveredstatements="639" conditionals="189" coveredconditionals="142" methods="96" coveredmethods="90" elements="945" coveredelements="871" complexity="0" loc="660" ncloc="660" packages="1" files="14" classes="14"/>
    <file name="audit.ts" path="/Users/sri/Documents/tennetctl/sdk/typescript/src/audit.ts">
      <metrics statements="52" coveredstatements="42" conditionals="13" coveredconditionals="8" methods="12" coveredmethods="8"/>
      <line num="3" count="1" type="stmt"/>
      <line num="4" count="1" type="cond" truecount="1" falsecount="0"/>
      <line num="6" count="1" type="cond" truecount="1" falsecount="0"/>
      <line num="7" count="1" type="stmt"/>
      <line num="8" count="1" type="stmt"/>
      <line num="10" count="1" type="cond" truecount="1" falsecount="0"/>
      <line num="11" count="1" type="stmt"/>
      <line num="12" count="1" type="stmt"/>
      <line num="14" count="1" type="stmt"/>
      <line num="15" count="0" type="stmt"/>
      <line num="16" count="0" type="stmt"/>
      <line num="18" count="1" type="stmt"/>
      <line num="19" count="0" type="stmt"/>
      <line num="20" count="0" type="stmt"/>
      <line num="22" count="1" type="cond" truecount="1" falsecount="0"/>
      <line num="23" count="1" type="stmt"/>
      <line num="24" count="1" type="stmt"/>
      <line num="26" count="1" type="stmt"/>
      <line num="27" count="0" type="stmt"/>
      <line num="28" count="0" type="stmt"/>
      <line num="30" count="1" type="stmt"/>
      <line num="31" count="0" type="stmt"/>
      <line num="32" count="0" type="stmt"/>
      <line num="34" count="1" type="cond" truecount="1" falsecount="0"/>
      <line num="35" count="1" type="stmt"/>
      <line num="36" count="1" type="stmt"/>
      <line num="37" count="1" type="stmt"/>
      <line num="38" count="1" type="stmt"/>
      <line num="39" count="1" type="cond" truecount="0" falsecount="1"/>
      <line num="40" count="1" type="stmt"/>
      <line num="41" count="1" type="stmt"/>
      <line num="43" count="1" type="cond" truecount="1" falsecount="0"/>
      <line num="44" count="1" type="stmt"/>
      <line num="45" count="1" type="stmt"/>
      <line num="46" count="1" type="stmt"/>
      <line num="47" count="1" type="stmt"/>
      <line num="48" count="1" type="stmt"/>
      <line num="49" count="1" type="cond" truecount="0" falsecount="2"/>
      <line num="50" count="1" type="stmt"/>
      <line num="51" count="1" type="cond" truecount="0" falsecount="1"/>
      <line num="52" count="0" type="stmt"/>
      <line num="53" count="0" type="stmt"/>
      <line num="54" count="1" type="stmt"/>
      <line num="55" count="1" type="stmt"/>
      <line num="56" count="1" type="cond" truecount="0" falsecount="1"/>
      <line num="57" count="1" type="stmt"/>
      <line num="59" count="1" type="cond" truecount="1" falsecount="0"/>
      <line num="60" count="82" type="stmt"/>
      <line num="61" count="82" type="cond" truecount="1" falsecount="0"/>
      <line num="62" count="82" type="stmt"/>
      <line num="63" count="82" type="stmt"/>
      <line num="65" count="82" type="stmt"/>
    </file>
    <file name="auth.ts" path="/Users/sri/Documents/tennetctl/sdk/typescript/src/auth.ts">
      <metrics statements="79" coveredstatements="77" conditionals="30" coveredconditionals="23" methods="17" coveredmethods="17"/>
      <line num="11" count="1" type="stmt"/>
      <line num="12" count="1" type="cond" truecount="1" falsecount="0"/>
      <line num="14" count="1" type="cond" truecount="1" falsecount="0"/>
      <line num="15" count="1" type="stmt"/>
      <line num="16" count="1" type="cond" truecount="0" falsecount="1"/>
      <line num="17" count="1" type="stmt"/>
      <line num="19" count="1" type="cond" truecount="1" falsecount="0"/>
      <line num="20" count="1" type="stmt"/>
      <line num="21" count="1" type="stmt"/>
      <line num="23" count="1" type="cond" truecount="1" falsecount="0"/>
      <line num="24" count="1" type="stmt"/>
      <line num="25" count="1" type="stmt"/>
      <line num="27" count="1" type="cond" truecount="1" falsecount="0"/>
      <line num="28" count="1" type="stmt"/>
      <line num="29" count="1" type="stmt"/>
      <line num="30" count="1" type="stmt"/>
      <line num="32" count="1" type="stmt"/>
      <line num="33" count="1" type="cond" truecount="1" falsecount="0"/>
      <line num="35" count="1" type="cond" truecount="1" falsecount="0"/>
      <line num="36" count="1" type="stmt"/>
      <line num="37" count="1" type="cond" truecount="0" falsecount="1"/>
      <line num="38" count="1" type="stmt"/>
      <line num="40" count="1" type="cond" truecount="1" falsecount="0"/>
      <line num="44" count="2" type="stmt"/>
      <line num="45" count="2" type="stmt"/>
      <line num="46" count="2" type="cond" truecount="1" falsecount="0"/>
      <line num="47" count="2" type="stmt"/>
      <line num="48" count="2" type="stmt"/>
      <line num="50" count="1" type="cond" truecount="1" falsecount="0"/>
      <line num="51" count="1" type="stmt"/>
      <line num="52" count="1" type="stmt"/>
      <line num="54" count="1" type="cond" truecount="1" falsecount="0"/>
      <line num="55" count="1" type="stmt"/>
      <line num="56" count="1" type="stmt"/>
      <line num="57" count="1" type="stmt"/>
      <line num="59" count="3" type="cond" truecount="1" falsecount="0"/>
      <line num="60" count="3" type="cond" truecount="0" falsecount="1"/>
      <line num="61" count="3" type="cond" truecount="2" falsecount="0"/>
      <line num="62" count="3" type="cond" truecount="1" falsecount="1"/>
      <line num="63" count="3" type="cond" truecount="1" falsecount="0"/>
      <line num="64" count="1" type="stmt"/>
      <line num="65" count="1" type="stmt"/>
      <line num="66" count="1" type="cond" truecount="0" falsecount="1"/>
      <line num="67" count="0" type="stmt"/>
      <line num="68" count="0" type="stmt"/>
      <line num="70" count="1" type="cond" truecount="1" falsecount="0"/>
      <line num="71" count="82" type="stmt"/>
      <line num="72" count="82" type="stmt"/>
      <line num="74" count="82" type="cond" truecount="1" falsecount="0"/>
      <line num="75" count="82" type="stmt"/>
      <line num="76" count="82" type="stmt"/>
      <line num="77" count="82" type="stmt"/>
      <line num="79" count="82" type="cond" truecount="1" falsecount="0"/>
      <line num="80" count="2" type="stmt"/>
      <line num="81" count="2" type="stmt"/>
      <line num="82" count="2" type="stmt"/>
      <line num="83" count="2" type="stmt"/>
      <line num="84" count="2" type="stmt"/>
      <line num="85" count="2" type="cond" truecount="0" falsecount="1"/>
      <line num="86" count="2" type="stmt"/>
      <line num="88" count="82" type="cond" truecount="1" falsecount="0"/>
      <line num="89" count="1" type="stmt"/>
      <line num="90" count="1" type="stmt"/>
      <line num="91" count="1" type="stmt"/>
      <line num="92" count="1" type="stmt"/>
      <line num="93" count="1" type="stmt"/>
      <line num="94" count="1" type="cond" truecount="0" falsecount="1"/>
      <line num="95" count="1" type="stmt"/>
      <line num="97" count="82" type="cond" truecount="1" falsecount="0"/>
      <line num="98" count="2" type="stmt"/>
      <line num="99" count="2" type="cond" truecount="1" falsecount="0"/>
      <line num="100" count="2" type="stmt"/>
      <line num="101" count="2" type="stmt"/>
      <line num="102" count="2" type="stmt"/>
      <line num="103" count="2" type="stmt"/>
      <line num="105" count="82" type="cond" truecount="1" falsecount="0"/>
      <line num="106" count="1" type="stmt"/>
      <line num="107" count="1" type="stmt"/>
      <line num="108" count="82" type="stmt"/>
    </file>
    <file name="catalog.ts" path="/Users/sri/Documents/tennetctl/sdk/typescript/src/catalog.ts">
      <metrics statements="39" coveredstatements="39" conditionals="12" coveredconditionals="5" methods="5" coveredmethods="5"/>
      <line num="3" count="1" type="stmt"/>
      <line num="4" count="1" type="cond" truecount="1" falsecount="0"/>
      <line num="6" count="1" type="cond" truecount="1" falsecount="0"/>
      <line num="7" count="1" type="stmt"/>
      <line num="8" count="1" type="stmt"/>
      <line num="9" count="1" type="stmt"/>
      <line num="10" count="1" type="stmt"/>
      <line num="11" count="1" type="stmt"/>
      <line num="12" count="1" type="stmt"/>
      <line num="13" count="1" type="stmt"/>
      <line num="14" count="1" type="cond" truecount="0" falsecount="1"/>
      <line num="15" count="1" type="stmt"/>
      <line num="16" count="1" type="cond" truecount="0" falsecount="1"/>
      <line num="17" count="1" type="stmt"/>
      <line num="19" count="1" type="cond" truecount="1" falsecount="0"/>
      <line num="20" count="1" type="stmt"/>
      <line num="21" count="1" type="stmt"/>
      <line num="22" count="1" type="stmt"/>
      <line num="23" count="1" type="cond" truecount="0" falsecount="1"/>
      <line num="24" count="1" type="stmt"/>
      <line num="25" count="1" type="stmt"/>
      <line num="26" count="1" type="stmt"/>
      <line num="27" count="1" type="cond" truecount="0" falsecount="1"/>
      <line num="28" count="1" type="stmt"/>
      <line num="29" count="1" type="cond" truecount="0" falsecount="1"/>
      <line num="30" count="1" type="stmt"/>
      <line num="32" count="1" type="cond" truecount="1" falsecount="0"/>
      <line num="33" count="1" type="cond" truecount="0" falsecount="1"/>
      <line num="34" count="1" type="stmt"/>
      <line num="35" count="1" type="stmt"/>
      <line num="36" count="1" type="stmt"/>
      <line num="37" count="1" type="stmt"/>
      <line num="38" count="1" type="stmt"/>
      <line num="39" count="1" type="cond" truecount="0" falsecount="1"/>
      <line num="40" count="1" type="stmt"/>
      <line num="42" count="1" type="cond" truecount="1" falsecount="0"/>
      <line num="43" count="1" type="stmt"/>
      <line num="44" count="1" type="stmt"/>
      <line num="45" count="1" type="stmt"/>
    </file>
    <file name="client.ts" path="/Users/sri/Documents/tennetctl/sdk/typescript/src/client.ts">
      <metrics statements="40" coveredstatements="40" conditionals="4" coveredconditionals="4" methods="4" coveredmethods="4"/>
      <line num="1" count="1" type="stmt"/>
      <line num="22" count="1" type="cond" truecount="1" falsecount="0"/>
      <line num="23" count="82" type="stmt"/>
      <line num="24" count="82" type="stmt"/>
      <line num="25" count="82" type="stmt"/>
      <line num="26" count="82" type="stmt"/>
      <line num="27" count="82" type="stmt"/>
      <line num="28" count="82" type="stmt"/>
      <line num="29" count="82" type="stmt"/>
      <line num="30" count="82" type="stmt"/>
      <line num="31" count="82" type="stmt"/>
      <line num="32" count="82" type="stmt"/>
      <line num="33" count="82" type="stmt"/>
      <line num="35" count="82" type="cond" truecount="1" falsecount="0"/>
      <line num="36" count="82" type="stmt"/>
      <line num="37" count="82" type="stmt"/>
      <line num="38" count="82" type="stmt"/>
      <line num="39" count="82" type="stmt"/>
      <line num="40" count="82" type="stmt"/>
      <line num="41" count="82" type="stmt"/>
      <line num="42" count="82" type="stmt"/>
      <line num="43" count="82" type="stmt"/>
      <line num="44" count="82" type="stmt"/>
      <line num="45" count="82" type="stmt"/>
      <line num="46" count="82" type="stmt"/>
      <line num="47" count="82" type="stmt"/>
      <line num="48" count="82" type="stmt"/>
      <line num="49" count="82" type="stmt"/>
      <line num="50" count="82" type="stmt"/>
      <line num="51" count="82" type="stmt"/>
      <line num="52" count="82" type="stmt"/>
      <line num="53" count="82" type="stmt"/>
      <line num="54" count="82" type="stmt"/>
      <line num="56" count="82" type="cond" truecount="1" falsecount="0"/>
      <line num="57" count="8" type="stmt"/>
      <line num="58" count="8" type="stmt"/>
      <line num="61" count="82" type="cond" truecount="1" falsecount="0"/>
      <line num="62" count="22" type="stmt"/>
      <line num="63" count="22" type="stmt"/>
      <line num="64" count="82" type="stmt"/>
    </file>
    <file name="errors.ts" path="/Users/sri/Documents/tennetctl/sdk/typescript/src/errors.ts">
      <metrics statements="49" coveredstatements="49" conditionals="9" coveredconditionals="8" methods="3" coveredmethods="3"/>
      <line num="6" count="1" type="cond" truecount="1" falsecount="0"/>
      <line num="7" count="14" type="stmt"/>
      <line num="8" count="14" type="stmt"/>
      <line num="9" count="14" type="stmt"/>
      <line num="11" count="14" type="cond" truecount="1" falsecount="0"/>
      <line num="12" count="14" type="stmt"/>
      <line num="13" count="14" type="stmt"/>
      <line num="14" count="14" type="stmt"/>
      <line num="15" count="14" type="stmt"/>
      <line num="16" count="14" type="stmt"/>
      <line num="17" count="14" type="cond" truecount="0" falsecount="1"/>
      <line num="18" count="14" type="cond" truecount="1" falsecount="0"/>
      <line num="19" count="14" type="cond" truecount="1" falsecount="0"/>
      <line num="20" count="14" type="stmt"/>
      <line num="21" count="14" type="stmt"/>
      <line num="23" count="1" type="stmt"/>
      <line num="24" count="1" type="stmt"/>
      <line num="25" count="1" type="stmt"/>
      <line num="26" count="1" type="stmt"/>
      <line num="27" count="1" type="stmt"/>
      <line num="28" count="1" type="stmt"/>
      <line num="29" count="1" type="stmt"/>
      <line num="31" count="1" type="stmt"/>
      <line num="32" count="1" type="stmt"/>
      <line num="33" count="1" type="stmt"/>
      <line num="34" count="1" type="stmt"/>
      <line num="35" count="1" type="stmt"/>
      <line num="36" count="1" type="stmt"/>
      <line num="37" count="1" type="stmt"/>
      <line num="38" count="1" type="stmt"/>
      <line num="39" count="1" type="stmt"/>
      <line num="41" count="1" type="cond" truecount="1" falsecount="0"/>
      <line num="42" count="13" type="stmt"/>
      <line num="43" count="13" type="stmt"/>
      <line num="44" count="13" type="stmt"/>
      <line num="45" count="13" type="stmt"/>
      <line num="46" count="13" type="cond" truecount="3" falsecount="0"/>
      <line num="48" count="13" type="stmt"/>
      <line num="49" count="13" type="stmt"/>
      <line num="50" count="13" type="stmt"/>
      <line num="51" count="13" type="stmt"/>
      <line num="52" count="13" type="stmt"/>
      <line num="53" count="13" type="stmt"/>
      <line num="54" count="13" type="stmt"/>
      <line num="55" count="13" type="stmt"/>
      <line num="56" count="13" type="stmt"/>
      <line num="57" count="13" type="stmt"/>
      <line num="58" count="13" type="stmt"/>
      <line num="59" count="13" type="stmt"/>
    </file>
    <file name="flags.ts" path="/Users/sri/Documents/tennetctl/sdk/typescript/src/flags.ts">
      <metrics statements="39" coveredstatements="39" conditionals="13" coveredconditionals="12" methods="7" coveredmethods="7"/>
      <line num="3" count="1" type="stmt"/>
      <line num="5" count="7" type="cond" truecount="1" falsecount="0"/>
      <line num="6" count="7" type="stmt"/>
      <line num="7" count="7" type="stmt"/>
      <line num="16" count="1" type="cond" truecount="1" falsecount="0"/>
      <line num="17" count="82" type="stmt"/>
      <line num="19" count="82" type="cond" truecount="1" falsecount="0"/>
      <line num="20" count="82" type="stmt"/>
      <line num="21" count="82" type="stmt"/>
      <line num="22" count="82" type="stmt"/>
      <line num="24" count="82" type="cond" truecount="1" falsecount="0"/>
      <line num="25" count="7" type="stmt"/>
      <line num="26" count="7" type="stmt"/>
      <line num="27" count="7" type="stmt"/>
      <line num="28" count="7" type="stmt"/>
      <line num="29" count="7" type="stmt"/>
      <line num="30" count="7" type="stmt"/>
      <line num="31" count="7" type="cond" truecount="2" falsecount="0"/>
      <line num="32" count="1" type="stmt"/>
      <line num="33" count="1" type="cond" truecount="1" falsecount="0"/>
      <line num="35" count="6" type="stmt"/>
      <line num="36" count="7" type="cond" truecount="2" falsecount="0"/>
      <line num="37" count="6" type="stmt"/>
      <line num="38" count="6" type="stmt"/>
      <line num="39" count="6" type="stmt"/>
      <line num="40" count="7" type="stmt"/>
      <line num="42" count="82" type="cond" truecount="1" falsecount="0"/>
      <line num="43" count="1" type="stmt"/>
      <line num="44" count="1" type="stmt"/>
      <line num="45" count="1" type="stmt"/>
      <line num="46" count="1" type="cond" truecount="0" falsecount="1"/>
      <line num="47" count="1" type="stmt"/>
      <line num="49" count="82" type="cond" truecount="1" falsecount="0"/>
      <line num="50" count="1" type="stmt"/>
      <line num="51" count="1" type="stmt"/>
      <line num="53" count="82" type="cond" truecount="1" falsecount="0"/>
      <line num="55" count="1" type="stmt"/>
      <line num="56" count="1" type="stmt"/>
      <line num="57" count="82" type="stmt"/>
    </file>
    <file name="iam.ts" path="/Users/sri/Documents/tennetctl/sdk/typescript/src/iam.ts">
      <metrics statements="36" coveredstatements="36" conditionals="9" coveredconditionals="8" methods="5" coveredmethods="5"/>
      <line num="3" count="1" type="stmt"/>
      <line num="4" count="1" type="cond" truecount="1" falsecount="0"/>
      <line num="5" count="410" type="stmt"/>
      <line num="6" count="410" type="stmt"/>
      <line num="7" count="410" type="stmt"/>
      <line num="9" count="1" type="cond" truecount="1" falsecount="0"/>
      <line num="11" count="6" type="stmt"/>
      <line num="12" count="6" type="stmt"/>
      <line num="13" count="6" type="cond" truecount="1" falsecount="0"/>
      <line num="14" count="2" type="stmt"/>
      <line num="15" count="2" type="stmt"/>
      <line num="16" count="6" type="stmt"/>
      <line num="17" count="6" type="stmt"/>
      <line num="18" count="6" type="stmt"/>
      <line num="19" count="6" type="cond" truecount="2" falsecount="0"/>
      <line num="20" count="6" type="stmt"/>
      <line num="21" count="6" type="cond" truecount="0" falsecount="1"/>
      <line num="22" count="6" type="stmt"/>
      <line num="24" count="1" type="cond" truecount="1" falsecount="0"/>
      <line num="25" count="1" type="stmt"/>
      <line num="26" count="1" type="stmt"/>
      <line num="27" count="1" type="stmt"/>
      <line num="29" count="1" type="cond" truecount="1" falsecount="0"/>
      <line num="30" count="82" type="stmt"/>
      <line num="31" count="82" type="stmt"/>
      <line num="32" count="82" type="stmt"/>
      <line num="33" count="82" type="stmt"/>
      <line num="34" count="82" type="stmt"/>
      <line num="36" count="82" type="cond" truecount="1" falsecount="0"/>
      <line num="37" count="82" type="stmt"/>
      <line num="38" count="82" type="stmt"/>
      <line num="39" count="82" type="stmt"/>
      <line num="40" count="82" type="stmt"/>
      <line num="41" count="82" type="stmt"/>
      <line num="42" count="82" type="stmt"/>
      <line num="43" count="82" type="stmt"/>
    </file>
    <file name="index.ts" path="/Users/sri/Documents/tennetctl/sdk/typescript/src/index.ts">
      <metrics statements="2" coveredstatements="2" conditionals="0" coveredconditionals="0" methods="0" coveredmethods="0"/>
      <line num="1" count="1" type="stmt"/>
      <line num="26" count="1" type="stmt"/>
    </file>
    <file name="logs.ts" path="/Users/sri/Documents/tennetctl/sdk/typescript/src/logs.ts">
      <metrics statements="55" coveredstatements="49" conditionals="14" coveredconditionals="10" methods="6" coveredmethods="5"/>
      <line num="9" count="4" type="cond" truecount="1" falsecount="0"/>
      <line num="10" count="4" type="cond" truecount="2" falsecount="0"/>
      <line num="11" count="4" type="cond" truecount="1" falsecount="0"/>
      <line num="12" count="1" type="cond" truecount="0" falsecount="1"/>
      <line num="13" count="0" type="stmt"/>
      <line num="14" count="0" type="cond" truecount="1" falsecount="0"/>
      <line num="15" count="2" type="stmt"/>
      <line num="16" count="2" type="stmt"/>
      <line num="18" count="1" type="stmt"/>
      <line num="19" count="1" type="cond" truecount="1" falsecount="0"/>
      <line num="21" count="1" type="cond" truecount="1" falsecount="0"/>
      <line num="28" count="1" type="stmt"/>
      <line num="29" count="1" type="stmt"/>
      <line num="30" count="1" type="stmt"/>
      <line num="32" count="1" type="stmt"/>
      <line num="33" count="1" type="stmt"/>
      <line num="34" count="1" type="stmt"/>
      <line num="35" count="1" type="stmt"/>
      <line num="36" count="1" type="stmt"/>
      <line num="37" count="1" type="cond" truecount="1" falsecount="0"/>
      <line num="38" count="3" type="stmt"/>
      <line num="39" count="3" type="stmt"/>
      <line num="40" count="1" type="stmt"/>
      <line num="41" count="1" type="stmt"/>
      <line num="42" count="1" type="cond" truecount="0" falsecount="1"/>
      <line num="43" count="1" type="cond" truecount="0" falsecount="1"/>
      <line num="45" count="1" type="stmt"/>
      <line num="46" count="1" type="stmt"/>
      <line num="47" count="1" type="stmt"/>
      <line num="48" count="1" type="stmt"/>
      <line num="49" count="1" type="stmt"/>
      <line num="50" count="1" type="stmt"/>
      <line num="51" count="1" type="stmt"/>
      <line num="52" count="1" type="stmt"/>
      <line num="53" count="1" type="stmt"/>
      <line num="54" count="1" type="stmt"/>
      <line num="55" count="1" type="stmt"/>
      <line num="57" count="1" type="stmt"/>
      <line num="58" count="0" type="stmt"/>
      <line num="59" count="0" type="stmt"/>
      <line num="60" count="0" type="stmt"/>
      <line num="61" count="0" type="stmt"/>
      <line num="63" count="1" type="cond" truecount="1" falsecount="0"/>
      <line num="64" count="1" type="stmt"/>
      <line num="65" count="1" type="stmt"/>
      <line num="67" count="1" type="cond" truecount="1" falsecount="0"/>
      <line num="68" count="1" type="stmt"/>
      <line num="69" count="1" type="stmt"/>
      <line num="70" count="1" type="stmt"/>
      <line num="71" count="1" type="stmt"/>
      <line num="72" count="1" type="stmt"/>
      <line num="73" count="1" type="cond" truecount="0" falsecount="1"/>
      <line num="74" count="1" type="stmt"/>
      <line num="75" count="1" type="stmt"/>
      <line num="76" count="1" type="stmt"/>
    </file>
    <file name="metrics.ts" path="/Users/sri/Documents/tennetctl/sdk/typescript/src/metrics.ts">
      <metrics statements="51" coveredstatements="51" conditionals="16" coveredconditionals="8" methods="8" coveredmethods="8"/>
      <line num="3" count="1" type="stmt"/>
      <line num="4" count="1" type="cond" truecount="1" falsecount="0"/>
      <line num="6" count="1" type="cond" truecount="1" falsecount="0"/>
      <line num="7" count="1" type="stmt"/>
      <line num="8" count="1" type="stmt"/>
      <line num="9" count="1" type="stmt"/>
      <line num="10" count="1" type="cond" truecount="0" falsecount="1"/>
      <line num="11" count="1" type="stmt"/>
      <line num="12" count="1" type="stmt"/>
      <line num="13" count="1" type="stmt"/>
      <line num="15" count="1" type="cond" truecount="1" falsecount="0"/>
      <line num="16" count="1" type="stmt"/>
      <line num="17" count="1" type="stmt"/>
      <line num="18" count="1" type="stmt"/>
      <line num="19" count="1" type="stmt"/>
      <line num="20" count="1" type="cond" truecount="0" falsecount="1"/>
      <line num="21" count="1" type="stmt"/>
      <line num="22" count="1" type="stmt"/>
      <line num="24" count="1" type="cond" truecount="1" falsecount="0"/>
      <line num="25" count="1" type="stmt"/>
      <line num="26" count="1" type="stmt"/>
      <line num="27" count="1" type="stmt"/>
      <line num="28" count="1" type="stmt"/>
      <line num="29" count="1" type="cond" truecount="0" falsecount="1"/>
      <line num="30" count="1" type="stmt"/>
      <line num="31" count="1" type="stmt"/>
      <line num="33" count="1" type="cond" truecount="1" falsecount="0"/>
      <line num="39" count="1" type="stmt"/>
      <line num="40" count="1" type="stmt"/>
      <line num="41" count="1" type="stmt"/>
      <line num="42" count="1" type="cond" truecount="0" falsecount="1"/>
      <line num="43" count="1" type="cond" truecount="0" falsecount="1"/>
      <line num="44" count="1" type="stmt"/>
      <line num="45" count="1" type="stmt"/>
      <line num="47" count="1" type="cond" truecount="1" falsecount="0"/>
      <line num="48" count="1" type="stmt"/>
      <line num="49" count="1" type="stmt"/>
      <line num="50" count="1" type="stmt"/>
      <line num="51" count="1" type="cond" truecount="0" falsecount="1"/>
      <line num="52" count="1" type="stmt"/>
      <line num="53" count="1" type="cond" truecount="0" falsecount="1"/>
      <line num="54" count="1" type="stmt"/>
      <line num="55" count="1" type="cond" truecount="0" falsecount="1"/>
      <line num="56" count="1" type="stmt"/>
      <line num="58" count="1" type="cond" truecount="1" falsecount="0"/>
      <line num="59" count="1" type="stmt"/>
      <line num="60" count="1" type="stmt"/>
      <line num="62" count="1" type="cond" truecount="1" falsecount="0"/>
      <line num="63" count="1" type="stmt"/>
      <line num="64" count="1" type="stmt"/>
      <line num="65" count="1" type="stmt"/>
    </file>
    <file name="notify.ts" path="/Users/sri/Documents/tennetctl/sdk/typescript/src/notify.ts">
      <metrics statements="16" coveredstatements="16" conditionals="6" coveredconditionals="5" methods="2" coveredmethods="2"/>
      <line num="3" count="1" type="stmt"/>
      <line num="4" count="1" type="cond" truecount="1" falsecount="0"/>
      <line num="6" count="1" type="cond" truecount="1" falsecount="0"/>
      <line num="12" count="4" type="stmt"/>
      <line num="13" count="4" type="stmt"/>
      <line num="14" count="4" type="stmt"/>
      <line num="15" count="4" type="stmt"/>
      <line num="16" count="4" type="stmt"/>
      <line num="17" count="4" type="cond" truecount="0" falsecount="1"/>
      <line num="18" count="4" type="cond" truecount="1" falsecount="0"/>
      <line num="20" count="4" type="cond" truecount="1" falsecount="0"/>
      <line num="21" count="1" type="cond" truecount="1" falsecount="0"/>
      <line num="22" count="3" type="stmt"/>
      <line num="24" count="4" type="stmt"/>
      <line num="25" count="4" type="stmt"/>
      <line num="26" count="1" type="stmt"/>
    </file>
    <file name="traces.ts" path="/Users/sri/Documents/tennetctl/sdk/typescript/src/traces.ts">
      <metrics statements="14" coveredstatements="14" conditionals="4" coveredconditionals="4" methods="4" coveredmethods="4"/>
      <line num="3" count="1" type="stmt"/>
      <line num="4" count="1" type="cond" truecount="1" falsecount="0"/>
      <line num="6" count="1" type="cond" truecount="1" falsecount="0"/>
      <line num="7" count="1" type="stmt"/>
      <line num="8" count="1" type="stmt"/>
      <line num="9" count="1" type="stmt"/>
      <line num="10" count="1" type="stmt"/>
      <line num="12" count="1" type="cond" truecount="1" falsecount="0"/>
      <line num="13" count="1" type="stmt"/>
      <line num="14" count="1" type="stmt"/>
      <line num="16" count="1" type="cond" truecount="1" falsecount="0"/>
      <line num="17" count="1" type="stmt"/>
      <line num="18" count="1" type="stmt"/>
      <line num="19" count="1" type="stmt"/>
    </file>
    <file name="transport.ts" path="/Users/sri/Documents/tennetctl/sdk/typescript/src/transport.ts">
      <metrics statements="127" coveredstatements="124" conditionals="39" coveredconditionals="33" methods="9" coveredmethods="8"/>
      <line num="1" count="1" type="stmt"/>
      <line num="3" count="1" type="stmt"/>
      <line num="5" count="1" type="stmt"/>
      <line num="6" count="1" type="stmt"/>
      <line num="7" count="1" type="stmt"/>
      <line num="20" count="1" type="stmt"/>
      <line num="21" count="0" type="stmt"/>
      <line num="23" count="1" type="cond" truecount="1" falsecount="0"/>
      <line num="24" count="82" type="stmt"/>
      <line num="25" count="82" type="stmt"/>
      <line num="26" count="82" type="stmt"/>
      <line num="27" count="82" type="stmt"/>
      <line num="28" count="82" type="stmt"/>
      <line num="29" count="82" type="stmt"/>
      <line num="31" count="82" type="cond" truecount="1" falsecount="0"/>
      <line num="32" count="82" type="stmt"/>
      <line num="33" count="82" type="stmt"/>
      <line num="34" count="82" type="stmt"/>
      <line num="35" count="82" type="stmt"/>
      <line num="36" count="82" type="cond" truecount="0" falsecount="1"/>
      <line num="37" count="82" type="cond" truecount="0" falsecount="1"/>
      <line num="38" count="82" type="stmt"/>
      <line num="40" count="82" type="cond" truecount="1" falsecount="0"/>
      <line num="41" count="8" type="stmt"/>
      <line num="42" count="8" type="stmt"/>
      <line num="44" count="82" type="cond" truecount="1" falsecount="0"/>
      <line num="45" count="9" type="stmt"/>
      <line num="46" count="9" type="stmt"/>
      <line num="48" count="82" type="cond" truecount="1" falsecount="0"/>
      <line num="49" count="82" type="stmt"/>
      <line num="50" count="82" type="stmt"/>
      <line num="51" count="82" type="stmt"/>
      <line num="55" count="82" type="stmt"/>
      <line num="56" count="82" type="stmt"/>
      <line num="57" count="82" type="stmt"/>
      <line num="58" count="82" type="stmt"/>
      <line num="60" count="82" type="cond" truecount="1" falsecount="0"/>
      <line num="61" count="90" type="stmt"/>
      <line num="62" count="90" type="stmt"/>
      <line num="64" count="90" type="stmt"/>
      <line num="65" count="90" type="stmt"/>
      <line num="66" count="90" type="stmt"/>
      <line num="67" count="90" type="stmt"/>
      <line num="68" count="90" type="stmt"/>
      <line num="69" count="90" type="cond" truecount="2" falsecount="0"/>
      <line num="70" count="90" type="stmt"/>
      <line num="71" count="90" type="stmt"/>
      <line num="72" count="90" type="cond" truecount="1" falsecount="0"/>
      <line num="73" count="90" type="cond" truecount="1" falsecount="0"/>
      <line num="74" count="4" type="stmt"/>
      <line num="75" count="4" type="cond" truecount="1" falsecount="0"/>
      <line num="76" count="3" type="stmt"/>
      <line num="77" count="3" type="stmt"/>
      <line num="78" count="3" type="cond" truecount="1" falsecount="0"/>
      <line num="79" count="4" type="cond" truecount="0" falsecount="1"/>
      <line num="80" count="4" type="stmt"/>
      <line num="81" count="4" type="stmt"/>
      <line num="82" count="4" type="stmt"/>
      <line num="83" count="90" type="cond" truecount="1" falsecount="0"/>
      <line num="84" count="90" type="stmt"/>
      <line num="85" count="90" type="cond" truecount="1" falsecount="0"/>
      <line num="87" count="90" type="cond" truecount="2" falsecount="0"/>
      <line num="88" count="5" type="stmt"/>
      <line num="89" count="5" type="stmt"/>
      <line num="90" count="5" type="cond" truecount="1" falsecount="0"/>
      <line num="92" count="81" type="stmt"/>
      <line num="93" count="81" type="cond" truecount="1" falsecount="0"/>
      <line num="95" count="8" type="stmt"/>
      <line num="96" count="82" type="stmt"/>
      <line num="98" count="82" type="cond" truecount="1" falsecount="0"/>
      <line num="99" count="82" type="stmt"/>
      <line num="100" count="82" type="stmt"/>
      <line num="101" count="82" type="stmt"/>
      <line num="102" count="82" type="cond" truecount="0" falsecount="1"/>
      <line num="103" count="82" type="cond" truecount="1" falsecount="0"/>
      <line num="104" count="5" type="cond" truecount="1" falsecount="0"/>
      <line num="105" count="6" type="stmt"/>
      <line num="106" count="6" type="stmt"/>
      <line num="107" count="5" type="stmt"/>
      <line num="108" count="82" type="stmt"/>
      <line num="109" count="82" type="stmt"/>
      <line num="111" count="82" type="cond" truecount="1" falsecount="0"/>
      <line num="112" count="82" type="stmt"/>
      <line num="113" count="82" type="stmt"/>
      <line num="114" count="82" type="stmt"/>
      <line num="115" count="82" type="stmt"/>
      <line num="116" count="82" type="cond" truecount="1" falsecount="0"/>
      <line num="117" count="82" type="cond" truecount="1" falsecount="0"/>
      <line num="118" count="82" type="cond" truecount="1" falsecount="0"/>
      <line num="119" count="1" type="stmt"/>
      <line num="120" count="1" type="stmt"/>
      <line num="121" count="1" type="stmt"/>
      <line num="122" count="1" type="stmt"/>
      <line num="125" count="82" type="stmt"/>
      <line num="126" count="82" type="stmt"/>
      <line num="128" count="82" type="cond" truecount="1" falsecount="0"/>
      <line num="129" count="81" type="cond" truecount="1" falsecount="0"/>
      <line num="130" count="5" type="stmt"/>
      <line num="131" count="5" type="cond" truecount="1" falsecount="0"/>
      <line num="133" count="76" type="stmt"/>
      <line num="134" count="76" type="stmt"/>
      <line num="135" count="76" type="stmt"/>
      <line num="136" count="76" type="stmt"/>
      <line num="137" count="76" type="stmt"/>
      <line num="138" count="76" type="cond" truecount="1" falsecount="0"/>
      <line num="139" count="1" type="stmt"/>
      <line num="140" count="1" type="stmt"/>
      <line num="141" count="76" type="stmt"/>
      <line num="143" count="81" type="cond" truecount="1" falsecount="0"/>
      <line num="144" count="63" type="stmt"/>
      <line num="145" count="63" type="stmt"/>
      <line num="146" count="63" type="stmt"/>
      <line num="147" count="63" type="stmt"/>
      <line num="148" count="63" type="stmt"/>
      <line num="149" count="63" type="stmt"/>
      <line num="150" count="63" type="cond" truecount="0" falsecount="1"/>
      <line num="151" count="0" type="stmt"/>
      <line num="152" count="0" type="cond" truecount="2" falsecount="0"/>
      <line num="154" count="13" type="stmt"/>
      <line num="155" count="13" type="cond" truecount="1" falsecount="0"/>
      <line num="156" count="1" type="stmt"/>
      <line num="157" count="1" type="stmt"/>
      <line num="158" count="1" type="cond" truecount="0" falsecount="1"/>
      <line num="159" count="1" type="stmt"/>
      <line num="160" count="81" type="stmt"/>
      <line num="161" count="81" type="stmt"/>
      <line num="162" count="82" type="stmt"/>
    </file>
    <file name="vault.ts" path="/Users/sri/Documents/tennetctl/sdk/typescript/src/vault.ts">
      <metrics statements="61" coveredstatements="61" conditionals="20" coveredconditionals="14" methods="14" coveredmethods="14"/>
      <line num="3" count="1" type="stmt"/>
      <line num="4" count="1" type="cond" truecount="1" falsecount="0"/>
      <line num="6" count="1" type="cond" truecount="1" falsecount="0"/>
      <line num="7" count="1" type="stmt"/>
      <line num="8" count="1" type="stmt"/>
      <line num="9" count="1" type="stmt"/>
      <line num="10" count="1" type="cond" truecount="0" falsecount="1"/>
      <line num="11" count="1" type="stmt"/>
      <line num="12" count="1" type="cond" truecount="0" falsecount="1"/>
      <line num="13" count="1" type="stmt"/>
      <line num="14" count="1" type="cond" truecount="0" falsecount="1"/>
      <line num="15" count="1" type="stmt"/>
      <line num="17" count="1" type="cond" truecount="1" falsecount="0"/>
      <line num="18" count="1" type="stmt"/>
      <line num="19" count="1" type="stmt"/>
      <line num="21" count="1" type="cond" truecount="1" falsecount="0"/>
      <line num="25" count="1" type="stmt"/>
      <line num="26" count="1" type="stmt"/>
      <line num="27" count="1" type="stmt"/>
      <line num="28" count="1" type="stmt"/>
      <line num="29" count="1" type="stmt"/>
      <line num="31" count="1" type="cond" truecount="1" falsecount="0"/>
      <line num="32" count="1" type="stmt"/>
      <line num="33" count="1" type="stmt"/>
      <line num="35" count="1" type="cond" truecount="1" falsecount="0"/>
      <line num="36" count="1" type="stmt"/>
      <line num="37" count="1" type="stmt"/>
      <line num="38" count="1" type="stmt"/>
      <line num="40" count="1" type="stmt"/>
      <line num="41" count="1" type="cond" truecount="1" falsecount="0"/>
      <line num="43" count="1" type="cond" truecount="1" falsecount="0"/>
      <line num="44" count="1" type="stmt"/>
      <line num="45" count="1" type="stmt"/>
      <line num="46" count="1" type="stmt"/>
      <line num="47" count="1" type="cond" truecount="0" falsecount="1"/>
      <line num="48" count="1" type="stmt"/>
      <line num="49" count="1" type="cond" truecount="0" falsecount="1"/>
      <line num="50" count="1" type="stmt"/>
      <line num="51" count="1" type="cond" truecount="0" falsecount="1"/>
      <line num="52" count="1" type="stmt"/>
      <line num="54" count="1" type="cond" truecount="1" falsecount="0"/>
      <line num="55" count="1" type="stmt"/>
      <line num="56" count="1" type="stmt"/>
      <line num="58" count="1" type="cond" truecount="1" falsecount="0"/>
      <line num="59" count="1" type="stmt"/>
      <line num="60" count="1" type="stmt"/>
      <line num="62" count="1" type="cond" truecount="1" falsecount="0"/>
      <line num="63" count="1" type="stmt"/>
      <line num="64" count="1" type="stmt"/>
      <line num="66" count="1" type="cond" truecount="1" falsecount="0"/>
      <line num="67" count="1" type="stmt"/>
      <line num="68" count="1" type="stmt"/>
      <line num="69" count="1" type="stmt"/>
      <line num="71" count="1" type="cond" truecount="1" falsecount="0"/>
      <line num="72" count="82" type="stmt"/>
      <line num="73" count="82" type="stmt"/>
      <line num="74" count="82" type="cond" truecount="1" falsecount="0"/>
      <line num="75" count="82" type="stmt"/>
      <line num="76" count="82" type="stmt"/>
      <line num="77" count="82" type="stmt"/>
      <line num="78" count="82" type="stmt"/>
    </file>
  </project>
</coverage>
