{"/Users/sri/Documents/tennetctl/sdk/typescript/src/audit.ts": {"path":"/Users/sri/Documents/tennetctl/sdk/typescript/src/audit.ts","all":false,"statementMap":{"2":{"start":{"line":3,"column":0},"end":{"line":3,"column":26}},"3":{"start":{"line":4,"column":0},"end":{"line":4,"column":47}},"5":{"start":{"line":6,"column":0},"end":{"line":6,"column":87}},"6":{"start":{"line":7,"column":0},"end":{"line":7,"column":88}},"7":{"start":{"line":8,"column":0},"end":{"line":8,"column":3}},"9":{"start":{"line":10,"column":0},"end":{"line":10,"column":59}},"10":{"start":{"line":11,"column":0},"end":{"line":11,"column":59}},"11":{"start":{"line":12,"column":0},"end":{"line":12,"column":3}},"13":{"start":{"line":14,"column":0},"end":{"line":14,"column":88}},"14":{"start":{"line":15,"column":0},"end":{"line":15,"column":94}},"15":{"start":{"line":16,"column":0},"end":{"line":16,"column":3}},"17":{"start":{"line":18,"column":0},"end":{"line":18,"column":87}},"18":{"start":{"line":19,"column":0},"end":{"line":19,"column":93}},"19":{"start":{"line":20,"column":0},"end":{"line":20,"column":3}},"21":{"start":{"line":22,"column":0},"end":{"line":22,"column":81}},"22":{"start":{"line":23,"column":0},"end":{"line":23,"column":71}},"23":{"start":{"line":24,"column":0},"end":{"line":24,"column":3}},"25":{"start":{"line":26,"column":0},"end":{"line":26,"column":92}},"26":{"start":{"line":27,"column":0},"end":{"line":27,"column":98}},"27":{"start":{"line":28,"column":0},"end":{"line":28,"column":3}},"29":{"start":{"line":30,"column":0},"end":{"line":30,"column":58}},"30":{"start":{"line":31,"column":0},"end":{"line":31,"column":67}},"31":{"start":{"line":32,"column":0},"end":{"line":32,"column":3}},"33":{"start":{"line":34,"column":0},"end":{"line":34,"column":62}},"34":{"start":{"line":35,"column":0},"end":{"line":35,"column":70}},"35":{"start":{"line":36,"column":0},"end":{"line":36,"column":12}},"36":{"start":{"line":37,"column":0},"end":{"line":37,"column":29}},"37":{"start":{"line":38,"column":0},"end":{"line":38,"column":6}},"38":{"start":{"line":39,"column":0},"end":{"line":39,"column":43}},"39":{"start":{"line":40,"column":0},"end":{"line":40,"column":3}},"40":{"start":{"line":41,"column":0},"end":{"line":41,"column":1}},"42":{"start":{"line":43,"column":0},"end":{"line":43,"column":22}},"43":{"start":{"line":44,"column":0},"end":{"line":44,"column":35}},"44":{"start":{"line":45,"column":0},"end":{"line":45,"column":70}},"45":{"start":{"line":46,"column":0},"end":{"line":46,"column":72}},"46":{"start":{"line":47,"column":0},"end":{"line":47,"column":49}},"47":{"start":{"line":48,"column":0},"end":{"line":48,"column":40}},"48":{"start":{"line":49,"column":0},"end":{"line":49,"column":85}},"49":{"start":{"line":50,"column":0},"end":{"line":50,"column":19}},"50":{"start":{"line":51,"column":0},"end":{"line":51,"column":14}},"51":{"start":{"line":52,"column":0},"end":{"line":52,"column":35}},"52":{"start":{"line":53,"column":0},"end":{"line":53,"column":7}},"53":{"start":{"line":54,"column":0},"end":{"line":54,"column":5}},"54":{"start":{"line":55,"column":0},"end":{"line":55,"column":3}},"55":{"start":{"line":56,"column":0},"end":{"line":56,"column":51}},"56":{"start":{"line":57,"column":0},"end":{"line":57,"column":1}},"58":{"start":{"line":59,"column":0},"end":{"line":59,"column":20}},"59":{"start":{"line":60,"column":0},"end":{"line":60,"column":31}},"60":{"start":{"line":61,"column":0},"end":{"line":61,"column":29}},"61":{"start":{"line":62,"column":0},"end":{"line":62,"column":37}},"62":{"start":{"line":63,"column":0},"end":{"line":63,"column":3}},"64":{"start":{"line":65,"column":0},"end":{"line":65,"column":1}}},"s":{"2":1,"3":1,"5":1,"6":1,"7":1,"9":1,"10":1,"11":1,"13":1,"14":0,"15":0,"17":1,"18":0,"19":0,"21":1,"22":1,"23":1,"25":1,"26":0,"27":0,"29":1,"30":0,"31":0,"33":1,"34":1,"35":1,"36":1,"37":1,"38":1,"39":1,"40":1,"42":1,"43":1,"44":1,"45":1,"46":1,"47":1,"48":1,"49":1,"50":1,"51":0,"52":0,"53":1,"54":1,"55":1,"56":1,"58":1,"59":82,"60":82,"61":82,"62":82,"64":82},"branchMap":{"0":{"type":"branch","line":4,"loc":{"start":{"line":4,"column":2},"end":{"line":4,"column":47}},"locations":[{"start":{"line":4,"column":2},"end":{"line":4,"column":47}}]},"1":{"type":"branch","line":6,"loc":{"start":{"line":6,"column":2},"end":{"line":8,"column":3}},"locations":[{"start":{"line":6,"column":2},"end":{"line":8,"column":3}}]},"2":{"type":"branch","line":10,"loc":{"start":{"line":10,"column":2},"end":{"line":12,"column":3}},"locations":[{"start":{"line":10,"column":2},"end":{"line":12,"column":3}}]},"3":{"type":"branch","line":22,"loc":{"start":{"line":22,"column":2},"end":{"line":24,"column":3}},"locations":[{"start":{"line":22,"column":2},"end":{"line":24,"column":3}}]},"4":{"type":"branch","line":34,"loc":{"start":{"line":34,"column":2},"end":{"line":40,"column":3}},"locations":[{"start":{"line":34,"column":2},"end":{"line":40,"column":3}}]},"5":{"type":"branch","line":39,"loc":{"start":{"line":39,"column":33},"end":{"line":39,"column":43}},"locations":[{"start":{"line":39,"column":33},"end":{"line":39,"column":43}}]},"6":{"type":"branch","line":43,"loc":{"start":{"line":43,"column":0},"end":{"line":57,"column":1}},"locations":[{"start":{"line":43,"column":0},"end":{"line":57,"column":1}}]},"7":{"type":"branch","line":49,"loc":{"start":{"line":49,"column":23},"end":{"line":49,"column":60}},"locations":[{"start":{"line":49,"column":23},"end":{"line":49,"column":60}}]},"8":{"type":"branch","line":49,"loc":{"start":{"line":49,"column":48},"end":{"line":49,"column":84}},"locations":[{"start":{"line":49,"column":48},"end":{"line":49,"column":84}}]},"9":{"type":"branch","line":51,"loc":{"start":{"line":51,"column":6},"end":{"line":53,"column":7}},"locations":[{"start":{"line":51,"column":6},"end":{"line":53,"column":7}}]},"10":{"type":"branch","line":56,"loc":{"start":{"line":56,"column":35},"end":{"line":56,"column":51}},"locations":[{"start":{"line":56,"column":35},"end":{"line":56,"column":51}}]},"11":{"type":"branch","line":59,"loc":{"start":{"line":59,"column":19},"end":{"line":65,"column":1}},"locations":[{"start":{"line":59,"column":19},"end":{"line":65,"column":1}}]},"12":{"type":"branch","line":61,"loc":{"start":{"line":61,"column":2},"end":{"line":63,"column":3}},"locations":[{"start":{"line":61,"column":2},"end":{"line":63,"column":3}}]}},"b":{"0":[82],"1":[1],"2":[1],"3":[1],"4":[1],"5":[0],"6":[1],"7":[0],"8":[0],"9":[0],"10":[0],"11":[82],"12":[82]},"fnMap":{"0":{"name":"AuditEvents","decl":{"start":{"line":4,"column":2},"end":{"line":4,"column":47}},"loc":{"start":{"line":4,"column":2},"end":{"line":4,"column":47}},"line":4},"1":{"name":"list","decl":{"start":{"line":6,"column":2},"end":{"line":8,"column":3}},"loc":{"start":{"line":6,"column":2},"end":{"line":8,"column":3}},"line":6},"2":{"name":"get","decl":{"start":{"line":10,"column":2},"end":{"line":12,"column":3}},"loc":{"start":{"line":10,"column":2},"end":{"line":12,"column":3}},"line":10},"3":{"name":"stats","decl":{"start":{"line":14,"column":2},"end":{"line":16,"column":3}},"loc":{"start":{"line":14,"column":2},"end":{"line":16,"column":3}},"line":14},"4":{"name":"tail","decl":{"start":{"line":18,"column":2},"end":{"line":20,"column":3}},"loc":{"start":{"line":18,"column":2},"end":{"line":20,"column":3}},"line":18},"5":{"name":"funnel","decl":{"start":{"line":22,"column":2},"end":{"line":24,"column":3}},"loc":{"start":{"line":22,"column":2},"end":{"line":24,"column":3}},"line":22},"6":{"name":"retention","decl":{"start":{"line":26,"column":2},"end":{"line":28,"column":3}},"loc":{"start":{"line":26,"column":2},"end":{"line":28,"column":3}},"line":26},"7":{"name":"outboxCursor","decl":{"start":{"line":30,"column":2},"end":{"line":32,"column":3}},"loc":{"start":{"line":30,"column":2},"end":{"line":32,"column":3}},"line":30},"8":{"name":"eventKeys","decl":{"start":{"line":34,"column":2},"end":{"line":40,"column":3}},"loc":{"start":{"line":34,"column":2},"end":{"line":40,"column":3}},"line":34},"9":{"name":"stringParams","decl":{"start":{"line":43,"column":0},"end":{"line":57,"column":1}},"loc":{"start":{"line":43,"column":0},"end":{"line":57,"column":1}},"line":43},"10":{"name":"<instance_members_initializer>","decl":{"start":{"line":59,"column":19},"end":{"line":65,"column":1}},"loc":{"start":{"line":59,"column":19},"end":{"line":65,"column":1}},"line":59},"11":{"name":"Audit","decl":{"start":{"line":61,"column":2},"end":{"line":63,"column":3}},"loc":{"start":{"line":61,"column":2},"end":{"line":63,"column":3}},"line":61}},"f":{"0":82,"1":1,"2":1,"3":0,"4":0,"5":1,"6":0,"7":0,"8":1,"9":1,"10":82,"11":82}}
,"/Users/sri/Documents/tennetctl/sdk/typescript/src/auth.ts": {"path":"/Users/sri/Documents/tennetctl/sdk/typescript/src/auth.ts","all":false,"statementMap":{"10":{"start":{"line":11,"column":0},"end":{"line":11,"column":23}},"11":{"start":{"line":12,"column":0},"end":{"line":12,"column":47}},"13":{"start":{"line":14,"column":0},"end":{"line":14,"column":57}},"14":{"start":{"line":15,"column":0},"end":{"line":15,"column":93}},"15":{"start":{"line":16,"column":0},"end":{"line":16,"column":43}},"16":{"start":{"line":17,"column":0},"end":{"line":17,"column":3}},"18":{"start":{"line":19,"column":0},"end":{"line":19,"column":59}},"19":{"start":{"line":20,"column":0},"end":{"line":20,"column":55}},"20":{"start":{"line":21,"column":0},"end":{"line":21,"column":3}},"22":{"start":{"line":23,"column":0},"end":{"line":23,"column":94}},"23":{"start":{"line":24,"column":0},"end":{"line":24,"column":74}},"24":{"start":{"line":25,"column":0},"end":{"line":25,"column":3}},"26":{"start":{"line":27,"column":0},"end":{"line":27,"column":43}},"27":{"start":{"line":28,"column":0},"end":{"line":28,"column":57}},"28":{"start":{"line":29,"column":0},"end":{"line":29,"column":3}},"29":{"start":{"line":30,"column":0},"end":{"line":30,"column":1}},"31":{"start":{"line":32,"column":0},"end":{"line":32,"column":22}},"32":{"start":{"line":33,"column":0},"end":{"line":33,"column":47}},"34":{"start":{"line":35,"column":0},"end":{"line":35,"column":57}},"35":{"start":{"line":36,"column":0},"end":{"line":36,"column":93}},"36":{"start":{"line":37,"column":0},"end":{"line":37,"column":43}},"37":{"start":{"line":38,"column":0},"end":{"line":38,"column":3}},"39":{"start":{"line":40,"column":0},"end":{"line":40,"column":22}},"43":{"start":{"line":44,"column":0},"end":{"line":44,"column":40}},"44":{"start":{"line":45,"column":0},"end":{"line":45,"column":83}},"45":{"start":{"line":46,"column":0},"end":{"line":46,"column":73}},"46":{"start":{"line":47,"column":0},"end":{"line":47,"column":60}},"47":{"start":{"line":48,"column":0},"end":{"line":48,"column":3}},"49":{"start":{"line":50,"column":0},"end":{"line":50,"column":43}},"50":{"start":{"line":51,"column":0},"end":{"line":51,"column":57}},"51":{"start":{"line":52,"column":0},"end":{"line":52,"column":3}},"53":{"start":{"line":54,"column":0},"end":{"line":54,"column":62}},"54":{"start":{"line":55,"column":0},"end":{"line":55,"column":63}},"55":{"start":{"line":56,"column":0},"end":{"line":56,"column":3}},"56":{"start":{"line":57,"column":0},"end":{"line":57,"column":1}},"58":{"start":{"line":59,"column":0},"end":{"line":59,"column":79}},"59":{"start":{"line":60,"column":0},"end":{"line":60,"column":30}},"60":{"start":{"line":61,"column":0},"end":{"line":61,"column":56}},"61":{"start":{"line":62,"column":0},"end":{"line":62,"column":72}},"62":{"start":{"line":63,"column":0},"end":{"line":63,"column":57}},"63":{"start":{"line":64,"column":0},"end":{"line":64,"column":60}},"64":{"start":{"line":65,"column":0},"end":{"line":65,"column":44}},"65":{"start":{"line":66,"column":0},"end":{"line":66,"column":3}},"66":{"start":{"line":67,"column":0},"end":{"line":67,"column":19}},"67":{"start":{"line":68,"column":0},"end":{"line":68,"column":1}},"69":{"start":{"line":70,"column":0},"end":{"line":70,"column":19}},"70":{"start":{"line":71,"column":0},"end":{"line":71,"column":30}},"71":{"start":{"line":72,"column":0},"end":{"line":72,"column":29}},"73":{"start":{"line":74,"column":0},"end":{"line":74,"column":46}},"74":{"start":{"line":75,"column":0},"end":{"line":75,"column":36}},"75":{"start":{"line":76,"column":0},"end":{"line":76,"column":35}},"76":{"start":{"line":77,"column":0},"end":{"line":77,"column":3}},"78":{"start":{"line":79,"column":0},"end":{"line":79,"column":86}},"79":{"start":{"line":80,"column":0},"end":{"line":80,"column":84}},"80":{"start":{"line":81,"column":0},"end":{"line":81,"column":17}},"81":{"start":{"line":82,"column":0},"end":{"line":82,"column":7}},"82":{"start":{"line":83,"column":0},"end":{"line":83,"column":35}},"83":{"start":{"line":84,"column":0},"end":{"line":84,"column":41}},"84":{"start":{"line":85,"column":0},"end":{"line":85,"column":22}},"85":{"start":{"line":86,"column":0},"end":{"line":86,"column":3}},"87":{"start":{"line":88,"column":0},"end":{"line":88,"column":112}},"88":{"start":{"line":89,"column":0},"end":{"line":89,"column":84}},"89":{"start":{"line":90,"column":0},"end":{"line":90,"column":17}},"90":{"start":{"line":91,"column":0},"end":{"line":91,"column":7}},"91":{"start":{"line":92,"column":0},"end":{"line":92,"column":35}},"92":{"start":{"line":93,"column":0},"end":{"line":93,"column":41}},"93":{"start":{"line":94,"column":0},"end":{"line":94,"column":22}},"94":{"start":{"line":95,"column":0},"end":{"line":95,"column":3}},"96":{"start":{"line":97,"column":0},"end":{"line":97,"column":34}},"97":{"start":{"line":98,"column":0},"end":{"line":98,"column":9}},"98":{"start":{"line":99,"column":0},"end":{"line":99,"column":55}},"99":{"start":{"line":100,"column":0},"end":{"line":100,"column":15}},"100":{"start":{"line":101,"column":0},"end":{"line":101,"column":40}},"101":{"start":{"line":102,"column":0},"end":{"line":102,"column":5}},"102":{"start":{"line":103,"column":0},"end":{"line":103,"column":3}},"104":{"start":{"line":105,"column":0},"end":{"line":105,"column":48}},"105":{"start":{"line":106,"column":0},"end":{"line":106,"column":48}},"106":{"start":{"line":107,"column":0},"end":{"line":107,"column":3}},"107":{"start":{"line":108,"column":0},"end":{"line":108,"column":1}}},"s":{"10":1,"11":1,"13":1,"14":1,"15":1,"16":1,"18":1,"19":1,"20":1,"22":1,"23":1,"24":1,"26":1,"27":1,"28":1,"29":1,"31":1,"32":1,"34":1,"35":1,"36":1,"37":1,"39":1,"43":2,"44":2,"45":2,"46":2,"47":2,"49":1,"50":1,"51":1,"53":1,"54":1,"55":1,"56":1,"58":3,"59":3,"60":3,"61":3,"62":3,"63":1,"64":1,"65":1,"66":0,"67":0,"69":1,"70":82,"71":82,"73":82,"74":82,"75":82,"76":82,"78":82,"79":2,"80":2,"81":2,"82":2,"83":2,"84":2,"85":2,"87":82,"88":1,"89":1,"90":1,"91":1,"92":1,"93":1,"94":1,"96":82,"97":2,"98":2,"99":2,"100":2,"101":2,"102":2,"104":82,"105":1,"106":1,"107":82},"branchMap":{"0":{"type":"branch","line":12,"loc":{"start":{"line":12,"column":2},"end":{"line":12,"column":47}},"locations":[{"start":{"line":12,"column":2},"end":{"line":12,"column":47}}]},"1":{"type":"branch","line":14,"loc":{"start":{"line":14,"column":2},"end":{"line":17,"column":3}},"locations":[{"start":{"line":14,"column":2},"end":{"line":17,"column":3}}]},"2":{"type":"branch","line":16,"loc":{"start":{"line":16,"column":33},"end":{"line":16,"column":43}},"locations":[{"start":{"line":16,"column":33},"end":{"line":16,"column":43}}]},"3":{"type":"branch","line":19,"loc":{"start":{"line":19,"column":2},"end":{"line":21,"column":3}},"locations":[{"start":{"line":19,"column":2},"end":{"line":21,"column":3}}]},"4":{"type":"branch","line":23,"loc":{"start":{"line":23,"column":2},"end":{"line":25,"column":3}},"locations":[{"start":{"line":23,"column":2},"end":{"line":25,"column":3}}]},"5":{"type":"branch","line":27,"loc":{"start":{"line":27,"column":2},"end":{"line":29,"column":3}},"locations":[{"start":{"line":27,"column":2},"end":{"line":29,"column":3}}]},"6":{"type":"branch","line":33,"loc":{"start":{"line":33,"column":2},"end":{"line":33,"column":47}},"locations":[{"start":{"line":33,"column":2},"end":{"line":33,"column":47}}]},"7":{"type":"branch","line":35,"loc":{"start":{"line":35,"column":2},"end":{"line":38,"column":3}},"locations":[{"start":{"line":35,"column":2},"end":{"line":38,"column":3}}]},"8":{"type":"branch","line":37,"loc":{"start":{"line":37,"column":33},"end":{"line":37,"column":43}},"locations":[{"start":{"line":37,"column":33},"end":{"line":37,"column":43}}]},"9":{"type":"branch","line":40,"loc":{"start":{"line":40,"column":2},"end":{"line":48,"column":3}},"locations":[{"start":{"line":40,"column":2},"end":{"line":48,"column":3}}]},"10":{"type":"branch","line":46,"loc":{"start":{"line":46,"column":39},"end":{"line":46,"column":73}},"locations":[{"start":{"line":46,"column":39},"end":{"line":46,"column":73}}]},"11":{"type":"branch","line":50,"loc":{"start":{"line":50,"column":2},"end":{"line":52,"column":3}},"locations":[{"start":{"line":50,"column":2},"end":{"line":52,"column":3}}]},"12":{"type":"branch","line":54,"loc":{"start":{"line":54,"column":2},"end":{"line":56,"column":3}},"locations":[{"start":{"line":54,"column":2},"end":{"line":56,"column":3}}]},"13":{"type":"branch","line":59,"loc":{"start":{"line":59,"column":0},"end":{"line":68,"column":1}},"locations":[{"start":{"line":59,"column":0},"end":{"line":68,"column":1}}]},"14":{"type":"branch","line":60,"loc":{"start":{"line":60,"column":13},"end":{"line":60,"column":30}},"locations":[{"start":{"line":60,"column":13},"end":{"line":60,"column":30}}]},"15":{"type":"branch","line":61,"loc":{"start":{"line":61,"column":38},"end":{"line":61,"column":56}},"locations":[{"start":{"line":61,"column":38},"end":{"line":61,"column":56}}]},"16":{"type":"branch","line":61,"loc":{"start":{"line":61,"column":50},"end":{"line":62,"column":53}},"locations":[{"start":{"line":61,"column":50},"end":{"line":62,"column":53}}]},"17":{"type":"branch","line":62,"loc":{"start":{"line":62,"column":46},"end":{"line":62,"column":72}},"locations":[{"start":{"line":62,"column":46},"end":{"line":62,"column":72}}]},"18":{"type":"branch","line":62,"loc":{"start":{"line":62,"column":58},"end":{"line":63,"column":56}},"locations":[{"start":{"line":62,"column":58},"end":{"line":63,"column":56}}]},"19":{"type":"branch","line":63,"loc":{"start":{"line":63,"column":56},"end":{"line":66,"column":3}},"locations":[{"start":{"line":63,"column":56},"end":{"line":66,"column":3}}]},"20":{"type":"branch","line":66,"loc":{"start":{"line":66,"column":2},"end":{"line":68,"column":1}},"locations":[{"start":{"line":66,"column":2},"end":{"line":68,"column":1}}]},"21":{"type":"branch","line":70,"loc":{"start":{"line":70,"column":18},"end":{"line":108,"column":1}},"locations":[{"start":{"line":70,"column":18},"end":{"line":108,"column":1}}]},"22":{"type":"branch","line":74,"loc":{"start":{"line":74,"column":2},"end":{"line":77,"column":3}},"locations":[{"start":{"line":74,"column":2},"end":{"line":77,"column":3}}]},"23":{"type":"branch","line":79,"loc":{"start":{"line":79,"column":2},"end":{"line":86,"column":3}},"locations":[{"start":{"line":79,"column":2},"end":{"line":86,"column":3}}]},"24":{"type":"branch","line":85,"loc":{"start":{"line":85,"column":11},"end":{"line":85,"column":22}},"locations":[{"start":{"line":85,"column":11},"end":{"line":85,"column":22}}]},"25":{"type":"branch","line":88,"loc":{"start":{"line":88,"column":2},"end":{"line":95,"column":3}},"locations":[{"start":{"line":88,"column":2},"end":{"line":95,"column":3}}]},"26":{"type":"branch","line":94,"loc":{"start":{"line":94,"column":11},"end":{"line":94,"column":22}},"locations":[{"start":{"line":94,"column":11},"end":{"line":94,"column":22}}]},"27":{"type":"branch","line":97,"loc":{"start":{"line":97,"column":2},"end":{"line":103,"column":3}},"locations":[{"start":{"line":97,"column":2},"end":{"line":103,"column":3}}]},"28":{"type":"branch","line":99,"loc":{"start":{"line":99,"column":53},"end":{"line":100,"column":6}},"locations":[{"start":{"line":99,"column":53},"end":{"line":100,"column":6}}]},"29":{"type":"branch","line":105,"loc":{"start":{"line":105,"column":2},"end":{"line":107,"column":3}},"locations":[{"start":{"line":105,"column":2},"end":{"line":107,"column":3}}]}},"b":{"0":[82],"1":[1],"2":[0],"3":[1],"4":[1],"5":[1],"6":[82],"7":[1],"8":[0],"9":[2],"10":[1],"11":[1],"12":[1],"13":[3],"14":[0],"15":[2],"16":[1],"17":[0],"18":[1],"19":[1],"20":[0],"21":[82],"22":[82],"23":[2],"24":[0],"25":[1],"26":[0],"27":[2],"28":[1],"29":[1]},"fnMap":{"0":{"name":"Sessions","decl":{"start":{"line":12,"column":2},"end":{"line":12,"column":47}},"loc":{"start":{"line":12,"column":2},"end":{"line":12,"column":47}},"line":12},"1":{"name":"list","decl":{"start":{"line":14,"column":2},"end":{"line":17,"column":3}},"loc":{"start":{"line":14,"column":2},"end":{"line":17,"column":3}},"line":14},"2":{"name":"get","decl":{"start":{"line":19,"column":2},"end":{"line":21,"column":3}},"loc":{"start":{"line":19,"column":2},"end":{"line":21,"column":3}},"line":19},"3":{"name":"update","decl":{"start":{"line":23,"column":2},"end":{"line":25,"column":3}},"loc":{"start":{"line":23,"column":2},"end":{"line":25,"column":3}},"line":23},"4":{"name":"revoke","decl":{"start":{"line":27,"column":2},"end":{"line":29,"column":3}},"loc":{"start":{"line":27,"column":2},"end":{"line":29,"column":3}},"line":27},"5":{"name":"ApiKeys","decl":{"start":{"line":33,"column":2},"end":{"line":33,"column":47}},"loc":{"start":{"line":33,"column":2},"end":{"line":33,"column":47}},"line":33},"6":{"name":"list","decl":{"start":{"line":35,"column":2},"end":{"line":38,"column":3}},"loc":{"start":{"line":35,"column":2},"end":{"line":38,"column":3}},"line":35},"7":{"name":"create","decl":{"start":{"line":40,"column":2},"end":{"line":48,"column":3}},"loc":{"start":{"line":40,"column":2},"end":{"line":48,"column":3}},"line":40},"8":{"name":"revoke","decl":{"start":{"line":50,"column":2},"end":{"line":52,"column":3}},"loc":{"start":{"line":50,"column":2},"end":{"line":52,"column":3}},"line":50},"9":{"name":"rotate","decl":{"start":{"line":54,"column":2},"end":{"line":56,"column":3}},"loc":{"start":{"line":54,"column":2},"end":{"line":56,"column":3}},"line":54},"10":{"name":"extractToken","decl":{"start":{"line":59,"column":0},"end":{"line":68,"column":1}},"loc":{"start":{"line":59,"column":0},"end":{"line":68,"column":1}},"line":59},"11":{"name":"<instance_members_initializer>","decl":{"start":{"line":70,"column":18},"end":{"line":108,"column":1}},"loc":{"start":{"line":70,"column":18},"end":{"line":108,"column":1}},"line":70},"12":{"name":"Auth","decl":{"start":{"line":74,"column":2},"end":{"line":77,"column":3}},"loc":{"start":{"line":74,"column":2},"end":{"line":77,"column":3}},"line":74},"13":{"name":"signin","decl":{"start":{"line":79,"column":2},"end":{"line":86,"column":3}},"loc":{"start":{"line":79,"column":2},"end":{"line":86,"column":3}},"line":79},"14":{"name":"signup","decl":{"start":{"line":88,"column":2},"end":{"line":95,"column":3}},"loc":{"start":{"line":88,"column":2},"end":{"line":95,"column":3}},"line":88},"15":{"name":"signout","decl":{"start":{"line":97,"column":2},"end":{"line":103,"column":3}},"loc":{"start":{"line":97,"column":2},"end":{"line":103,"column":3}},"line":97},"16":{"name":"me","decl":{"start":{"line":105,"column":2},"end":{"line":107,"column":3}},"loc":{"start":{"line":105,"column":2},"end":{"line":107,"column":3}},"line":105}},"f":{"0":82,"1":1,"2":1,"3":1,"4":1,"5":82,"6":1,"7":2,"8":1,"9":1,"10":3,"11":82,"12":82,"13":2,"14":1,"15":2,"16":1}}
,"/Users/sri/Documents/tennetctl/sdk/typescript/src/catalog.ts": {"path":"/Users/sri/Documents/tennetctl/sdk/typescript/src/catalog.ts","all":false,"statementMap":{"2":{"start":{"line":3,"column":0},"end":{"line":3,"column":22}},"3":{"start":{"line":4,"column":0},"end":{"line":4,"column":47}},"5":{"start":{"line":6,"column":0},"end":{"line":6,"column":18}},"6":{"start":{"line":7,"column":0},"end":{"line":7,"column":72}},"7":{"start":{"line":8,"column":0},"end":{"line":8,"column":46}},"8":{"start":{"line":9,"column":0},"end":{"line":9,"column":77}},"9":{"start":{"line":10,"column":0},"end":{"line":10,"column":85}},"10":{"start":{"line":11,"column":0},"end":{"line":11,"column":70}},"11":{"start":{"line":12,"column":0},"end":{"line":12,"column":12}},"12":{"start":{"line":13,"column":0},"end":{"line":13,"column":26}},"13":{"start":{"line":14,"column":0},"end":{"line":14,"column":66}},"14":{"start":{"line":15,"column":0},"end":{"line":15,"column":6}},"15":{"start":{"line":16,"column":0},"end":{"line":16,"column":43}},"16":{"start":{"line":17,"column":0},"end":{"line":17,"column":3}},"18":{"start":{"line":19,"column":0},"end":{"line":19,"column":21}},"19":{"start":{"line":20,"column":0},"end":{"line":20,"column":72}},"20":{"start":{"line":21,"column":0},"end":{"line":21,"column":46}},"21":{"start":{"line":22,"column":0},"end":{"line":22,"column":77}},"22":{"start":{"line":23,"column":0},"end":{"line":23,"column":85}},"23":{"start":{"line":24,"column":0},"end":{"line":24,"column":70}},"24":{"start":{"line":25,"column":0},"end":{"line":25,"column":12}},"25":{"start":{"line":26,"column":0},"end":{"line":26,"column":29}},"26":{"start":{"line":27,"column":0},"end":{"line":27,"column":66}},"27":{"start":{"line":28,"column":0},"end":{"line":28,"column":6}},"28":{"start":{"line":29,"column":0},"end":{"line":29,"column":43}},"29":{"start":{"line":30,"column":0},"end":{"line":30,"column":3}},"31":{"start":{"line":32,"column":0},"end":{"line":32,"column":84}},"32":{"start":{"line":33,"column":0},"end":{"line":33,"column":53}},"33":{"start":{"line":34,"column":0},"end":{"line":34,"column":70}},"34":{"start":{"line":35,"column":0},"end":{"line":35,"column":12}},"35":{"start":{"line":36,"column":0},"end":{"line":36,"column":33}},"36":{"start":{"line":37,"column":0},"end":{"line":37,"column":17}},"37":{"start":{"line":38,"column":0},"end":{"line":38,"column":6}},"38":{"start":{"line":39,"column":0},"end":{"line":39,"column":43}},"39":{"start":{"line":40,"column":0},"end":{"line":40,"column":3}},"41":{"start":{"line":42,"column":0},"end":{"line":42,"column":64}},"42":{"start":{"line":43,"column":0},"end":{"line":43,"column":61}},"43":{"start":{"line":44,"column":0},"end":{"line":44,"column":3}},"44":{"start":{"line":45,"column":0},"end":{"line":45,"column":1}}},"s":{"2":1,"3":1,"5":1,"6":1,"7":1,"8":1,"9":1,"10":1,"11":1,"12":1,"13":1,"14":1,"15":1,"16":1,"18":1,"19":1,"20":1,"21":1,"22":1,"23":1,"24":1,"25":1,"26":1,"27":1,"28":1,"29":1,"31":1,"32":1,"33":1,"34":1,"35":1,"36":1,"37":1,"38":1,"39":1,"41":1,"42":1,"43":1,"44":1},"branchMap":{"0":{"type":"branch","line":4,"loc":{"start":{"line":4,"column":2},"end":{"line":4,"column":47}},"locations":[{"start":{"line":4,"column":2},"end":{"line":4,"column":47}}]},"1":{"type":"branch","line":6,"loc":{"start":{"line":6,"column":2},"end":{"line":17,"column":3}},"locations":[{"start":{"line":6,"column":2},"end":{"line":17,"column":3}}]},"2":{"type":"branch","line":14,"loc":{"start":{"line":14,"column":45},"end":{"line":14,"column":64}},"locations":[{"start":{"line":14,"column":45},"end":{"line":14,"column":64}}]},"3":{"type":"branch","line":16,"loc":{"start":{"line":16,"column":33},"end":{"line":16,"column":43}},"locations":[{"start":{"line":16,"column":33},"end":{"line":16,"column":43}}]},"4":{"type":"branch","line":19,"loc":{"start":{"line":19,"column":2},"end":{"line":30,"column":3}},"locations":[{"start":{"line":19,"column":2},"end":{"line":30,"column":3}}]},"5":{"type":"branch","line":23,"loc":{"start":{"line":23,"column":50},"end":{"line":23,"column":85}},"locations":[{"start":{"line":23,"column":50},"end":{"line":23,"column":85}}]},"6":{"type":"branch","line":27,"loc":{"start":{"line":27,"column":36},"end":{"line":27,"column":54}},"locations":[{"start":{"line":27,"column":36},"end":{"line":27,"column":54}}]},"7":{"type":"branch","line":29,"loc":{"start":{"line":29,"column":33},"end":{"line":29,"column":43}},"locations":[{"start":{"line":29,"column":33},"end":{"line":29,"column":43}}]},"8":{"type":"branch","line":32,"loc":{"start":{"line":32,"column":2},"end":{"line":40,"column":3}},"locations":[{"start":{"line":32,"column":2},"end":{"line":40,"column":3}}]},"9":{"type":"branch","line":33,"loc":{"start":{"line":33,"column":39},"end":{"line":33,"column":53}},"locations":[{"start":{"line":33,"column":39},"end":{"line":33,"column":53}}]},"10":{"type":"branch","line":39,"loc":{"start":{"line":39,"column":33},"end":{"line":39,"column":43}},"locations":[{"start":{"line":39,"column":33},"end":{"line":39,"column":43}}]},"11":{"type":"branch","line":42,"loc":{"start":{"line":42,"column":2},"end":{"line":44,"column":3}},"locations":[{"start":{"line":42,"column":2},"end":{"line":44,"column":3}}]}},"b":{"0":[82],"1":[1],"2":[0],"3":[0],"4":[1],"5":[0],"6":[0],"7":[0],"8":[1],"9":[0],"10":[0],"11":[1]},"fnMap":{"0":{"name":"Catalog","decl":{"start":{"line":4,"column":2},"end":{"line":4,"column":47}},"loc":{"start":{"line":4,"column":2},"end":{"line":4,"column":47}},"line":4},"1":{"name":"listNodes","decl":{"start":{"line":6,"column":2},"end":{"line":17,"column":3}},"loc":{"start":{"line":6,"column":2},"end":{"line":17,"column":3}},"line":6},"2":{"name":"listFeatures","decl":{"start":{"line":19,"column":2},"end":{"line":30,"column":3}},"loc":{"start":{"line":19,"column":2},"end":{"line":30,"column":3}},"line":19},"3":{"name":"listSubFeatures","decl":{"start":{"line":32,"column":2},"end":{"line":40,"column":3}},"loc":{"start":{"line":32,"column":2},"end":{"line":40,"column":3}},"line":32},"4":{"name":"getFlow","decl":{"start":{"line":42,"column":2},"end":{"line":44,"column":3}},"loc":{"start":{"line":42,"column":2},"end":{"line":44,"column":3}},"line":42}},"f":{"0":82,"1":1,"2":1,"3":1,"4":1}}
,"/Users/sri/Documents/tennetctl/sdk/typescript/src/client.ts": {"path":"/Users/sri/Documents/tennetctl/sdk/typescript/src/client.ts","all":false,"statementMap":{"0":{"start":{"line":1,"column":0},"end":{"line":1,"column":35}},"21":{"start":{"line":22,"column":0},"end":{"line":22,"column":24}},"22":{"start":{"line":23,"column":0},"end":{"line":23,"column":32}},"23":{"start":{"line":24,"column":0},"end":{"line":24,"column":22}},"24":{"start":{"line":25,"column":0},"end":{"line":25,"column":24}},"25":{"start":{"line":26,"column":0},"end":{"line":26,"column":20}},"26":{"start":{"line":27,"column":0},"end":{"line":27,"column":24}},"27":{"start":{"line":28,"column":0},"end":{"line":28,"column":26}},"28":{"start":{"line":29,"column":0},"end":{"line":29,"column":28}},"29":{"start":{"line":30,"column":0},"end":{"line":30,"column":22}},"30":{"start":{"line":31,"column":0},"end":{"line":31,"column":26}},"31":{"start":{"line":32,"column":0},"end":{"line":32,"column":24}},"32":{"start":{"line":33,"column":0},"end":{"line":33,"column":28}},"34":{"start":{"line":35,"column":0},"end":{"line":35,"column":61}},"35":{"start":{"line":36,"column":0},"end":{"line":36,"column":28}},"36":{"start":{"line":37,"column":0},"end":{"line":37,"column":14}},"37":{"start":{"line":38,"column":0},"end":{"line":38,"column":26}},"38":{"start":{"line":39,"column":0},"end":{"line":39,"column":38}},"39":{"start":{"line":40,"column":0},"end":{"line":40,"column":32}},"40":{"start":{"line":41,"column":0},"end":{"line":41,"column":28}},"41":{"start":{"line":42,"column":0},"end":{"line":42,"column":28}},"42":{"start":{"line":43,"column":0},"end":{"line":43,"column":7}},"43":{"start":{"line":44,"column":0},"end":{"line":44,"column":33}},"44":{"start":{"line":45,"column":0},"end":{"line":45,"column":57}},"45":{"start":{"line":46,"column":0},"end":{"line":46,"column":31}},"46":{"start":{"line":47,"column":0},"end":{"line":47,"column":35}},"47":{"start":{"line":48,"column":0},"end":{"line":48,"column":37}},"48":{"start":{"line":49,"column":0},"end":{"line":49,"column":39}},"49":{"start":{"line":50,"column":0},"end":{"line":50,"column":33}},"50":{"start":{"line":51,"column":0},"end":{"line":51,"column":37}},"51":{"start":{"line":52,"column":0},"end":{"line":52,"column":35}},"52":{"start":{"line":53,"column":0},"end":{"line":53,"column":39}},"53":{"start":{"line":54,"column":0},"end":{"line":54,"column":3}},"55":{"start":{"line":56,"column":0},"end":{"line":56,"column":42}},"56":{"start":{"line":57,"column":0},"end":{"line":57,"column":36}},"57":{"start":{"line":58,"column":0},"end":{"line":58,"column":3}},"60":{"start":{"line":61,"column":0},"end":{"line":61,"column":31}},"61":{"start":{"line":62,"column":0},"end":{"line":62,"column":18}},"62":{"start":{"line":63,"column":0},"end":{"line":63,"column":3}},"63":{"start":{"line":64,"column":0},"end":{"line":64,"column":1}}},"s":{"0":1,"21":1,"22":82,"23":82,"24":82,"25":82,"26":82,"27":82,"28":82,"29":82,"30":82,"31":82,"32":82,"34":82,"35":82,"36":82,"37":82,"38":82,"39":82,"40":82,"41":82,"42":82,"43":82,"44":82,"45":82,"46":82,"47":82,"48":82,"49":82,"50":82,"51":82,"52":82,"53":82,"55":82,"56":8,"57":8,"60":82,"61":22,"62":22,"63":82},"branchMap":{"0":{"type":"branch","line":22,"loc":{"start":{"line":22,"column":23},"end":{"line":64,"column":1}},"locations":[{"start":{"line":22,"column":23},"end":{"line":64,"column":1}}]},"1":{"type":"branch","line":35,"loc":{"start":{"line":35,"column":2},"end":{"line":54,"column":3}},"locations":[{"start":{"line":35,"column":2},"end":{"line":54,"column":3}}]},"2":{"type":"branch","line":56,"loc":{"start":{"line":56,"column":2},"end":{"line":58,"column":3}},"locations":[{"start":{"line":56,"column":2},"end":{"line":58,"column":3}}]},"3":{"type":"branch","line":61,"loc":{"start":{"line":61,"column":2},"end":{"line":63,"column":3}},"locations":[{"start":{"line":61,"column":2},"end":{"line":63,"column":3}}]}},"b":{"0":[82],"1":[82],"2":[8],"3":[22]},"fnMap":{"0":{"name":"<instance_members_initializer>","decl":{"start":{"line":22,"column":23},"end":{"line":64,"column":1}},"loc":{"start":{"line":22,"column":23},"end":{"line":64,"column":1}},"line":22},"1":{"name":"Tennetctl","decl":{"start":{"line":35,"column":2},"end":{"line":54,"column":3}},"loc":{"start":{"line":35,"column":2},"end":{"line":54,"column":3}},"line":35},"2":{"name":"get sessionToken","decl":{"start":{"line":56,"column":2},"end":{"line":58,"column":3}},"loc":{"start":{"line":56,"column":2},"end":{"line":58,"column":3}},"line":56},"3":{"name":"get _transport","decl":{"start":{"line":61,"column":2},"end":{"line":63,"column":3}},"loc":{"start":{"line":61,"column":2},"end":{"line":63,"column":3}},"line":61}},"f":{"0":82,"1":82,"2":8,"3":22}}
,"/Users/sri/Documents/tennetctl/sdk/typescript/src/errors.ts": {"path":"/Users/sri/Documents/tennetctl/sdk/typescript/src/errors.ts","all":false,"statementMap":{"5":{"start":{"line":6,"column":0},"end":{"line":6,"column":43}},"6":{"start":{"line":7,"column":0},"end":{"line":7,"column":24}},"7":{"start":{"line":8,"column":0},"end":{"line":8,"column":33}},"8":{"start":{"line":9,"column":0},"end":{"line":9,"column":25}},"10":{"start":{"line":11,"column":0},"end":{"line":11,"column":14}},"11":{"start":{"line":12,"column":0},"end":{"line":12,"column":20}},"12":{"start":{"line":13,"column":0},"end":{"line":13,"column":73}},"13":{"start":{"line":14,"column":0},"end":{"line":14,"column":5}},"14":{"start":{"line":15,"column":0},"end":{"line":15,"column":19}},"15":{"start":{"line":16,"column":0},"end":{"line":16,"column":32}},"16":{"start":{"line":17,"column":0},"end":{"line":17,"column":39}},"17":{"start":{"line":18,"column":0},"end":{"line":18,"column":38}},"18":{"start":{"line":19,"column":0},"end":{"line":19,"column":34}},"19":{"start":{"line":20,"column":0},"end":{"line":20,"column":3}},"20":{"start":{"line":21,"column":0},"end":{"line":21,"column":1}},"22":{"start":{"line":23,"column":0},"end":{"line":23,"column":48}},"23":{"start":{"line":24,"column":0},"end":{"line":24,"column":54}},"24":{"start":{"line":25,"column":0},"end":{"line":25,"column":52}},"25":{"start":{"line":26,"column":0},"end":{"line":26,"column":52}},"26":{"start":{"line":27,"column":0},"end":{"line":27,"column":53}},"27":{"start":{"line":28,"column":0},"end":{"line":28,"column":50}},"28":{"start":{"line":29,"column":0},"end":{"line":29,"column":51}},"30":{"start":{"line":31,"column":0},"end":{"line":31,"column":59}},"31":{"start":{"line":32,"column":0},"end":{"line":32,"column":23}},"32":{"start":{"line":33,"column":0},"end":{"line":33,"column":17}},"33":{"start":{"line":34,"column":0},"end":{"line":34,"column":17}},"34":{"start":{"line":35,"column":0},"end":{"line":35,"column":21}},"35":{"start":{"line":36,"column":0},"end":{"line":36,"column":21}},"36":{"start":{"line":37,"column":0},"end":{"line":37,"column":23}},"37":{"start":{"line":38,"column":0},"end":{"line":38,"column":22}},"38":{"start":{"line":39,"column":0},"end":{"line":39,"column":2}},"40":{"start":{"line":41,"column":0},"end":{"line":41,"column":25}},"41":{"start":{"line":42,"column":0},"end":{"line":42,"column":17}},"42":{"start":{"line":43,"column":0},"end":{"line":43,"column":20}},"43":{"start":{"line":44,"column":0},"end":{"line":44,"column":19}},"44":{"start":{"line":45,"column":0},"end":{"line":45,"column":13}},"45":{"start":{"line":46,"column":0},"end":{"line":46,"column":71}},"47":{"start":{"line":48,"column":0},"end":{"line":48,"column":23}},"48":{"start":{"line":49,"column":0},"end":{"line":49,"column":33}},"49":{"start":{"line":50,"column":0},"end":{"line":50,"column":49}},"50":{"start":{"line":51,"column":0},"end":{"line":51,"column":56}},"51":{"start":{"line":52,"column":0},"end":{"line":52,"column":41}},"52":{"start":{"line":53,"column":0},"end":{"line":53,"column":61}},"53":{"start":{"line":54,"column":0},"end":{"line":54,"column":52}},"54":{"start":{"line":55,"column":0},"end":{"line":55,"column":61}},"55":{"start":{"line":56,"column":0},"end":{"line":56,"column":5}},"56":{"start":{"line":57,"column":0},"end":{"line":57,"column":3}},"57":{"start":{"line":58,"column":0},"end":{"line":58,"column":60}},"58":{"start":{"line":59,"column":0},"end":{"line":59,"column":1}}},"s":{"5":1,"6":14,"7":14,"8":14,"10":14,"11":14,"12":14,"13":14,"14":14,"15":14,"16":14,"17":14,"18":14,"19":14,"20":14,"22":1,"23":1,"24":1,"25":1,"26":1,"27":1,"28":1,"30":1,"31":1,"32":1,"33":1,"34":1,"35":1,"36":1,"37":1,"38":1,"40":1,"41":13,"42":13,"43":13,"44":13,"45":13,"47":13,"48":13,"49":13,"50":13,"51":13,"52":13,"53":13,"54":13,"55":13,"56":13,"57":13,"58":13},"branchMap":{"0":{"type":"branch","line":6,"loc":{"start":{"line":6,"column":42},"end":{"line":21,"column":1}},"locations":[{"start":{"line":6,"column":42},"end":{"line":21,"column":1}}]},"1":{"type":"branch","line":11,"loc":{"start":{"line":11,"column":2},"end":{"line":20,"column":3}},"locations":[{"start":{"line":11,"column":2},"end":{"line":20,"column":3}}]},"2":{"type":"branch","line":17,"loc":{"start":{"line":17,"column":21},"end":{"line":17,"column":39}},"locations":[{"start":{"line":17,"column":21},"end":{"line":17,"column":39}}]},"3":{"type":"branch","line":18,"loc":{"start":{"line":18,"column":23},"end":{"line":18,"column":38}},"locations":[{"start":{"line":18,"column":23},"end":{"line":18,"column":38}}]},"4":{"type":"branch","line":19,"loc":{"start":{"line":19,"column":21},"end":{"line":19,"column":34}},"locations":[{"start":{"line":19,"column":21},"end":{"line":19,"column":34}}]},"5":{"type":"branch","line":41,"loc":{"start":{"line":41,"column":7},"end":{"line":59,"column":1}},"locations":[{"start":{"line":41,"column":7},"end":{"line":59,"column":1}}]},"6":{"type":"branch","line":46,"loc":{"start":{"line":46,"column":14},"end":{"line":46,"column":34}},"locations":[{"start":{"line":46,"column":14},"end":{"line":46,"column":34}}]},"7":{"type":"branch","line":46,"loc":{"start":{"line":46,"column":20},"end":{"line":46,"column":71}},"locations":[{"start":{"line":46,"column":20},"end":{"line":46,"column":71}}]},"8":{"type":"branch","line":46,"loc":{"start":{"line":46,"column":51},"end":{"line":46,"column":71}},"locations":[{"start":{"line":46,"column":51},"end":{"line":46,"column":71}}]}},"b":{"0":[14],"1":[14],"2":[0],"3":[1],"4":[1],"5":[13],"6":[4],"7":[9],"8":[1]},"fnMap":{"0":{"name":"<instance_members_initializer>","decl":{"start":{"line":6,"column":42},"end":{"line":21,"column":1}},"loc":{"start":{"line":6,"column":42},"end":{"line":21,"column":1}},"line":6},"1":{"name":"TennetctlError","decl":{"start":{"line":11,"column":2},"end":{"line":20,"column":3}},"loc":{"start":{"line":11,"column":2},"end":{"line":20,"column":3}},"line":11},"2":{"name":"mapError","decl":{"start":{"line":41,"column":7},"end":{"line":59,"column":1}},"loc":{"start":{"line":41,"column":7},"end":{"line":59,"column":1}},"line":41}},"f":{"0":14,"1":14,"2":13}}
,"/Users/sri/Documents/tennetctl/sdk/typescript/src/flags.ts": {"path":"/Users/sri/Documents/tennetctl/sdk/typescript/src/flags.ts","all":false,"statementMap":{"2":{"start":{"line":3,"column":0},"end":{"line":3,"column":44}},"4":{"start":{"line":5,"column":0},"end":{"line":5,"column":75}},"5":{"start":{"line":6,"column":0},"end":{"line":6,"column":59}},"6":{"start":{"line":7,"column":0},"end":{"line":7,"column":1}},"15":{"start":{"line":16,"column":0},"end":{"line":16,"column":20}},"16":{"start":{"line":17,"column":0},"end":{"line":17,"column":80}},"18":{"start":{"line":19,"column":0},"end":{"line":19,"column":14}},"19":{"start":{"line":20,"column":0},"end":{"line":20,"column":34}},"20":{"start":{"line":21,"column":0},"end":{"line":21,"column":68}},"21":{"start":{"line":22,"column":0},"end":{"line":22,"column":6}},"23":{"start":{"line":24,"column":0},"end":{"line":24,"column":17}},"24":{"start":{"line":25,"column":0},"end":{"line":25,"column":16}},"25":{"start":{"line":26,"column":0},"end":{"line":26,"column":49}},"26":{"start":{"line":27,"column":0},"end":{"line":27,"column":26}},"27":{"start":{"line":28,"column":0},"end":{"line":28,"column":56}},"28":{"start":{"line":29,"column":0},"end":{"line":29,"column":27}},"29":{"start":{"line":30,"column":0},"end":{"line":30,"column":35}},"30":{"start":{"line":31,"column":0},"end":{"line":31,"column":57}},"31":{"start":{"line":32,"column":0},"end":{"line":32,"column":23}},"32":{"start":{"line":33,"column":0},"end":{"line":33,"column":5}},"34":{"start":{"line":35,"column":0},"end":{"line":35,"column":71}},"35":{"start":{"line":36,"column":0},"end":{"line":36,"column":64}},"36":{"start":{"line":37,"column":0},"end":{"line":37,"column":86}},"37":{"start":{"line":38,"column":0},"end":{"line":38,"column":51}},"38":{"start":{"line":39,"column":0},"end":{"line":39,"column":18}},"39":{"start":{"line":40,"column":0},"end":{"line":40,"column":3}},"41":{"start":{"line":42,"column":0},"end":{"line":42,"column":90}},"42":{"start":{"line":43,"column":0},"end":{"line":43,"column":84}},"43":{"start":{"line":44,"column":0},"end":{"line":44,"column":28}},"44":{"start":{"line":45,"column":0},"end":{"line":45,"column":7}},"45":{"start":{"line":46,"column":0},"end":{"line":46,"column":47}},"46":{"start":{"line":47,"column":0},"end":{"line":47,"column":3}},"48":{"start":{"line":49,"column":0},"end":{"line":49,"column":22}},"49":{"start":{"line":50,"column":0},"end":{"line":50,"column":23}},"50":{"start":{"line":51,"column":0},"end":{"line":51,"column":3}},"52":{"start":{"line":53,"column":0},"end":{"line":53,"column":35}},"54":{"start":{"line":55,"column":0},"end":{"line":55,"column":22}},"55":{"start":{"line":56,"column":0},"end":{"line":56,"column":3}},"56":{"start":{"line":57,"column":0},"end":{"line":57,"column":1}}},"s":{"2":1,"4":7,"5":7,"6":7,"15":1,"16":82,"18":82,"19":82,"20":82,"21":82,"23":82,"24":7,"25":7,"26":7,"27":7,"28":7,"29":7,"30":7,"31":1,"32":1,"34":6,"35":7,"36":6,"37":6,"38":6,"39":7,"41":82,"42":1,"43":1,"44":1,"45":1,"46":1,"48":82,"49":1,"50":1,"52":82,"54":1,"55":1,"56":82},"branchMap":{"0":{"type":"branch","line":5,"loc":{"start":{"line":5,"column":0},"end":{"line":7,"column":1}},"locations":[{"start":{"line":5,"column":0},"end":{"line":7,"column":1}}]},"1":{"type":"branch","line":16,"loc":{"start":{"line":16,"column":19},"end":{"line":57,"column":1}},"locations":[{"start":{"line":16,"column":19},"end":{"line":57,"column":1}}]},"2":{"type":"branch","line":19,"loc":{"start":{"line":19,"column":2},"end":{"line":22,"column":6}},"locations":[{"start":{"line":19,"column":2},"end":{"line":22,"column":6}}]},"3":{"type":"branch","line":24,"loc":{"start":{"line":24,"column":2},"end":{"line":40,"column":3}},"locations":[{"start":{"line":24,"column":2},"end":{"line":40,"column":3}}]},"4":{"type":"branch","line":31,"loc":{"start":{"line":31,"column":8},"end":{"line":31,"column":56}},"locations":[{"start":{"line":31,"column":8},"end":{"line":31,"column":56}}]},"5":{"type":"branch","line":31,"loc":{"start":{"line":31,"column":56},"end":{"line":33,"column":5}},"locations":[{"start":{"line":31,"column":56},"end":{"line":33,"column":5}}]},"6":{"type":"branch","line":33,"loc":{"start":{"line":33,"column":4},"end":{"line":36,"column":41}},"locations":[{"start":{"line":33,"column":4},"end":{"line":36,"column":41}}]},"7":{"type":"branch","line":36,"loc":{"start":{"line":36,"column":36},"end":{"line":36,"column":64}},"locations":[{"start":{"line":36,"column":36},"end":{"line":36,"column":64}}]},"8":{"type":"branch","line":36,"loc":{"start":{"line":36,"column":56},"end":{"line":39,"column":18}},"locations":[{"start":{"line":36,"column":56},"end":{"line":39,"column":18}}]},"9":{"type":"branch","line":42,"loc":{"start":{"line":42,"column":2},"end":{"line":47,"column":3}},"locations":[{"start":{"line":42,"column":2},"end":{"line":47,"column":3}}]},"10":{"type":"branch","line":46,"loc":{"start":{"line":46,"column":35},"end":{"line":46,"column":47}},"locations":[{"start":{"line":46,"column":35},"end":{"line":46,"column":47}}]},"11":{"type":"branch","line":49,"loc":{"start":{"line":49,"column":2},"end":{"line":51,"column":3}},"locations":[{"start":{"line":49,"column":2},"end":{"line":51,"column":3}}]},"12":{"type":"branch","line":53,"loc":{"start":{"line":53,"column":2},"end":{"line":56,"column":3}},"locations":[{"start":{"line":53,"column":2},"end":{"line":56,"column":3}}]}},"b":{"0":[7],"1":[82],"2":[82],"3":[7],"4":[1],"5":[1],"6":[6],"7":[1],"8":[6],"9":[1],"10":[0],"11":[1],"12":[1]},"fnMap":{"0":{"name":"cacheKey","decl":{"start":{"line":5,"column":0},"end":{"line":7,"column":1}},"loc":{"start":{"line":5,"column":0},"end":{"line":7,"column":1}},"line":5},"1":{"name":"<instance_members_initializer>","decl":{"start":{"line":16,"column":19},"end":{"line":57,"column":1}},"loc":{"start":{"line":16,"column":19},"end":{"line":57,"column":1}},"line":16},"2":{"name":"Flags","decl":{"start":{"line":19,"column":2},"end":{"line":22,"column":6}},"loc":{"start":{"line":19,"column":2},"end":{"line":22,"column":6}},"line":19},"3":{"name":"evaluate","decl":{"start":{"line":24,"column":2},"end":{"line":40,"column":3}},"loc":{"start":{"line":24,"column":2},"end":{"line":40,"column":3}},"line":24},"4":{"name":"evaluateBulk","decl":{"start":{"line":42,"column":2},"end":{"line":47,"column":3}},"loc":{"start":{"line":42,"column":2},"end":{"line":47,"column":3}},"line":42},"5":{"name":"clearCache","decl":{"start":{"line":49,"column":2},"end":{"line":51,"column":3}},"loc":{"start":{"line":49,"column":2},"end":{"line":51,"column":3}},"line":49},"6":{"name":"invalidate","decl":{"start":{"line":53,"column":2},"end":{"line":56,"column":3}},"loc":{"start":{"line":53,"column":2},"end":{"line":56,"column":3}},"line":53}},"f":{"0":7,"1":82,"2":82,"3":7,"4":1,"5":1,"6":1}}
,"/Users/sri/Documents/tennetctl/sdk/typescript/src/iam.ts": {"path":"/Users/sri/Documents/tennetctl/sdk/typescript/src/iam.ts","all":false,"statementMap":{"2":{"start":{"line":3,"column":0},"end":{"line":3,"column":20}},"3":{"start":{"line":4,"column":0},"end":{"line":4,"column":14}},"4":{"start":{"line":5,"column":0},"end":{"line":5,"column":34}},"5":{"start":{"line":6,"column":0},"end":{"line":6,"column":34}},"6":{"start":{"line":7,"column":0},"end":{"line":7,"column":6}},"8":{"start":{"line":9,"column":0},"end":{"line":9,"column":91}},"10":{"start":{"line":11,"column":0},"end":{"line":11,"column":5}},"11":{"start":{"line":12,"column":0},"end":{"line":12,"column":77}},"12":{"start":{"line":13,"column":0},"end":{"line":13,"column":51}},"13":{"start":{"line":14,"column":0},"end":{"line":14,"column":41}},"14":{"start":{"line":15,"column":0},"end":{"line":15,"column":5}},"15":{"start":{"line":16,"column":0},"end":{"line":16,"column":70}},"16":{"start":{"line":17,"column":0},"end":{"line":17,"column":12}},"17":{"start":{"line":18,"column":0},"end":{"line":18,"column":16}},"18":{"start":{"line":19,"column":0},"end":{"line":19,"column":66}},"19":{"start":{"line":20,"column":0},"end":{"line":20,"column":6}},"20":{"start":{"line":21,"column":0},"end":{"line":21,"column":43}},"21":{"start":{"line":22,"column":0},"end":{"line":22,"column":3}},"23":{"start":{"line":24,"column":0},"end":{"line":24,"column":59}},"24":{"start":{"line":25,"column":0},"end":{"line":25,"column":55}},"25":{"start":{"line":26,"column":0},"end":{"line":26,"column":3}},"26":{"start":{"line":27,"column":0},"end":{"line":27,"column":1}},"28":{"start":{"line":29,"column":0},"end":{"line":29,"column":18}},"29":{"start":{"line":30,"column":0},"end":{"line":30,"column":31}},"30":{"start":{"line":31,"column":0},"end":{"line":31,"column":30}},"31":{"start":{"line":32,"column":0},"end":{"line":32,"column":36}},"32":{"start":{"line":33,"column":0},"end":{"line":33,"column":31}},"33":{"start":{"line":34,"column":0},"end":{"line":34,"column":32}},"35":{"start":{"line":36,"column":0},"end":{"line":36,"column":29}},"36":{"start":{"line":37,"column":0},"end":{"line":37,"column":50}},"37":{"start":{"line":38,"column":0},"end":{"line":38,"column":48}},"38":{"start":{"line":39,"column":0},"end":{"line":39,"column":60}},"39":{"start":{"line":40,"column":0},"end":{"line":40,"column":50}},"40":{"start":{"line":41,"column":0},"end":{"line":41,"column":52}},"41":{"start":{"line":42,"column":0},"end":{"line":42,"column":3}},"42":{"start":{"line":43,"column":0},"end":{"line":43,"column":1}}},"s":{"2":1,"3":1,"4":410,"5":410,"6":410,"8":1,"10":6,"11":6,"12":6,"13":2,"14":2,"15":6,"16":6,"17":6,"18":6,"19":6,"20":6,"21":6,"23":1,"24":1,"25":1,"26":1,"28":1,"29":82,"30":82,"31":82,"32":82,"33":82,"35":82,"36":82,"37":82,"38":82,"39":82,"40":82,"41":82,"42":82},"branchMap":{"0":{"type":"branch","line":4,"loc":{"start":{"line":4,"column":2},"end":{"line":7,"column":6}},"locations":[{"start":{"line":4,"column":2},"end":{"line":7,"column":6}}]},"1":{"type":"branch","line":9,"loc":{"start":{"line":9,"column":2},"end":{"line":22,"column":3}},"locations":[{"start":{"line":9,"column":2},"end":{"line":22,"column":3}}]},"2":{"type":"branch","line":13,"loc":{"start":{"line":13,"column":50},"end":{"line":15,"column":5}},"locations":[{"start":{"line":13,"column":50},"end":{"line":15,"column":5}}]},"3":{"type":"branch","line":19,"loc":{"start":{"line":19,"column":36},"end":{"line":19,"column":54}},"locations":[{"start":{"line":19,"column":36},"end":{"line":19,"column":54}}]},"4":{"type":"branch","line":19,"loc":{"start":{"line":19,"column":45},"end":{"line":19,"column":64}},"locations":[{"start":{"line":19,"column":45},"end":{"line":19,"column":64}}]},"5":{"type":"branch","line":21,"loc":{"start":{"line":21,"column":33},"end":{"line":21,"column":43}},"locations":[{"start":{"line":21,"column":33},"end":{"line":21,"column":43}}]},"6":{"type":"branch","line":24,"loc":{"start":{"line":24,"column":2},"end":{"line":26,"column":3}},"locations":[{"start":{"line":24,"column":2},"end":{"line":26,"column":3}}]},"7":{"type":"branch","line":29,"loc":{"start":{"line":29,"column":17},"end":{"line":43,"column":1}},"locations":[{"start":{"line":29,"column":17},"end":{"line":43,"column":1}}]},"8":{"type":"branch","line":36,"loc":{"start":{"line":36,"column":2},"end":{"line":42,"column":3}},"locations":[{"start":{"line":36,"column":2},"end":{"line":42,"column":3}}]}},"b":{"0":[410],"1":[6],"2":[2],"3":[1],"4":[5],"5":[0],"6":[1],"7":[82],"8":[82]},"fnMap":{"0":{"name":"ReadResource","decl":{"start":{"line":4,"column":2},"end":{"line":7,"column":6}},"loc":{"start":{"line":4,"column":2},"end":{"line":7,"column":6}},"line":4},"1":{"name":"list","decl":{"start":{"line":9,"column":2},"end":{"line":22,"column":3}},"loc":{"start":{"line":9,"column":2},"end":{"line":22,"column":3}},"line":9},"2":{"name":"get","decl":{"start":{"line":24,"column":2},"end":{"line":26,"column":3}},"loc":{"start":{"line":24,"column":2},"end":{"line":26,"column":3}},"line":24},"3":{"name":"<instance_members_initializer>","decl":{"start":{"line":29,"column":17},"end":{"line":43,"column":1}},"loc":{"start":{"line":29,"column":17},"end":{"line":43,"column":1}},"line":29},"4":{"name":"IAM","decl":{"start":{"line":36,"column":2},"end":{"line":42,"column":3}},"loc":{"start":{"line":36,"column":2},"end":{"line":42,"column":3}},"line":36}},"f":{"0":410,"1":6,"2":1,"3":82,"4":82}}
,"/Users/sri/Documents/tennetctl/sdk/typescript/src/index.ts": {"path":"/Users/sri/Documents/tennetctl/sdk/typescript/src/index.ts","all":false,"statementMap":{"0":{"start":{"line":1,"column":0},"end":{"line":1,"column":63}},"25":{"start":{"line":26,"column":0},"end":{"line":26,"column":31}}},"s":{"0":1,"25":1},"branchMap":{},"b":{},"fnMap":{},"f":{}}
,"/Users/sri/Documents/tennetctl/sdk/typescript/src/logs.ts": {"path":"/Users/sri/Documents/tennetctl/sdk/typescript/src/logs.ts","all":false,"statementMap":{"8":{"start":{"line":9,"column":0},"end":{"line":9,"column":43}},"9":{"start":{"line":10,"column":0},"end":{"line":10,"column":54}},"10":{"start":{"line":11,"column":0},"end":{"line":11,"column":30}},"11":{"start":{"line":12,"column":0},"end":{"line":12,"column":60}},"12":{"start":{"line":13,"column":0},"end":{"line":13,"column":30}},"13":{"start":{"line":14,"column":0},"end":{"line":14,"column":3}},"14":{"start":{"line":15,"column":0},"end":{"line":15,"column":36}},"15":{"start":{"line":16,"column":0},"end":{"line":16,"column":1}},"17":{"start":{"line":18,"column":0},"end":{"line":18,"column":19}},"18":{"start":{"line":19,"column":0},"end":{"line":19,"column":47}},"20":{"start":{"line":21,"column":0},"end":{"line":21,"column":20}},"27":{"start":{"line":28,"column":0},"end":{"line":28,"column":40}},"28":{"start":{"line":29,"column":0},"end":{"line":29,"column":71}},"29":{"start":{"line":30,"column":0},"end":{"line":30,"column":108}},"31":{"start":{"line":32,"column":0},"end":{"line":32,"column":48}},"32":{"start":{"line":33,"column":0},"end":{"line":33,"column":34}},"33":{"start":{"line":34,"column":0},"end":{"line":34,"column":39}},"34":{"start":{"line":35,"column":0},"end":{"line":35,"column":6}},"35":{"start":{"line":36,"column":0},"end":{"line":36,"column":26}},"36":{"start":{"line":37,"column":0},"end":{"line":37,"column":79}},"37":{"start":{"line":38,"column":0},"end":{"line":38,"column":15}},"38":{"start":{"line":39,"column":0},"end":{"line":39,"column":28}},"39":{"start":{"line":40,"column":0},"end":{"line":40,"column":10}},"40":{"start":{"line":41,"column":0},"end":{"line":41,"column":5}},"41":{"start":{"line":42,"column":0},"end":{"line":42,"column":57}},"42":{"start":{"line":43,"column":0},"end":{"line":43,"column":54}},"44":{"start":{"line":45,"column":0},"end":{"line":45,"column":66}},"45":{"start":{"line":46,"column":0},"end":{"line":46,"column":13}},"46":{"start":{"line":47,"column":0},"end":{"line":47,"column":23}},"47":{"start":{"line":48,"column":0},"end":{"line":48,"column":11}},"48":{"start":{"line":49,"column":0},"end":{"line":49,"column":52}},"49":{"start":{"line":50,"column":0},"end":{"line":50,"column":53}},"50":{"start":{"line":51,"column":0},"end":{"line":51,"column":12}},"51":{"start":{"line":52,"column":0},"end":{"line":52,"column":10}},"52":{"start":{"line":53,"column":0},"end":{"line":53,"column":8}},"53":{"start":{"line":54,"column":0},"end":{"line":54,"column":7}},"54":{"start":{"line":55,"column":0},"end":{"line":55,"column":3}},"56":{"start":{"line":57,"column":0},"end":{"line":57,"column":94}},"57":{"start":{"line":58,"column":0},"end":{"line":58,"column":66}},"58":{"start":{"line":59,"column":0},"end":{"line":59,"column":38}},"59":{"start":{"line":60,"column":0},"end":{"line":60,"column":7}},"60":{"start":{"line":61,"column":0},"end":{"line":61,"column":3}},"62":{"start":{"line":63,"column":0},"end":{"line":63,"column":80}},"63":{"start":{"line":64,"column":0},"end":{"line":64,"column":73}},"64":{"start":{"line":65,"column":0},"end":{"line":65,"column":3}},"66":{"start":{"line":67,"column":0},"end":{"line":67,"column":13}},"67":{"start":{"line":68,"column":0},"end":{"line":68,"column":72}},"68":{"start":{"line":69,"column":0},"end":{"line":69,"column":39}},"69":{"start":{"line":70,"column":0},"end":{"line":70,"column":77}},"70":{"start":{"line":71,"column":0},"end":{"line":71,"column":85}},"71":{"start":{"line":72,"column":0},"end":{"line":72,"column":62}},"72":{"start":{"line":73,"column":0},"end":{"line":73,"column":62}},"73":{"start":{"line":74,"column":0},"end":{"line":74,"column":7}},"74":{"start":{"line":75,"column":0},"end":{"line":75,"column":3}},"75":{"start":{"line":76,"column":0},"end":{"line":76,"column":1}}},"s":{"8":4,"9":4,"10":4,"11":1,"12":0,"13":0,"14":2,"15":2,"17":1,"18":1,"20":1,"27":1,"28":1,"29":1,"31":1,"32":1,"33":1,"34":1,"35":1,"36":1,"37":3,"38":3,"39":1,"40":1,"41":1,"42":1,"44":1,"45":1,"46":1,"47":1,"48":1,"49":1,"50":1,"51":1,"52":1,"53":1,"54":1,"56":1,"57":0,"58":0,"59":0,"60":0,"62":1,"63":1,"64":1,"66":1,"67":1,"68":1,"69":1,"70":1,"71":1,"72":1,"73":1,"74":1,"75":1},"branchMap":{"0":{"type":"branch","line":9,"loc":{"start":{"line":9,"column":0},"end":{"line":16,"column":1}},"locations":[{"start":{"line":9,"column":0},"end":{"line":16,"column":1}}]},"1":{"type":"branch","line":10,"loc":{"start":{"line":10,"column":30},"end":{"line":10,"column":54}},"locations":[{"start":{"line":10,"column":30},"end":{"line":10,"column":54}}]},"2":{"type":"branch","line":10,"loc":{"start":{"line":10,"column":52},"end":{"line":11,"column":29}},"locations":[{"start":{"line":10,"column":52},"end":{"line":11,"column":29}}]},"3":{"type":"branch","line":11,"loc":{"start":{"line":11,"column":29},"end":{"line":14,"column":3}},"locations":[{"start":{"line":11,"column":29},"end":{"line":14,"column":3}}]},"4":{"type":"branch","line":12,"loc":{"start":{"line":12,"column":58},"end":{"line":14,"column":3}},"locations":[{"start":{"line":12,"column":58},"end":{"line":14,"column":3}}]},"5":{"type":"branch","line":14,"loc":{"start":{"line":14,"column":2},"end":{"line":16,"column":1}},"locations":[{"start":{"line":14,"column":2},"end":{"line":16,"column":1}}]},"6":{"type":"branch","line":19,"loc":{"start":{"line":19,"column":2},"end":{"line":19,"column":47}},"locations":[{"start":{"line":19,"column":2},"end":{"line":19,"column":47}}]},"7":{"type":"branch","line":21,"loc":{"start":{"line":21,"column":2},"end":{"line":55,"column":3}},"locations":[{"start":{"line":21,"column":2},"end":{"line":55,"column":3}}]},"8":{"type":"branch","line":42,"loc":{"start":{"line":42,"column":23},"end":{"line":42,"column":57}},"locations":[{"start":{"line":42,"column":23},"end":{"line":42,"column":57}}]},"9":{"type":"branch","line":43,"loc":{"start":{"line":43,"column":22},"end":{"line":43,"column":54}},"locations":[{"start":{"line":43,"column":22},"end":{"line":43,"column":54}}]},"10":{"type":"branch","line":37,"loc":{"start":{"line":37,"column":65},"end":{"line":40,"column":8}},"locations":[{"start":{"line":37,"column":65},"end":{"line":40,"column":8}}]},"11":{"type":"branch","line":63,"loc":{"start":{"line":63,"column":2},"end":{"line":65,"column":3}},"locations":[{"start":{"line":63,"column":2},"end":{"line":65,"column":3}}]},"12":{"type":"branch","line":67,"loc":{"start":{"line":67,"column":2},"end":{"line":75,"column":3}},"locations":[{"start":{"line":67,"column":2},"end":{"line":75,"column":3}}]},"13":{"type":"branch","line":73,"loc":{"start":{"line":73,"column":43},"end":{"line":73,"column":62}},"locations":[{"start":{"line":73,"column":43},"end":{"line":73,"column":62}}]}},"b":{"0":[4],"1":[1],"2":[3],"3":[1],"4":[0],"5":[2],"6":[82],"7":[1],"8":[0],"9":[0],"10":[3],"11":[1],"12":[1],"13":[0]},"fnMap":{"0":{"name":"otlpValue","decl":{"start":{"line":9,"column":0},"end":{"line":16,"column":1}},"loc":{"start":{"line":9,"column":0},"end":{"line":16,"column":1}},"line":9},"1":{"name":"Logs","decl":{"start":{"line":19,"column":2},"end":{"line":19,"column":47}},"loc":{"start":{"line":19,"column":2},"end":{"line":19,"column":47}},"line":19},"2":{"name":"emit","decl":{"start":{"line":21,"column":2},"end":{"line":55,"column":3}},"loc":{"start":{"line":21,"column":2},"end":{"line":55,"column":3}},"line":21},"3":{"name":"emitBatch","decl":{"start":{"line":57,"column":2},"end":{"line":61,"column":3}},"loc":{"start":{"line":57,"column":2},"end":{"line":61,"column":3}},"line":57},"4":{"name":"query","decl":{"start":{"line":63,"column":2},"end":{"line":65,"column":3}},"loc":{"start":{"line":63,"column":2},"end":{"line":65,"column":3}},"line":63},"5":{"name":"tail","decl":{"start":{"line":67,"column":2},"end":{"line":75,"column":3}},"loc":{"start":{"line":67,"column":2},"end":{"line":75,"column":3}},"line":67}},"f":{"0":4,"1":82,"2":1,"3":0,"4":1,"5":1}}
,"/Users/sri/Documents/tennetctl/sdk/typescript/src/metrics.ts": {"path":"/Users/sri/Documents/tennetctl/sdk/typescript/src/metrics.ts","all":false,"statementMap":{"2":{"start":{"line":3,"column":0},"end":{"line":3,"column":22}},"3":{"start":{"line":4,"column":0},"end":{"line":4,"column":47}},"5":{"start":{"line":6,"column":0},"end":{"line":6,"column":18}},"6":{"start":{"line":7,"column":0},"end":{"line":7,"column":16}},"7":{"start":{"line":8,"column":0},"end":{"line":8,"column":68}},"8":{"start":{"line":9,"column":0},"end":{"line":9,"column":39}},"9":{"start":{"line":10,"column":0},"end":{"line":10,"column":69}},"10":{"start":{"line":11,"column":0},"end":{"line":11,"column":61}},"11":{"start":{"line":12,"column":0},"end":{"line":12,"column":87}},"12":{"start":{"line":13,"column":0},"end":{"line":13,"column":3}},"14":{"start":{"line":15,"column":0},"end":{"line":15,"column":12}},"15":{"start":{"line":16,"column":0},"end":{"line":16,"column":16}},"16":{"start":{"line":17,"column":0},"end":{"line":17,"column":62}},"17":{"start":{"line":18,"column":0},"end":{"line":18,"column":39}},"18":{"start":{"line":19,"column":0},"end":{"line":19,"column":64}},"19":{"start":{"line":20,"column":0},"end":{"line":20,"column":61}},"20":{"start":{"line":21,"column":0},"end":{"line":21,"column":81}},"21":{"start":{"line":22,"column":0},"end":{"line":22,"column":3}},"23":{"start":{"line":24,"column":0},"end":{"line":24,"column":16}},"24":{"start":{"line":25,"column":0},"end":{"line":25,"column":16}},"25":{"start":{"line":26,"column":0},"end":{"line":26,"column":62}},"26":{"start":{"line":27,"column":0},"end":{"line":27,"column":39}},"27":{"start":{"line":28,"column":0},"end":{"line":28,"column":64}},"28":{"start":{"line":29,"column":0},"end":{"line":29,"column":61}},"29":{"start":{"line":30,"column":0},"end":{"line":30,"column":85}},"30":{"start":{"line":31,"column":0},"end":{"line":31,"column":3}},"32":{"start":{"line":33,"column":0},"end":{"line":33,"column":24}},"38":{"start":{"line":39,"column":0},"end":{"line":39,"column":40}},"39":{"start":{"line":40,"column":0},"end":{"line":40,"column":77}},"40":{"start":{"line":41,"column":0},"end":{"line":41,"column":76}},"41":{"start":{"line":42,"column":0},"end":{"line":42,"column":64}},"42":{"start":{"line":43,"column":0},"end":{"line":43,"column":94}},"43":{"start":{"line":44,"column":0},"end":{"line":44,"column":70}},"44":{"start":{"line":45,"column":0},"end":{"line":45,"column":3}},"46":{"start":{"line":47,"column":0},"end":{"line":47,"column":13}},"47":{"start":{"line":48,"column":0},"end":{"line":48,"column":72}},"48":{"start":{"line":49,"column":0},"end":{"line":49,"column":46}},"49":{"start":{"line":50,"column":0},"end":{"line":50,"column":77}},"50":{"start":{"line":51,"column":0},"end":{"line":51,"column":85}},"51":{"start":{"line":52,"column":0},"end":{"line":52,"column":104}},"52":{"start":{"line":53,"column":0},"end":{"line":53,"column":62}},"53":{"start":{"line":54,"column":0},"end":{"line":54,"column":7}},"54":{"start":{"line":55,"column":0},"end":{"line":55,"column":43}},"55":{"start":{"line":56,"column":0},"end":{"line":56,"column":3}},"57":{"start":{"line":58,"column":0},"end":{"line":58,"column":60}},"58":{"start":{"line":59,"column":0},"end":{"line":59,"column":66}},"59":{"start":{"line":60,"column":0},"end":{"line":60,"column":3}},"61":{"start":{"line":62,"column":0},"end":{"line":62,"column":80}},"62":{"start":{"line":63,"column":0},"end":{"line":63,"column":76}},"63":{"start":{"line":64,"column":0},"end":{"line":64,"column":3}},"64":{"start":{"line":65,"column":0},"end":{"line":65,"column":1}}},"s":{"2":1,"3":1,"5":1,"6":1,"7":1,"8":1,"9":1,"10":1,"11":1,"12":1,"14":1,"15":1,"16":1,"17":1,"18":1,"19":1,"20":1,"21":1,"23":1,"24":1,"25":1,"26":1,"27":1,"28":1,"29":1,"30":1,"32":1,"38":1,"39":1,"40":1,"41":1,"42":1,"43":1,"44":1,"46":1,"47":1,"48":1,"49":1,"50":1,"51":1,"52":1,"53":1,"54":1,"55":1,"57":1,"58":1,"59":1,"61":1,"62":1,"63":1,"64":1},"branchMap":{"0":{"type":"branch","line":4,"loc":{"start":{"line":4,"column":2},"end":{"line":4,"column":47}},"locations":[{"start":{"line":4,"column":2},"end":{"line":4,"column":47}}]},"1":{"type":"branch","line":6,"loc":{"start":{"line":6,"column":2},"end":{"line":13,"column":3}},"locations":[{"start":{"line":6,"column":2},"end":{"line":13,"column":3}}]},"2":{"type":"branch","line":10,"loc":{"start":{"line":10,"column":56},"end":{"line":10,"column":67}},"locations":[{"start":{"line":10,"column":56},"end":{"line":10,"column":67}}]},"3":{"type":"branch","line":15,"loc":{"start":{"line":15,"column":2},"end":{"line":22,"column":3}},"locations":[{"start":{"line":15,"column":2},"end":{"line":22,"column":3}}]},"4":{"type":"branch","line":20,"loc":{"start":{"line":20,"column":35},"end":{"line":20,"column":61}},"locations":[{"start":{"line":20,"column":35},"end":{"line":20,"column":61}}]},"5":{"type":"branch","line":24,"loc":{"start":{"line":24,"column":2},"end":{"line":31,"column":3}},"locations":[{"start":{"line":24,"column":2},"end":{"line":31,"column":3}}]},"6":{"type":"branch","line":29,"loc":{"start":{"line":29,"column":35},"end":{"line":29,"column":61}},"locations":[{"start":{"line":29,"column":35},"end":{"line":29,"column":61}}]},"7":{"type":"branch","line":33,"loc":{"start":{"line":33,"column":2},"end":{"line":45,"column":3}},"locations":[{"start":{"line":33,"column":2},"end":{"line":45,"column":3}}]},"8":{"type":"branch","line":42,"loc":{"start":{"line":42,"column":36},"end":{"line":42,"column":64}},"locations":[{"start":{"line":42,"column":36},"end":{"line":42,"column":64}}]},"9":{"type":"branch","line":43,"loc":{"start":{"line":43,"column":46},"end":{"line":43,"column":94}},"locations":[{"start":{"line":43,"column":46},"end":{"line":43,"column":94}}]},"10":{"type":"branch","line":47,"loc":{"start":{"line":47,"column":2},"end":{"line":56,"column":3}},"locations":[{"start":{"line":47,"column":2},"end":{"line":56,"column":3}}]},"11":{"type":"branch","line":51,"loc":{"start":{"line":51,"column":50},"end":{"line":51,"column":85}},"locations":[{"start":{"line":51,"column":50},"end":{"line":51,"column":85}}]},"12":{"type":"branch","line":53,"loc":{"start":{"line":53,"column":34},"end":{"line":53,"column":52}},"locations":[{"start":{"line":53,"column":34},"end":{"line":53,"column":52}}]},"13":{"type":"branch","line":55,"loc":{"start":{"line":55,"column":33},"end":{"line":55,"column":43}},"locations":[{"start":{"line":55,"column":33},"end":{"line":55,"column":43}}]},"14":{"type":"branch","line":58,"loc":{"start":{"line":58,"column":2},"end":{"line":60,"column":3}},"locations":[{"start":{"line":58,"column":2},"end":{"line":60,"column":3}}]},"15":{"type":"branch","line":62,"loc":{"start":{"line":62,"column":2},"end":{"line":64,"column":3}},"locations":[{"start":{"line":62,"column":2},"end":{"line":64,"column":3}}]}},"b":{"0":[82],"1":[1],"2":[0],"3":[1],"4":[0],"5":[1],"6":[0],"7":[1],"8":[0],"9":[0],"10":[1],"11":[0],"12":[0],"13":[0],"14":[1],"15":[1]},"fnMap":{"0":{"name":"Metrics","decl":{"start":{"line":4,"column":2},"end":{"line":4,"column":47}},"loc":{"start":{"line":4,"column":2},"end":{"line":4,"column":47}},"line":4},"1":{"name":"increment","decl":{"start":{"line":6,"column":2},"end":{"line":13,"column":3}},"loc":{"start":{"line":6,"column":2},"end":{"line":13,"column":3}},"line":6},"2":{"name":"set","decl":{"start":{"line":15,"column":2},"end":{"line":22,"column":3}},"loc":{"start":{"line":15,"column":2},"end":{"line":22,"column":3}},"line":15},"3":{"name":"observe","decl":{"start":{"line":24,"column":2},"end":{"line":31,"column":3}},"loc":{"start":{"line":24,"column":2},"end":{"line":31,"column":3}},"line":24},"4":{"name":"register","decl":{"start":{"line":33,"column":2},"end":{"line":45,"column":3}},"loc":{"start":{"line":33,"column":2},"end":{"line":45,"column":3}},"line":33},"5":{"name":"list","decl":{"start":{"line":47,"column":2},"end":{"line":56,"column":3}},"loc":{"start":{"line":47,"column":2},"end":{"line":56,"column":3}},"line":47},"6":{"name":"get","decl":{"start":{"line":58,"column":2},"end":{"line":60,"column":3}},"loc":{"start":{"line":58,"column":2},"end":{"line":60,"column":3}},"line":58},"7":{"name":"query","decl":{"start":{"line":62,"column":2},"end":{"line":64,"column":3}},"loc":{"start":{"line":62,"column":2},"end":{"line":64,"column":3}},"line":62}},"f":{"0":82,"1":1,"2":1,"3":1,"4":1,"5":1,"6":1,"7":1}}
,"/Users/sri/Documents/tennetctl/sdk/typescript/src/notify.ts": {"path":"/Users/sri/Documents/tennetctl/sdk/typescript/src/notify.ts","all":false,"statementMap":{"2":{"start":{"line":3,"column":0},"end":{"line":3,"column":21}},"3":{"start":{"line":4,"column":0},"end":{"line":4,"column":47}},"5":{"start":{"line":6,"column":0},"end":{"line":6,"column":20}},"11":{"start":{"line":12,"column":0},"end":{"line":12,"column":40}},"12":{"start":{"line":13,"column":0},"end":{"line":13,"column":43}},"13":{"start":{"line":14,"column":0},"end":{"line":14,"column":38}},"14":{"start":{"line":15,"column":0},"end":{"line":15,"column":48}},"15":{"start":{"line":16,"column":0},"end":{"line":16,"column":6}},"16":{"start":{"line":17,"column":0},"end":{"line":17,"column":70}},"17":{"start":{"line":18,"column":0},"end":{"line":18,"column":64}},"19":{"start":{"line":20,"column":0},"end":{"line":20,"column":40}},"20":{"start":{"line":21,"column":0},"end":{"line":21,"column":51}},"21":{"start":{"line":22,"column":0},"end":{"line":22,"column":18}},"23":{"start":{"line":24,"column":0},"end":{"line":24,"column":72}},"24":{"start":{"line":25,"column":0},"end":{"line":25,"column":3}},"25":{"start":{"line":26,"column":0},"end":{"line":26,"column":1}}},"s":{"2":1,"3":1,"5":1,"11":4,"12":4,"13":4,"14":4,"15":4,"16":4,"17":4,"19":4,"20":1,"21":3,"23":4,"24":4,"25":1},"branchMap":{"0":{"type":"branch","line":4,"loc":{"start":{"line":4,"column":2},"end":{"line":4,"column":47}},"locations":[{"start":{"line":4,"column":2},"end":{"line":4,"column":47}}]},"1":{"type":"branch","line":6,"loc":{"start":{"line":6,"column":2},"end":{"line":25,"column":3}},"locations":[{"start":{"line":6,"column":2},"end":{"line":25,"column":3}}]},"2":{"type":"branch","line":17,"loc":{"start":{"line":17,"column":38},"end":{"line":17,"column":70}},"locations":[{"start":{"line":17,"column":38},"end":{"line":17,"column":70}}]},"3":{"type":"branch","line":18,"loc":{"start":{"line":18,"column":36},"end":{"line":18,"column":64}},"locations":[{"start":{"line":18,"column":36},"end":{"line":18,"column":64}}]},"4":{"type":"branch","line":20,"loc":{"start":{"line":20,"column":25},"end":{"line":21,"column":51}},"locations":[{"start":{"line":20,"column":25},"end":{"line":21,"column":51}}]},"5":{"type":"branch","line":21,"loc":{"start":{"line":21,"column":50},"end":{"line":22,"column":18}},"locations":[{"start":{"line":21,"column":50},"end":{"line":22,"column":18}}]}},"b":{"0":[82],"1":[4],"2":[0],"3":[1],"4":[1],"5":[3]},"fnMap":{"0":{"name":"Notify","decl":{"start":{"line":4,"column":2},"end":{"line":4,"column":47}},"loc":{"start":{"line":4,"column":2},"end":{"line":4,"column":47}},"line":4},"1":{"name":"send","decl":{"start":{"line":6,"column":2},"end":{"line":25,"column":3}},"loc":{"start":{"line":6,"column":2},"end":{"line":25,"column":3}},"line":6}},"f":{"0":82,"1":4}}
,"/Users/sri/Documents/tennetctl/sdk/typescript/src/traces.ts": {"path":"/Users/sri/Documents/tennetctl/sdk/typescript/src/traces.ts","all":false,"statementMap":{"2":{"start":{"line":3,"column":0},"end":{"line":3,"column":21}},"3":{"start":{"line":4,"column":0},"end":{"line":4,"column":47}},"5":{"start":{"line":6,"column":0},"end":{"line":6,"column":100}},"6":{"start":{"line":7,"column":0},"end":{"line":7,"column":68}},"7":{"start":{"line":8,"column":0},"end":{"line":8,"column":30}},"8":{"start":{"line":9,"column":0},"end":{"line":9,"column":7}},"9":{"start":{"line":10,"column":0},"end":{"line":10,"column":3}},"11":{"start":{"line":12,"column":0},"end":{"line":12,"column":80}},"12":{"start":{"line":13,"column":0},"end":{"line":13,"column":75}},"13":{"start":{"line":14,"column":0},"end":{"line":14,"column":3}},"15":{"start":{"line":16,"column":0},"end":{"line":16,"column":64}},"16":{"start":{"line":17,"column":0},"end":{"line":17,"column":69}},"17":{"start":{"line":18,"column":0},"end":{"line":18,"column":3}},"18":{"start":{"line":19,"column":0},"end":{"line":19,"column":1}}},"s":{"2":1,"3":1,"5":1,"6":1,"7":1,"8":1,"9":1,"11":1,"12":1,"13":1,"15":1,"16":1,"17":1,"18":1},"branchMap":{"0":{"type":"branch","line":4,"loc":{"start":{"line":4,"column":2},"end":{"line":4,"column":47}},"locations":[{"start":{"line":4,"column":2},"end":{"line":4,"column":47}}]},"1":{"type":"branch","line":6,"loc":{"start":{"line":6,"column":2},"end":{"line":10,"column":3}},"locations":[{"start":{"line":6,"column":2},"end":{"line":10,"column":3}}]},"2":{"type":"branch","line":12,"loc":{"start":{"line":12,"column":2},"end":{"line":14,"column":3}},"locations":[{"start":{"line":12,"column":2},"end":{"line":14,"column":3}}]},"3":{"type":"branch","line":16,"loc":{"start":{"line":16,"column":2},"end":{"line":18,"column":3}},"locations":[{"start":{"line":16,"column":2},"end":{"line":18,"column":3}}]}},"b":{"0":[82],"1":[1],"2":[1],"3":[1]},"fnMap":{"0":{"name":"Traces","decl":{"start":{"line":4,"column":2},"end":{"line":4,"column":47}},"loc":{"start":{"line":4,"column":2},"end":{"line":4,"column":47}},"line":4},"1":{"name":"emitBatch","decl":{"start":{"line":6,"column":2},"end":{"line":10,"column":3}},"loc":{"start":{"line":6,"column":2},"end":{"line":10,"column":3}},"line":6},"2":{"name":"query","decl":{"start":{"line":12,"column":2},"end":{"line":14,"column":3}},"loc":{"start":{"line":12,"column":2},"end":{"line":14,"column":3}},"line":12},"3":{"name":"get","decl":{"start":{"line":16,"column":2},"end":{"line":18,"column":3}},"loc":{"start":{"line":16,"column":2},"end":{"line":18,"column":3}},"line":16}},"f":{"0":82,"1":1,"2":1,"3":1}}
,"/Users/sri/Documents/tennetctl/sdk/typescript/src/transport.ts": {"path":"/Users/sri/Documents/tennetctl/sdk/typescript/src/transport.ts","all":false,"statementMap":{"0":{"start":{"line":1,"column":0},"end":{"line":1,"column":53}},"2":{"start":{"line":3,"column":0},"end":{"line":3,"column":44}},"4":{"start":{"line":5,"column":0},"end":{"line":5,"column":48}},"5":{"start":{"line":6,"column":0},"end":{"line":6,"column":53}},"6":{"start":{"line":7,"column":0},"end":{"line":7,"column":50}},"19":{"start":{"line":20,"column":0},"end":{"line":20,"column":51}},"20":{"start":{"line":21,"column":0},"end":{"line":21,"column":52}},"22":{"start":{"line":23,"column":0},"end":{"line":23,"column":24}},"23":{"start":{"line":24,"column":0},"end":{"line":24,"column":35}},"24":{"start":{"line":25,"column":0},"end":{"line":25,"column":35}},"25":{"start":{"line":26,"column":0},"end":{"line":26,"column":32}},"26":{"start":{"line":27,"column":0},"end":{"line":27,"column":37}},"27":{"start":{"line":28,"column":0},"end":{"line":28,"column":36}},"28":{"start":{"line":29,"column":0},"end":{"line":29,"column":58}},"30":{"start":{"line":31,"column":0},"end":{"line":31,"column":39}},"31":{"start":{"line":32,"column":0},"end":{"line":32,"column":52}},"32":{"start":{"line":33,"column":0},"end":{"line":33,"column":30}},"33":{"start":{"line":34,"column":0},"end":{"line":34,"column":42}},"34":{"start":{"line":35,"column":0},"end":{"line":35,"column":46}},"35":{"start":{"line":36,"column":0},"end":{"line":36,"column":41}},"36":{"start":{"line":37,"column":0},"end":{"line":37,"column":48}},"37":{"start":{"line":38,"column":0},"end":{"line":38,"column":3}},"39":{"start":{"line":40,"column":0},"end":{"line":40,"column":41}},"40":{"start":{"line":41,"column":0},"end":{"line":41,"column":29}},"41":{"start":{"line":42,"column":0},"end":{"line":42,"column":3}},"43":{"start":{"line":44,"column":0},"end":{"line":44,"column":52}},"44":{"start":{"line":45,"column":0},"end":{"line":45,"column":30}},"45":{"start":{"line":46,"column":0},"end":{"line":46,"column":3}},"47":{"start":{"line":48,"column":0},"end":{"line":48,"column":29}},"48":{"start":{"line":49,"column":0},"end":{"line":49,"column":19}},"49":{"start":{"line":50,"column":0},"end":{"line":50,"column":17}},"50":{"start":{"line":51,"column":0},"end":{"line":51,"column":11}},"54":{"start":{"line":55,"column":0},"end":{"line":55,"column":11}},"55":{"start":{"line":56,"column":0},"end":{"line":56,"column":17}},"56":{"start":{"line":57,"column":0},"end":{"line":57,"column":49}},"57":{"start":{"line":58,"column":0},"end":{"line":58,"column":77}},"59":{"start":{"line":60,"column":0},"end":{"line":60,"column":62}},"60":{"start":{"line":61,"column":0},"end":{"line":61,"column":47}},"61":{"start":{"line":62,"column":0},"end":{"line":62,"column":73}},"63":{"start":{"line":64,"column":0},"end":{"line":64,"column":29}},"64":{"start":{"line":65,"column":0},"end":{"line":65,"column":11}},"65":{"start":{"line":66,"column":0},"end":{"line":66,"column":44}},"66":{"start":{"line":67,"column":0},"end":{"line":67,"column":39}},"67":{"start":{"line":68,"column":0},"end":{"line":68,"column":18}},"68":{"start":{"line":69,"column":0},"end":{"line":69,"column":80}},"69":{"start":{"line":70,"column":0},"end":{"line":70,"column":33}},"70":{"start":{"line":71,"column":0},"end":{"line":71,"column":36}},"71":{"start":{"line":72,"column":0},"end":{"line":72,"column":11}},"72":{"start":{"line":73,"column":0},"end":{"line":73,"column":21}},"73":{"start":{"line":74,"column":0},"end":{"line":74,"column":28}},"74":{"start":{"line":75,"column":0},"end":{"line":75,"column":41}},"75":{"start":{"line":76,"column":0},"end":{"line":76,"column":58}},"76":{"start":{"line":77,"column":0},"end":{"line":77,"column":19}},"77":{"start":{"line":78,"column":0},"end":{"line":78,"column":9}},"78":{"start":{"line":79,"column":0},"end":{"line":79,"column":82}},"79":{"start":{"line":80,"column":0},"end":{"line":80,"column":26}},"80":{"start":{"line":81,"column":0},"end":{"line":81,"column":23}},"81":{"start":{"line":82,"column":0},"end":{"line":82,"column":11}},"82":{"start":{"line":83,"column":0},"end":{"line":83,"column":17}},"83":{"start":{"line":84,"column":0},"end":{"line":84,"column":28}},"84":{"start":{"line":85,"column":0},"end":{"line":85,"column":7}},"86":{"start":{"line":87,"column":0},"end":{"line":87,"column":78}},"87":{"start":{"line":88,"column":0},"end":{"line":88,"column":56}},"88":{"start":{"line":89,"column":0},"end":{"line":89,"column":17}},"89":{"start":{"line":90,"column":0},"end":{"line":90,"column":7}},"91":{"start":{"line":92,"column":0},"end":{"line":92,"column":45}},"92":{"start":{"line":93,"column":0},"end":{"line":93,"column":5}},"94":{"start":{"line":95,"column":0},"end":{"line":95,"column":72}},"95":{"start":{"line":96,"column":0},"end":{"line":96,"column":3}},"97":{"start":{"line":98,"column":0},"end":{"line":98,"column":19}},"98":{"start":{"line":99,"column":0},"end":{"line":99,"column":17}},"99":{"start":{"line":100,"column":0},"end":{"line":100,"column":67}},"100":{"start":
[...]
"end":{"line":162,"column":1}},"locations":[{"start":{"line":23,"column":23},"end":{"line":162,"column":1}}]},"1":{"type":"branch","line":31,"loc":{"start":{"line":31,"column":2},"end":{"line":38,"column":3}},"locations":[{"start":{"line":31,"column":2},"end":{"line":38,"column":3}}]},"2":{"type":"branch","line":36,"loc":{"start":{"line":36,"column":24},"end":{"line":36,"column":41}},"locations":[{"start":{"line":36,"column":24},"end":{"line":36,"column":41}}]},"3":{"type":"branch","line":37,"loc":{"start":{"line":37,"column":24},"end":{"line":37,"column":48}},"locations":[{"start":{"line":37,"column":24},"end":{"line":37,"column":48}}]},"4":{"type":"branch","line":40,"loc":{"start":{"line":40,"column":2},"end":{"line":42,"column":3}},"locations":[{"start":{"line":40,"column":2},"end":{"line":42,"column":3}}]},"5":{"type":"branch","line":44,"loc":{"start":{"line":44,"column":2},"end":{"line":46,"column":3}},"locations":[{"start":{"line":44,"column":2},"end":{"line":46,"column":3}}]},"6":{"type":"branch","line":48,"loc":{"start":{"line":48,"column":2},"end":{"line":96,"column":3}},"locations":[{"start":{"line":48,"column":2},"end":{"line":96,"column":3}}]},"7":{"type":"branch","line":60,"loc":{"start":{"line":60,"column":61},"end":{"line":93,"column":5}},"locations":[{"start":{"line":60,"column":61},"end":{"line":93,"column":5}}]},"8":{"type":"branch","line":69,"loc":{"start":{"line":69,"column":30},"end":{"line":69,"column":70}},"locations":[{"start":{"line":69,"column":30},"end":{"line":69,"column":70}}]},"9":{"type":"branch","line":69,"loc":{"start":{"line":69,"column":66},"end":{"line":69,"column":80}},"locations":[{"start":{"line":69,"column":66},"end":{"line":69,"column":80}}]},"10":{"type":"branch","line":72,"loc":{"start":{"line":72,"column":9},"end":{"line":73,"column":15}},"locations":[{"start":{"line":72,"column":9},"end":{"line":73,"column":15}}]},"11":{"type":"branch","line":73,"loc":{"start":{"line":73,"column":6},"end":{"line":83,"column":8}},"locations":[{"start":{"line":73,"column":6},"end":{"line":83,"column":8}}]},"12":{"type":"branch","line":75,"loc":{"start":{"line":75,"column":40},"end":{"line":78,"column":9}},"locations":[{"start":{"line":75,"column":40},"end":{"line":78,"column":9}}]},"13":{"type":"branch","line":78,"loc":{"start":{"line":78,"column":8},"end":{"line":79,"column":68}},"locations":[{"start":{"line":78,"column":8},"end":{"line":79,"column":68}}]},"14":{"type":"branch","line":79,"loc":{"start":{"line":79,"column":58},"end":{"line":79,"column":81}},"locations":[{"start":{"line":79,"column":58},"end":{"line":79,"column":81}}]},"15":{"type":"branch","line":83,"loc":{"start":{"line":83,"column":6},"end":{"line":83,"column":8}},"locations":[{"start":{"line":83,"column":6},"end":{"line":83,"column":8}}]},"16":{"type":"branch","line":85,"loc":{"start":{"line":85,"column":6},"end":{"line":87,"column":49}},"locations":[{"start":{"line":85,"column":6},"end":{"line":87,"column":49}}]},"17":{"type":"branch","line":87,"loc":{"start":{"line":87,"column":44},"end":{"line":87,"column":77}},"locations":[{"start":{"line":87,"column":44},"end":{"line":87,"column":77}}]},"18":{"type":"branch","line":87,"loc":{"start":{"line":87,"column":77},"end":{"line":90,"column":7}},"locations":[{"start":{"line":87,"column":77},"end":{"line":90,"column":7}}]},"19":{"type":"branch","line":90,"loc":{"start":{"line":90,"column":6},"end":{"line":93,"column":5}},"locations":[{"start":{"line":90,"column":6},"end":{"line":93,"column":5}}]},"20":{"type":"branch","line":93,"loc":{"start":{"line":93,"column":4},"end":{"line":95,"column":72}},"locations":[{"start":{"line":93,"column":4},"end":{"line":95,"column":72}}]},"21":{"type":"branch","line":98,"loc":{"start":{"line":98,"column":10},"end":{"line":109,"column":3}},"locations":[{"start":{"line":98,"column":10},"end":{"line":109,"column":3}}]},"22":{"type":"branch","line":102,"loc":{"start":{"line":102,"column":59},"end":{"line":102,"column":69}},"locations":[{"start":{"line":102,"column":59},"end":{"line":102,"column":69}}]},"23":{"type":"branch","line":103,"loc":{"start":{"line":103,"column":16},"end":{"line":107,"column":5}},"locations":[{"start":{"line":103,"column":16},"end":{"line":107,"column":5}}]},"24":{"type":"branch","line":104,"loc":{"start":{"line":104,"column":51},"end":{"line":106,"column":7}},"locations":[{"start":{"line":104,"column":51},"end":{"line":106,"column":7}}]},"25":{"type":"branch","line":111,"loc":{"start":{"line":111,"column":10},"end":{"line":126,"column":3}},"locations":[{"start":{"line":111,"column":10},"end":{"line":126,"column":3}}]},"26":{"type":"branch","line":116,"loc":{"start":{"line":116,"column":17},"end":{"line":116,"column":62}},"locations":[{"start":{"line":116,"column":17},"end":{"line":116,"column":62}}]},"27":{"type":"branch","line":117,"loc":{"start":{"line":117,"column":21},"end":{"line":117,"column":72}},"locations":[{"start":{"line":117,"column":21},"end":{"line":117,"column":72}}]},"28":{"type":"branch","line":118,"loc":{"start":{"line":118,"column":15},"end":{"line":122,"column":5}},"locations":[{"start":{"line":118,"column":15},"end":{"line":122,"column":5}}]},"29":{"type":"branch","line":128,"loc":{"start":{"line":128,"column":2},"end":{"line":161,"column":3}},"locations":[{"start":{"line":128,"column":2},"end":{"line":161,"column":3}}]},"30":{"type":"branch","line":129,"loc":{"start":{"line":129,"column":33},"end":{"line":131,"column":5}},"locations":[{"start":{"line":129,"column":33},"end":{"line":131,"column":5}}]},"31":{"type":"branch","line":131,"loc":{"start":{"line":131,"column":4},"end":{"line":143,"column":57}},"locations":[{"start":{"line":131,"column":4},"end":{"line":143,"column":57}}]},"32":{"type":"branch","line":138,"loc":{"start":{"line":138,"column":6},"end":{"line":140,"column":7}},"locations":[{"start":{"line":138,"column":6},"end":{"line":140,"column":7}}]},"33":{"type":"branch","line":143,"loc":{"start":{"line":143,"column":57},"end":{"line":152,"column":5}},"locations":[{"start":{"line":143,"column":57},"end":{"line":152,"column":5}}]},"34":{"type":"branch","line":150,"loc":{"start":{"line":150,"column":6},"end":{"line":152,"column":5}},"locations":[{"start":{"line":150,"column":6},"end":{"line":152,"column":5}}]},"35":{"type":"branch","line":152,"loc":{"start":{"line":152,"column":4},"end":{"line":159,"column":8}},"locations":[{"start":{"line":152,"column":4},"end":{"line":159,"column":8}}]},"36":{"type":"branch","line":152,"loc":{"start":{"line":152,"column":4},"end":{"line":155,"column":17}},"locations":[{"start":{"line":152,"column":4},"end":{"line":155,"column":17}}]},"37":{"type":"branch","line":155,"loc":{"start":{"line":155,"column":6},"end":{"line":159,"column":8}},"locations":[{"start":{"line":155,"column":6},"end":{"line":159,"column":8}}]},"38":{"type":"branch","line":158,"loc":{"start":{"line":158,"column":46},"end":{"line":158,"column":80}},"locations":[{"start":{"line":158,"column":46},"end":{"line":158,"column":80}}]}},"b":{"0":[82],"1":[82],"2":[0],"3":[0],"4":[8],"5":[9],"6":[82],"7":[90],"8":[32],"9":[58],"10":[86],"11":[4],"12":[3],"13":[1],"14":[0],"15":[86],"16":[86],"17":[6],"18":[5],"19":[81],"20":[8],"21":[82],"22":[0],"23":[5],"24":[6],"25":[82],"26":[32],"27":[58],"28":[1],"29":[81],"30":[5],"31":[76],"32":[1],"33":[63],"34":[0],"35":[32],"36":[13],"37":[1],"38":[0]},"fnMap":{"0":{"name":"defaultSleep","decl":{"start":{"line":20,"column":21},"end":{"line":21,"column":52}},"loc":{"start":{"line":20,"column":21},"end":{"line":21,"column":52}},"line":20},"1":{"name":"<instance_members_initializer>","decl":{"start":{"line":23,"column":23},"end":{"line":162,"column":1}},"loc":{"start":{"line":23,"column":23},"end":{"line":162,"column":1}},"line":23},"2":{"name":"Transport","decl":{"start":{"line":31,"column":2},"end":{"line":38,"column":3}},"loc":{"start":{"line":31,"column":2},"end":{"line":38,"column":3}},"line":31},"3":{"name":"getSessionToken","decl":{"start":{"line":40,"column":2},"end":{"line":42,"column":3}},"loc":{"start":{"line":40,"column":2},"end":{"line":42,"column":3}},"line":40},"4":{"name":"setSessionToken","decl":{"start":{"line":44,"column":2},"end":{"line":46,"column":3}},"loc":{"start":{"line":44,"column":2},"end":{"line":46,"column":3}},"line":44},"5":{"name":"request","decl":{"start":{"line":48,"column":2},"end":{"line":96,"column":3}},"loc":{"start":{"line":48,"column":2},"end":{"line":96,"column":3}},"line":48},"6":{"name":"buildUrl","decl":{"start":{"line":98,"column":10},"end":{"line":109,"column":3}},"loc":{"start":{"line":98,"column":10},"end":{"line":109,"column":3}},"line":98},"7":{"name":"buildHeaders","decl":{"start":{"line":111,"column":10},"end":{"line":126,"column":3}},"loc":{"start":{"line":111,"column":10},"end":{"line":126,"column":3}},"line":111},"8":{"name":"parseResponse","decl":{"start":{"line":128,"column":2},"end":{"line":161,"column":3}},"loc":{"start":{"line":128,"column":2},"end":{"line":161,"column":3}},"line":128}},"f":{"0":0,"1":82,"2":82,"3":8,"4":9,"5":82,"6":82,"7":82,"8":81}}
,"/Users/sri/Documents/tennetctl/sdk/typescript/src/vault.ts": {"path":"/Users/sri/Documents/tennetctl/sdk/typescript/src/vault.ts","all":false,"statementMap":{"2":{"start":{"line":3,"column":0},"end":{"line":3,"column":27}},"3":{"start":{"line":4,"column":0},"end":{"line":4,"column":47}},"5":{"start":{"line":6,"column":0},"end":{"line":6,"column":13}},"6":{"start":{"line":7,"column":0},"end":{"line":7,"column":72}},"7":{"start":{"line":8,"column":0},"end":{"line":8,"column":46}},"8":{"start":{"line":9,"column":0},"end":{"line":9,"column":77}},"9":{"start":{"line":10,"column":0},"end":{"line":10,"column":85}},"10":{"start":{"line":11,"column":0},"end":{"line":11,"column":91}},"11":{"start":{"line":12,"column":0},"end":{"line":12,"column":62}},"12":{"start":{"line":13,"column":0},"end":{"line":13,"column":7}},"13":{"start":{"line":14,"column":0},"end":{"line":14,"column":43}},"14":{"start":{"line":15,"column":0},"end":{"line":15,"column":3}},"16":{"start":{"line":17,"column":0},"end":{"line":17,"column":60}},"17":{"start":{"line":18,"column":0},"end":{"line":18,"column":53}},"18":{"start":{"line":19,"column":0},"end":{"line":19,"column":3}},"20":{"start":{"line":21,"column":0},"end":{"line":21,"column":22}},"24":{"start":{"line":25,"column":0},"end":{"line":25,"column":40}},"25":{"start":{"line":26,"column":0},"end":{"line":26,"column":79}},"26":{"start":{"line":27,"column":0},"end":{"line":27,"column":76}},"27":{"start":{"line":28,"column":0},"end":{"line":28,"column":57}},"28":{"start":{"line":29,"column":0},"end":{"line":29,"column":3}},"30":{"start":{"line":31,"column":0},"end":{"line":31,"column":88}},"31":{"start":{"line":32,"column":0},"end":{"line":32,"column":94}},"32":{"start":{"line":33,"column":0},"end":{"line":33,"column":3}},"34":{"start":{"line":35,"column":0},"end":{"line":35,"column":44}},"35":{"start":{"line":36,"column":0},"end":{"line":36,"column":55}},"36":{"start":{"line":37,"column":0},"end":{"line":37,"column":3}},"37":{"start":{"line":38,"column":0},"end":{"line":38,"column":1}},"39":{"start":{"line":40,"column":0},"end":{"line":40,"column":27}},"40":{"start":{"line":41,"column":0},"end":{"line":41,"column":47}},"42":{"start":{"line":43,"column":0},"end":{"line":43,"column":13}},"43":{"start":{"line":44,"column":0},"end":{"line":44,"column":72}},"44":{"start":{"line":45,"column":0},"end":{"line":45,"column":46}},"45":{"start":{"line":46,"column":0},"end":{"line":46,"column":77}},"46":{"start":{"line":47,"column":0},"end":{"line":47,"column":85}},"47":{"start":{"line":48,"column":0},"end":{"line":48,"column":99}},"48":{"start":{"line":49,"column":0},"end":{"line":49,"column":62}},"49":{"start":{"line":50,"column":0},"end":{"line":50,"column":7}},"50":{"start":{"line":51,"column":0},"end":{"line":51,"column":43}},"51":{"start":{"line":52,"column":0},"end":{"line":52,"column":3}},"53":{"start":{"line":54,"column":0},"end":{"line":54,"column":65}},"54":{"start":{"line":55,"column":0},"end":{"line":55,"column":66}},"55":{"start":{"line":56,"column":0},"end":{"line":56,"column":3}},"57":{"start":{"line":58,"column":0},"end":{"line":58,"column":81}},"58":{"start":{"line":59,"column":0},"end":{"line":59,"column":65}},"59":{"start":{"line":60,"column":0},"end":{"line":60,"column":3}},"61":{"start":{"line":62,"column":0},"end":{"line":62,"column":100}},"62":{"start":{"line":63,"column":0},"end":{"line":63,"column":85}},"63":{"start":{"line":64,"column":0},"end":{"line":64,"column":3}},"65":{"start":{"line":66,"column":0},"end":{"line":66,"column":49}},"66":{"start":{"line":67,"column":0},"end":{"line":67,"column":68}},"67":{"start":{"line":68,"column":0},"end":{"line":68,"column":3}},"68":{"start":{"line":69,"column":0},"end":{"line":69,"column":1}},"70":{"start":{"line":71,"column":0},"end":{"line":71,"column":20}},"71":{"start":{"line":72,"column":0},"end":{"line":72,"column":33}},"72":{"start":{"line":73,"column":0},"end":{"line":73,"column":33}},"73":{"start":{"line":74,"column":0},"end":{"line":74,"column":29}},"74":{"start":{"line":75,"column":0},"end":{"line":75,"column":39}},"75":{"start":{"line":76,"column":0},"end":{"line":76,"column":39}},"76":{"start":{"line":77,"column":0},"end":{"line":77,"column":3}},"77":{"start":{"line":78,"column":0},"end":{"line":78,"column":1}}},"s":{"2":1,"3":1,"5":1,"6":1,"7":1,"8":1,"9":1,"10":1,"11":1,"12":1,"13":1,"14":1,"16":1,"17":1,"18":1,"20":1,"24":1,"25":1,"26":1,"27":1,"28":1,"30":1,"31":1,"32":1,"34":1,"35":1,"36":1,"37":1,"39":1,"40":1,"42":1,"43":1,"44":1,"45":1,"46":1,"47":1,"48":1,"49":1,"50":1,"51":1,"53":1,"54":1,"55":1,"57":1,"58":1,"59":1,"61":1,"62":1,"63":1,"65":1,"66":1,"67":1,"68":1,"70":1,"71":82,"72":82,"73":82,"74":82,"75":82,"76":82,"77":82},"branchMap":{"0":{"type":"branch","line":4,"loc":{"start":{"line":4,"column":2},"end":{"line":4,"column":47}},"locations":[{"start":{"line":4,"column":2},"end":{"line":4,"column":47}}]},"1":{"type":"branch","line":6,"loc":{"start":{"line":6,"column":2},"end":{"line":15,"column":3}},"locations":[{"start":{"line":6,"column":2},"end":{"line":15,"column":3}}]},"2":{"type":"branch","line":10,"loc":{"start":{"line":10,"column":50},"end":{"line":10,"column":85}},"locations":[{"start":{"line":10,"column":50},"end":{"line":10,"column":85}}]},"3":{"type":"branch","line":12,"loc":{"start":{"line":12,"column":34},"end":{"line":12,"column":52}},"locations":[{"start":{"line":12,"column":34},"end":{"line":12,"column":52}}]},"4":{"type":"branch","line":14,"loc":{"start":{"line":14,"column":33},"end":{"line":14,"column":43}},"locations":[{"start":{"line":14,"column":33},"end":{"line":14,"column":43}}]},"5":{"type":"branch","line":17,"loc":{"start":{"line":17,"column":2},"end":{"line":19,"column":3}},"locations":[{"start":{"line":17,"column":2},"end":{"line":19,"column":3}}]},"6":{"type":"branch","line":21,"loc":{"start":{"line":21,"column":2},"end":{"line":29,"column":3}},"locations":[{"start":{"line":21,"column":2},"end":{"line":29,"column":3}}]},"7":{"type":"branch","line":31,"loc":{"start":{"line":31,"column":2},"end":{"line":33,"column":3}},"locations":[{"start":{"line":31,"column":2},"end":{"line":33,"column":3}}]},"8":{"type":"branch","line":35,"loc":{"start":{"line":35,"column":2},"end":{"line":37,"column":3}},"locations":[{"start":{"line":35,"column":2},"end":{"line":37,"column":3}}]},"9":{"type":"branch","line":41,"loc":{"start":{"line":41,"column":2},"end":{"line":41,"column":47}},"locations":[{"start":{"line":41,"column":2},"end":{"line":41,"column":47}}]},"10":{"type":"branch","line":43,"loc":{"start":{"line":43,"column":2},"end":{"line":52,"column":3}},"locations":[{"start":{"line":43,"column":2},"end":{"line":52,"column":3}}]},"11":{"type":"branch","line":47,"loc":{"start":{"line":47,"column":50},"end":{"line":47,"column":85}},"locations":[{"start":{"line":47,"column":50},"end":{"line":47,"column":85}}]},"12":{"type":"branch","line":49,"loc":{"start":{"line":49,"column":34},"end":{"line":49,"column":52}},"locations":[{"start":{"line":49,"column":34},"end":{"line":49,"column":52}}]},"13":{"type":"branch","line":51,"loc":{"start":{"line":51,"column":33},"end":{"line":51,"column":43}},"locations":[{"start":{"line":51,"column":33},"end":{"line":51,"column":43}}]},"14":{"type":"branch","line":54,"loc":{"start":{"line":54,"column":2},"end":{"line":56,"column":3}},"locations":[{"start":{"line":54,"column":2},"end":{"line":56,"column":3}}]},"15":{"type":"branch","line":58,"loc":{"start":{"line":58,"column":2},"end":{"line":60,"column":3}},"locations":[{"start":{"line":58,"column":2},"end":{"line":60,"column":3}}]},"16":{"type":"branch","line":62,"loc":{"start":{"line":62,"column":2},"end":{"line":64,"column":3}},"locations":[{"start":{"line":62,"column":2},"end":{"line":64,"column":3}}]},"17":{"type":"branch","line":66,"loc":{"start":{"line":66,"column":2},"end":{"line":68,"column":3}},"locations":[{"start":{"line":66,"column":2},"end":{"line":68,"column":3}}]},"18":{"type":"branch","line":71,"loc":{"start":{"line":71,"column":19},"end":{"line":78,"column":1}},"locations":[{"start":{"line":71,"column":19},"end":{"line":78,"column":1}}]},"19":{"type":"branch","line":74,"loc":{"start":{"line":74,"column":2},"end":{"line":77,"column":3}},"locations":[{"start":{"line":74,"column":2},"end":{"line":77,"column":3}}]}},"b":{"0":[82],"1":[1],"2":[0],"3":[0],"4":[0],"5":[1],"6":[1],"7":[1],"8":[1],"9":[82],"10":[1],"11":[0],"12":[0],"13":[0],"14":[1],"15":[1],"16":[1],"17":[1],"18":[82],"19":[82]},"fnMap":{"0":{"name":"VaultSecrets","decl":{"start":{"line":4,"column":2},"end":{"line":4,"column":47}},"loc":{"start":{"line":4,"column":2},"end":{"line":4,"column":47}},"line":4},"1":{"name":"list","decl":{"start":{"line":6,"column":2},"end":{"line":15,"column":3}},"loc":{"start":{"line":6,"column":2},"end":{"line":15,"column":3}},"line":6},"2":{"name":"get","decl":{"start":{"line":17,"column":2},"end":{"line":19,"column":3}},"loc":{"start":{"line":17,"column":2},"end":{"line":19,"column":3}},"line":17},"3":{"name":"create","decl":{"start":{"line":21,"column":2},"end":{"line":29,"column":3}},"loc":{"start":{"line":21,"column":2},"end":{"line":29,"column":3}},"line":21},"4":{"name":"rotate","decl":{"start":{"line":31,"column":2},"end":{"line":33,"column":3}},"loc":{"start":{"line":31,"column":2},"end":{"line":33,"column":3}},"line":31},"5":{"name":"delete","decl":{"start":{"line":35,"column":2},"end":{"line":37,"column":3}},"loc":{"start":{"line":35,"column":2},"end":{"line":37,"column":3}},"line":35},"6":{"name":"VaultConfigs","decl":{"start":{"line":41,"column":2},"end":{"line":41,"column":47}},"loc":{"start":{"line":41,"column":2},"end":{"line":41,"column":47}},"line":41},"7":{"name":"list","decl":{"start":{"line":43,"column":2},"end":{"line":52,"column":3}},"loc":{"start":{"line":43,"column":2},"end":{"line":52,"column":3}},"line":43},"8":{"name":"get","decl":{"start":{"line":54,"column":2},"end":{"line":56,"column":3}},"loc":{"start":{"line":54,"column":2},"end":{"line":56,"column":3}},"line":54},"9":{"name":"create","decl":{"start":{"line":58,"column":2},"end":{"line":60,"column":3}},"loc":{"start":{"line":58,"column":2},"end":{"line":60,"column":3}},"line":58},"10":{"name":"update","decl":{"start":{"line":62,"column":2},"end":{"line":64,"column":3}},"loc":{"start":{"line":62,"column":2},"end":{"line":64,"column":3}},"line":62},"11":{"name":"delete","decl":{"start":{"line":66,"column":2},"end":{"line":68,"column":3}},"loc":{"start":{"line":66,"column":2},"end":{"line":68,"column":3}},"line":66},"12":{"name":"<instance_members_initializer>","decl":{"start":{"line":71,"column":19},"end":{"line":78,"column":1}},"loc":{"start":{"line":71,"column":19},"end":{"line":78,"column":1}},"line":71},"13":{"name":"Vault","decl":{"start":{"line":74,"column":2},"end":{"line":77,"column":3}},"loc":{"start":{"line":74,"column":2},"end":{"line":77,"column":3}},"line":74}},"f":{"0":82,"1":1,"2":1,"3":1,"4":1,"5":1,"6":82,"7":1,"8":1,"9":1,"10":1,"11":1,"12":82,"13":82}}
}
